CRITICAL - 2022-02-21 18:42:34 --> Invalid argument supplied for foreach()
#0 C:\Users\João Vitor\Documents\engclinicaci4\app\Views\setor\index.php(102): CodeIgniter\Debug\Exceptions->errorHandler(2, 'Invalid argumen...', 'C:\\Users\\Jo\xC3\xA3o ...', 102, Array)
#1 C:\Users\João Vitor\Documents\engclinicaci4\system\View\View.php(246): include('C:\\Users\\Jo\xC3\xA3o ...')
#2 C:\Users\João Vitor\Documents\engclinicaci4\system\Common.php(1119): CodeIgniter\View\View->render('setor/index', Array, true)
#3 C:\Users\João Vitor\Documents\engclinicaci4\app\Controllers\Setor.php(10): view('setor/index')
#4 C:\Users\João Vitor\Documents\engclinicaci4\system\CodeIgniter.php(918): App\Controllers\Setor->index()
#5 C:\Users\João Vitor\Documents\engclinicaci4\system\CodeIgniter.php(404): CodeIgniter\CodeIgniter->runController(Object(App\Controllers\Setor))
#6 C:\Users\João Vitor\Documents\engclinicaci4\system\CodeIgniter.php(312): CodeIgniter\CodeIgniter->handleRequest(NULL, Object(Config\Cache), false)
#7 C:\Users\João Vitor\Documents\engclinicaci4\public\index.php(45): CodeIgniter\CodeIgniter->run()
#8 C:\Users\João Vitor\Documents\engclinicaci4\system\Commands\Server\rewrite.php(34): require_once('C:\\Users\\Jo\xC3\xA3o ...')
#9 {main}
CRITICAL - 2022-02-21 18:43:53 --> Call to a member function findAll() on null
#0 C:\Users\João Vitor\Documents\engclinicaci4\system\CodeIgniter.php(918): App\Controllers\Setor->index()
#1 C:\Users\João Vitor\Documents\engclinicaci4\system\CodeIgniter.php(404): CodeIgniter\CodeIgniter->runController(Object(App\Controllers\Setor))
#2 C:\Users\João Vitor\Documents\engclinicaci4\system\CodeIgniter.php(312): CodeIgniter\CodeIgniter->handleRequest(NULL, Object(Config\Cache), false)
#3 C:\Users\João Vitor\Documents\engclinicaci4\public\index.php(45): CodeIgniter\CodeIgniter->run()
#4 C:\Users\João Vitor\Documents\engclinicaci4\system\Commands\Server\rewrite.php(34): require_once('C:\\Users\\Jo\xC3\xA3o ...')
#5 {main}
CRITICAL - 2022-02-21 18:43:54 --> Call to a member function findAll() on null
#0 C:\Users\João Vitor\Documents\engclinicaci4\system\CodeIgniter.php(918): App\Controllers\Setor->index()
#1 C:\Users\João Vitor\Documents\engclinicaci4\system\CodeIgniter.php(404): CodeIgniter\CodeIgniter->runController(Object(App\Controllers\Setor))
#2 C:\Users\João Vitor\Documents\engclinicaci4\system\CodeIgniter.php(312): CodeIgniter\CodeIgniter->handleRequest(NULL, Object(Config\Cache), false)
#3 C:\Users\João Vitor\Documents\engclinicaci4\public\index.php(45): CodeIgniter\CodeIgniter->run()
#4 C:\Users\João Vitor\Documents\engclinicaci4\system\Commands\Server\rewrite.php(34): require_once('C:\\Users\\Jo\xC3\xA3o ...')
#5 {main}
CRITICAL - 2022-02-21 18:44:23 --> Call to a member function findAll() on null
#0 C:\Users\João Vitor\Documents\engclinicaci4\system\CodeIgniter.php(918): App\Controllers\Setor->index()
#1 C:\Users\João Vitor\Documents\engclinicaci4\system\CodeIgniter.php(404): CodeIgniter\CodeIgniter->runController(Object(App\Controllers\Setor))
#2 C:\Users\João Vitor\Documents\engclinicaci4\system\CodeIgniter.php(312): CodeIgniter\CodeIgniter->handleRequest(NULL, Object(Config\Cache), false)
#3 C:\Users\João Vitor\Documents\engclinicaci4\public\index.php(45): CodeIgniter\CodeIgniter->run()
#4 C:\Users\João Vitor\Documents\engclinicaci4\system\Commands\Server\rewrite.php(34): require_once('C:\\Users\\Jo\xC3\xA3o ...')
#5 {main}
CRITICAL - 2022-02-21 18:45:55 --> Call to a member function findAll() on null
#0 C:\Users\João Vitor\Documents\engclinicaci4\system\CodeIgniter.php(918): App\Controllers\Setor->index()
#1 C:\Users\João Vitor\Documents\engclinicaci4\system\CodeIgniter.php(404): CodeIgniter\CodeIgniter->runController(Object(App\Controllers\Setor))
#2 C:\Users\João Vitor\Documents\engclinicaci4\system\CodeIgniter.php(312): CodeIgniter\CodeIgniter->handleRequest(NULL, Object(Config\Cache), false)
#3 C:\Users\João Vitor\Documents\engclinicaci4\public\index.php(45): CodeIgniter\CodeIgniter->run()
#4 C:\Users\João Vitor\Documents\engclinicaci4\system\Commands\Server\rewrite.php(34): require_once('C:\\Users\\Jo\xC3\xA3o ...')
#5 {main}
CRITICAL - 2022-02-21 18:52:05 --> Cannot add or update a child row: a foreign key constraint fails (`engclinica`.`setor`, CONSTRAINT `fk_setor_usuario` FOREIGN KEY (`fk_usuario`) REFERENCES `usuario` (`id`) ON UPDATE CASCADE)
#0 C:\Users\João Vitor\Documents\engclinicaci4\system\Database\MySQLi\Connection.php(331): mysqli->query('INSERT INTO `se...')
#1 C:\Users\João Vitor\Documents\engclinicaci4\system\Database\BaseConnection.php(741): CodeIgniter\Database\MySQLi\Connection->execute('INSERT INTO `se...')
#2 C:\Users\João Vitor\Documents\engclinicaci4\system\Database\BaseConnection.php(669): CodeIgniter\Database\BaseConnection->simpleQuery('INSERT INTO `se...')
#3 C:\Users\João Vitor\Documents\engclinicaci4\system\Database\BaseBuilder.php(2249): CodeIgniter\Database\BaseConnection->query('INSERT INTO `se...', Array, false)
#4 C:\Users\João Vitor\Documents\engclinicaci4\system\Model.php(755): CodeIgniter\Database\BaseBuilder->insert()
#5 C:\Users\João Vitor\Documents\engclinicaci4\system\Model.php(574): CodeIgniter\Model->insert(Array, false)
#6 C:\Users\João Vitor\Documents\engclinicaci4\app\Controllers\Setor.php(39): CodeIgniter\Model->save(Array)
#7 C:\Users\João Vitor\Documents\engclinicaci4\system\CodeIgniter.php(918): App\Controllers\Setor->create()
#8 C:\Users\João Vitor\Documents\engclinicaci4\system\CodeIgniter.php(404): CodeIgniter\CodeIgniter->runController(Object(App\Controllers\Setor))
#9 C:\Users\João Vitor\Documents\engclinicaci4\system\CodeIgniter.php(312): CodeIgniter\CodeIgniter->handleRequest(NULL, Object(Config\Cache), false)
#10 C:\Users\João Vitor\Documents\engclinicaci4\public\index.php(45): CodeIgniter\CodeIgniter->run()
#11 C:\Users\João Vitor\Documents\engclinicaci4\system\Commands\Server\rewrite.php(34): require_once('C:\\Users\\Jo\xC3\xA3o ...')
#12 {main}
