CRITICAL - 2021-12-19 04:03:24 --> Unable to connect to the database.
#0 C:\Users\João Vitor\Documents\engclinicaci4\system\Database\BaseConnection.php(646): CodeIgniter\Database\BaseConnection->initialize()
#1 C:\Users\João Vitor\Documents\engclinicaci4\system\Database\BaseBuilder.php(1860): CodeIgniter\Database\BaseConnection->query('SELECT *\nFROM `...', Array, false)
#2 C:\Users\João Vitor\Documents\engclinicaci4\system\Model.php(506): CodeIgniter\Database\BaseBuilder->get()
#3 C:\Users\João Vitor\Documents\engclinicaci4\app\Models\UsuarioModel.php(64): CodeIgniter\Model->first()
#4 C:\Users\João Vitor\Documents\engclinicaci4\app\Controllers\Login.php(23): App\Models\UsuarioModel->getByEmail('joaovitormonsor...')
#5 C:\Users\João Vitor\Documents\engclinicaci4\system\CodeIgniter.php(918): App\Controllers\Login->signIn()
#6 C:\Users\João Vitor\Documents\engclinicaci4\system\CodeIgniter.php(404): CodeIgniter\CodeIgniter->runController(Object(App\Controllers\Login))
#7 C:\Users\João Vitor\Documents\engclinicaci4\system\CodeIgniter.php(312): CodeIgniter\CodeIgniter->handleRequest(NULL, Object(Config\Cache), false)
#8 C:\Users\João Vitor\Documents\engclinicaci4\public\index.php(45): CodeIgniter\CodeIgniter->run()
#9 C:\Users\João Vitor\Documents\engclinicaci4\system\Commands\Server\rewrite.php(34): require_once('C:\\Users\\Jo\xC3\xA3o ...')
#10 {main}
CRITICAL - 2021-12-19 04:03:41 --> Unable to connect to the database.
#0 C:\Users\João Vitor\Documents\engclinicaci4\system\Database\BaseConnection.php(646): CodeIgniter\Database\BaseConnection->initialize()
#1 C:\Users\João Vitor\Documents\engclinicaci4\system\Database\BaseBuilder.php(1860): CodeIgniter\Database\BaseConnection->query('SELECT *\nFROM `...', Array, false)
#2 C:\Users\João Vitor\Documents\engclinicaci4\system\Model.php(506): CodeIgniter\Database\BaseBuilder->get()
#3 C:\Users\João Vitor\Documents\engclinicaci4\app\Models\UsuarioModel.php(64): CodeIgniter\Model->first()
#4 C:\Users\João Vitor\Documents\engclinicaci4\app\Controllers\Login.php(23): App\Models\UsuarioModel->getByEmail('joaovitormonsor...')
#5 C:\Users\João Vitor\Documents\engclinicaci4\system\CodeIgniter.php(918): App\Controllers\Login->signIn()
#6 C:\Users\João Vitor\Documents\engclinicaci4\system\CodeIgniter.php(404): CodeIgniter\CodeIgniter->runController(Object(App\Controllers\Login))
#7 C:\Users\João Vitor\Documents\engclinicaci4\system\CodeIgniter.php(312): CodeIgniter\CodeIgniter->handleRequest(NULL, Object(Config\Cache), false)
#8 C:\Users\João Vitor\Documents\engclinicaci4\public\index.php(45): CodeIgniter\CodeIgniter->run()
#9 C:\Users\João Vitor\Documents\engclinicaci4\system\Commands\Server\rewrite.php(34): require_once('C:\\Users\\Jo\xC3\xA3o ...')
#10 {main}
CRITICAL - 2021-12-19 04:03:45 --> Unable to connect to the database.
#0 C:\Users\João Vitor\Documents\engclinicaci4\system\Database\BaseConnection.php(646): CodeIgniter\Database\BaseConnection->initialize()
#1 C:\Users\João Vitor\Documents\engclinicaci4\system\Database\BaseBuilder.php(1860): CodeIgniter\Database\BaseConnection->query('SELECT *\nFROM `...', Array, false)
#2 C:\Users\João Vitor\Documents\engclinicaci4\system\Model.php(506): CodeIgniter\Database\BaseBuilder->get()
#3 C:\Users\João Vitor\Documents\engclinicaci4\app\Models\UsuarioModel.php(64): CodeIgniter\Model->first()
#4 C:\Users\João Vitor\Documents\engclinicaci4\app\Controllers\Login.php(23): App\Models\UsuarioModel->getByEmail('joaovitormonsor...')
#5 C:\Users\João Vitor\Documents\engclinicaci4\system\CodeIgniter.php(918): App\Controllers\Login->signIn()
#6 C:\Users\João Vitor\Documents\engclinicaci4\system\CodeIgniter.php(404): CodeIgniter\CodeIgniter->runController(Object(App\Controllers\Login))
#7 C:\Users\João Vitor\Documents\engclinicaci4\system\CodeIgniter.php(312): CodeIgniter\CodeIgniter->handleRequest(NULL, Object(Config\Cache), false)
#8 C:\Users\João Vitor\Documents\engclinicaci4\public\index.php(45): CodeIgniter\CodeIgniter->run()
#9 C:\Users\João Vitor\Documents\engclinicaci4\system\Commands\Server\rewrite.php(34): require_once('C:\\Users\\Jo\xC3\xA3o ...')
#10 {main}
CRITICAL - 2021-12-19 08:19:02 --> Invalid file: relatorio/rodape.php
#0 C:\Users\João Vitor\Documents\engclinicaci4\system\View\View.php(228): CodeIgniter\Exceptions\FrameworkException::forInvalidFile('relatorio/rodap...')
#1 C:\Users\João Vitor\Documents\engclinicaci4\system\Common.php(1119): CodeIgniter\View\View->render('relatorio/rodap...', Array, true)
#2 C:\Users\João Vitor\Documents\engclinicaci4\app\Controllers\Relatorio.php(24): view('relatorio/rodap...')
#3 C:\Users\João Vitor\Documents\engclinicaci4\system\CodeIgniter.php(918): App\Controllers\Relatorio->index()
#4 C:\Users\João Vitor\Documents\engclinicaci4\system\CodeIgniter.php(404): CodeIgniter\CodeIgniter->runController(Object(App\Controllers\Relatorio))
#5 C:\Users\João Vitor\Documents\engclinicaci4\system\CodeIgniter.php(312): CodeIgniter\CodeIgniter->handleRequest(NULL, Object(Config\Cache), false)
#6 C:\Users\João Vitor\Documents\engclinicaci4\public\index.php(45): CodeIgniter\CodeIgniter->run()
#7 C:\Users\João Vitor\Documents\engclinicaci4\system\Commands\Server\rewrite.php(34): require_once('C:\\Users\\Jo\xC3\xA3o ...')
#8 {main}
CRITICAL - 2021-12-19 13:03:38 --> Use of undefined constant URL - assumed 'URL' (this will throw an Error in a future version of PHP)
#0 C:\Users\João Vitor\Documents\engclinicaci4\app\Views\equipamento\ordem.php(137): CodeIgniter\Debug\Exceptions->errorHandler(2, 'Use of undefine...', 'C:\\Users\\Jo\xC3\xA3o ...', 137, Array)
#1 C:\Users\João Vitor\Documents\engclinicaci4\system\View\View.php(246): include('C:\\Users\\Jo\xC3\xA3o ...')
#2 C:\Users\João Vitor\Documents\engclinicaci4\system\Common.php(1119): CodeIgniter\View\View->render('equipamento/ord...', Array, true)
#3 C:\Users\João Vitor\Documents\engclinicaci4\app\Controllers\Equipamento.php(143): view('equipamento/ord...', Array)
#4 C:\Users\João Vitor\Documents\engclinicaci4\system\CodeIgniter.php(918): App\Controllers\Equipamento->ordem('1')
#5 C:\Users\João Vitor\Documents\engclinicaci4\system\CodeIgniter.php(404): CodeIgniter\CodeIgniter->runController(Object(App\Controllers\Equipamento))
#6 C:\Users\João Vitor\Documents\engclinicaci4\system\CodeIgniter.php(312): CodeIgniter\CodeIgniter->handleRequest(NULL, Object(Config\Cache), false)
#7 C:\Users\João Vitor\Documents\engclinicaci4\public\index.php(45): CodeIgniter\CodeIgniter->run()
#8 C:\Users\João Vitor\Documents\engclinicaci4\system\Commands\Server\rewrite.php(34): require_once('C:\\Users\\Jo\xC3\xA3o ...')
#9 {main}
