CRITICAL - 2021-09-22 07:17:02 --> Undefined variable: pager
#0 C:\xampp\htdocs\crud_basicao\app\Views\cliente.php(36): CodeIgniter\Debug\Exceptions->errorHandler(8, 'Undefined varia...', 'C:\\xampp\\htdocs...', 36, Array)
#1 C:\xampp\htdocs\crud_basicao\system\View\View.php(214): include('C:\\xampp\\htdocs...')
#2 C:\xampp\htdocs\crud_basicao\system\View\View.php(217): CodeIgniter\View\View->CodeIgniter\View\{closure}()
#3 C:\xampp\htdocs\crud_basicao\system\Common.php(1092): CodeIgniter\View\View->render('cliente', Array, true)
#4 C:\xampp\htdocs\crud_basicao\app\Controllers\Cliente.php(20): view('cliente', Array)
#5 C:\xampp\htdocs\crud_basicao\system\CodeIgniter.php(802): App\Controllers\Cliente->index()
#6 C:\xampp\htdocs\crud_basicao\system\CodeIgniter.php(399): CodeIgniter\CodeIgniter->runController(Object(App\Controllers\Cliente))
#7 C:\xampp\htdocs\crud_basicao\system\CodeIgniter.php(317): CodeIgniter\CodeIgniter->handleRequest(NULL, Object(Config\Cache), false)
#8 C:\xampp\htdocs\crud_basicao\public\index.php(37): CodeIgniter\CodeIgniter->run()
#9 C:\xampp\htdocs\crud_basicao\system\Commands\Server\rewrite.php(43): require_once('C:\\xampp\\htdocs...')
#10 {main}
CRITICAL - 2021-09-22 07:17:35 --> Undefined property: App\Controllers\Cliente::$categoriaModel
#0 C:\xampp\htdocs\crud_basicao\app\Controllers\Cliente.php(21): CodeIgniter\Debug\Exceptions->errorHandler(8, 'Undefined prope...', 'C:\\xampp\\htdocs...', 21, Array)
#1 C:\xampp\htdocs\crud_basicao\system\CodeIgniter.php(802): App\Controllers\Cliente->index()
#2 C:\xampp\htdocs\crud_basicao\system\CodeIgniter.php(399): CodeIgniter\CodeIgniter->runController(Object(App\Controllers\Cliente))
#3 C:\xampp\htdocs\crud_basicao\system\CodeIgniter.php(317): CodeIgniter\CodeIgniter->handleRequest(NULL, Object(Config\Cache), false)
#4 C:\xampp\htdocs\crud_basicao\public\index.php(37): CodeIgniter\CodeIgniter->run()
#5 C:\xampp\htdocs\crud_basicao\system\Commands\Server\rewrite.php(43): require_once('C:\\xampp\\htdocs...')
#6 {main}
CRITICAL - 2021-09-22 07:18:03 --> bootstrap_pager is not a valid Pager template.
#0 C:\xampp\htdocs\crud_basicao\system\Pager\Pager.php(120): CodeIgniter\Pager\Exceptions\PagerException::forInvalidTemplate('bootstrap_pager')
#1 C:\xampp\htdocs\crud_basicao\system\Pager\Pager.php(83): CodeIgniter\Pager\Pager->displayLinks('default', 'bootstrap_pager')
#2 C:\xampp\htdocs\crud_basicao\app\Views\cliente.php(36): CodeIgniter\Pager\Pager->links('default', 'bootstrap_pager')
#3 C:\xampp\htdocs\crud_basicao\system\View\View.php(214): include('C:\\xampp\\htdocs...')
#4 C:\xampp\htdocs\crud_basicao\system\View\View.php(217): CodeIgniter\View\View->CodeIgniter\View\{closure}()
#5 C:\xampp\htdocs\crud_basicao\system\Common.php(1092): CodeIgniter\View\View->render('cliente', Array, true)
#6 C:\xampp\htdocs\crud_basicao\app\Controllers\Cliente.php(22): view('cliente', Array)
#7 C:\xampp\htdocs\crud_basicao\system\CodeIgniter.php(802): App\Controllers\Cliente->index()
#8 C:\xampp\htdocs\crud_basicao\system\CodeIgniter.php(399): CodeIgniter\CodeIgniter->runController(Object(App\Controllers\Cliente))
#9 C:\xampp\htdocs\crud_basicao\system\CodeIgniter.php(317): CodeIgniter\CodeIgniter->handleRequest(NULL, Object(Config\Cache), false)
#10 C:\xampp\htdocs\crud_basicao\public\index.php(37): CodeIgniter\CodeIgniter->run()
#11 C:\xampp\htdocs\crud_basicao\system\Commands\Server\rewrite.php(43): require_once('C:\\xampp\\htdocs...')
#12 {main}
CRITICAL - 2021-09-22 07:55:19 --> meu_template is not a valid Pager template.
#0 C:\xampp\htdocs\crud_basicao\system\Pager\Pager.php(120): CodeIgniter\Pager\Exceptions\PagerException::forInvalidTemplate('meu_template')
#1 C:\xampp\htdocs\crud_basicao\system\Pager\Pager.php(83): CodeIgniter\Pager\Pager->displayLinks('', 'meu_template')
#2 C:\xampp\htdocs\crud_basicao\app\Views\cliente.php(36): CodeIgniter\Pager\Pager->links('', 'meu_template')
#3 C:\xampp\htdocs\crud_basicao\system\View\View.php(214): include('C:\\xampp\\htdocs...')
#4 C:\xampp\htdocs\crud_basicao\system\View\View.php(217): CodeIgniter\View\View->CodeIgniter\View\{closure}()
#5 C:\xampp\htdocs\crud_basicao\system\Common.php(1092): CodeIgniter\View\View->render('cliente', Array, true)
#6 C:\xampp\htdocs\crud_basicao\app\Controllers\Cliente.php(24): view('cliente', Array)
#7 C:\xampp\htdocs\crud_basicao\system\CodeIgniter.php(802): App\Controllers\Cliente->index()
#8 C:\xampp\htdocs\crud_basicao\system\CodeIgniter.php(399): CodeIgniter\CodeIgniter->runController(Object(App\Controllers\Cliente))
#9 C:\xampp\htdocs\crud_basicao\system\CodeIgniter.php(317): CodeIgniter\CodeIgniter->handleRequest(NULL, Object(Config\Cache), false)
#10 C:\xampp\htdocs\crud_basicao\public\index.php(37): CodeIgniter\CodeIgniter->run()
#11 C:\xampp\htdocs\crud_basicao\system\Commands\Server\rewrite.php(43): require_once('C:\\xampp\\htdocs...')
#12 {main}
CRITICAL - 2021-09-22 07:57:17 --> meu_template is not a valid Pager template.
#0 C:\xampp\htdocs\crud_basicao\system\Pager\Pager.php(120): CodeIgniter\Pager\Exceptions\PagerException::forInvalidTemplate('meu_template')
#1 C:\xampp\htdocs\crud_basicao\system\Pager\Pager.php(83): CodeIgniter\Pager\Pager->displayLinks('default', 'meu_template')
#2 C:\xampp\htdocs\crud_basicao\app\Views\cliente.php(36): CodeIgniter\Pager\Pager->links('default', 'meu_template')
#3 C:\xampp\htdocs\crud_basicao\system\View\View.php(214): include('C:\\xampp\\htdocs...')
#4 C:\xampp\htdocs\crud_basicao\system\View\View.php(217): CodeIgniter\View\View->CodeIgniter\View\{closure}()
#5 C:\xampp\htdocs\crud_basicao\system\Common.php(1092): CodeIgniter\View\View->render('cliente', Array, true)
#6 C:\xampp\htdocs\crud_basicao\app\Controllers\Cliente.php(24): view('cliente', Array)
#7 C:\xampp\htdocs\crud_basicao\system\CodeIgniter.php(802): App\Controllers\Cliente->index()
#8 C:\xampp\htdocs\crud_basicao\system\CodeIgniter.php(399): CodeIgniter\CodeIgniter->runController(Object(App\Controllers\Cliente))
#9 C:\xampp\htdocs\crud_basicao\system\CodeIgniter.php(317): CodeIgniter\CodeIgniter->handleRequest(NULL, Object(Config\Cache), false)
#10 C:\xampp\htdocs\crud_basicao\public\index.php(37): CodeIgniter\CodeIgniter->run()
#11 C:\xampp\htdocs\crud_basicao\system\Commands\Server\rewrite.php(43): require_once('C:\\xampp\\htdocs...')
#12 {main}
CRITICAL - 2021-09-22 07:57:29 --> meu_template is not a valid Pager template.
#0 C:\xampp\htdocs\crud_basicao\system\Pager\Pager.php(120): CodeIgniter\Pager\Exceptions\PagerException::forInvalidTemplate('meu_template')
#1 C:\xampp\htdocs\crud_basicao\system\Pager\Pager.php(83): CodeIgniter\Pager\Pager->displayLinks('default', 'meu_template')
#2 C:\xampp\htdocs\crud_basicao\app\Views\cliente.php(36): CodeIgniter\Pager\Pager->links('default', 'meu_template')
#3 C:\xampp\htdocs\crud_basicao\system\View\View.php(214): include('C:\\xampp\\htdocs...')
#4 C:\xampp\htdocs\crud_basicao\system\View\View.php(217): CodeIgniter\View\View->CodeIgniter\View\{closure}()
#5 C:\xampp\htdocs\crud_basicao\system\Common.php(1092): CodeIgniter\View\View->render('cliente', Array, true)
#6 C:\xampp\htdocs\crud_basicao\app\Controllers\Cliente.php(24): view('cliente', Array)
#7 C:\xampp\htdocs\crud_basicao\system\CodeIgniter.php(802): App\Controllers\Cliente->index()
#8 C:\xampp\htdocs\crud_basicao\system\CodeIgniter.php(399): CodeIgniter\CodeIgniter->runController(Object(App\Controllers\Cliente))
#9 C:\xampp\htdocs\crud_basicao\system\CodeIgniter.php(317): CodeIgniter\CodeIgniter->handleRequest(NULL, Object(Config\Cache), false)
#10 C:\xampp\htdocs\crud_basicao\public\index.php(37): CodeIgniter\CodeIgniter->run()
#11 C:\xampp\htdocs\crud_basicao\system\Commands\Server\rewrite.php(43): require_once('C:\\xampp\\htdocs...')
#12 {main}
