CRITICAL - 2021-12-08 16:26:52 --> Unable to connect to the database.
#0 C:\Users\João Vitor\Documents\hello\system\Database\BaseConnection.php(646): CodeIgniter\Database\BaseConnection->initialize()
#1 C:\Users\João Vitor\Documents\hello\system\Database\BaseBuilder.php(1952): CodeIgniter\Database\BaseConnection->query('SELECT COUNT(*)...', Array, false)
#2 C:\Users\João Vitor\Documents\hello\system\Model.php(1673): CodeIgniter\Database\BaseBuilder->countAllResults(false)
#3 C:\Users\João Vitor\Documents\hello\system\Model.php(1176): CodeIgniter\Model->countAllResults(false)
#4 C:\Users\João Vitor\Documents\hello\app\Controllers\Usuario.php(29): CodeIgniter\Model->paginate(10)
#5 C:\Users\João Vitor\Documents\hello\system\CodeIgniter.php(918): App\Controllers\Usuario->index()
#6 C:\Users\João Vitor\Documents\hello\system\CodeIgniter.php(404): CodeIgniter\CodeIgniter->runController(Object(App\Controllers\Usuario))
#7 C:\Users\João Vitor\Documents\hello\system\CodeIgniter.php(312): CodeIgniter\CodeIgniter->handleRequest(NULL, Object(Config\Cache), false)
#8 C:\Users\João Vitor\Documents\hello\public\index.php(45): CodeIgniter\CodeIgniter->run()
#9 C:\Users\João Vitor\Documents\hello\system\Commands\Server\rewrite.php(34): require_once('C:\\Users\\Jo\xC3\xA3o ...')
#10 {main}
CRITICAL - 2021-12-08 16:26:56 --> Unable to connect to the database.
#0 C:\Users\João Vitor\Documents\hello\system\Database\BaseConnection.php(646): CodeIgniter\Database\BaseConnection->initialize()
#1 C:\Users\João Vitor\Documents\hello\system\Database\BaseBuilder.php(1952): CodeIgniter\Database\BaseConnection->query('SELECT COUNT(*)...', Array, false)
#2 C:\Users\João Vitor\Documents\hello\system\Model.php(1673): CodeIgniter\Database\BaseBuilder->countAllResults(false)
#3 C:\Users\João Vitor\Documents\hello\system\Model.php(1176): CodeIgniter\Model->countAllResults(false)
#4 C:\Users\João Vitor\Documents\hello\app\Controllers\Usuario.php(29): CodeIgniter\Model->paginate(10)
#5 C:\Users\João Vitor\Documents\hello\system\CodeIgniter.php(918): App\Controllers\Usuario->index()
#6 C:\Users\João Vitor\Documents\hello\system\CodeIgniter.php(404): CodeIgniter\CodeIgniter->runController(Object(App\Controllers\Usuario))
#7 C:\Users\João Vitor\Documents\hello\system\CodeIgniter.php(312): CodeIgniter\CodeIgniter->handleRequest(NULL, Object(Config\Cache), false)
#8 C:\Users\João Vitor\Documents\hello\public\index.php(45): CodeIgniter\CodeIgniter->run()
#9 C:\Users\João Vitor\Documents\hello\system\Commands\Server\rewrite.php(34): require_once('C:\\Users\\Jo\xC3\xA3o ...')
#10 {main}
CRITICAL - 2021-12-08 16:27:00 --> Unable to connect to the database.
#0 C:\Users\João Vitor\Documents\hello\system\Database\BaseConnection.php(646): CodeIgniter\Database\BaseConnection->initialize()
#1 C:\Users\João Vitor\Documents\hello\system\Database\BaseBuilder.php(1952): CodeIgniter\Database\BaseConnection->query('SELECT COUNT(*)...', Array, false)
#2 C:\Users\João Vitor\Documents\hello\system\Model.php(1673): CodeIgniter\Database\BaseBuilder->countAllResults(false)
#3 C:\Users\João Vitor\Documents\hello\system\Model.php(1176): CodeIgniter\Model->countAllResults(false)
#4 C:\Users\João Vitor\Documents\hello\app\Controllers\Usuario.php(29): CodeIgniter\Model->paginate(10)
#5 C:\Users\João Vitor\Documents\hello\system\CodeIgniter.php(918): App\Controllers\Usuario->index()
#6 C:\Users\João Vitor\Documents\hello\system\CodeIgniter.php(404): CodeIgniter\CodeIgniter->runController(Object(App\Controllers\Usuario))
#7 C:\Users\João Vitor\Documents\hello\system\CodeIgniter.php(312): CodeIgniter\CodeIgniter->handleRequest(NULL, Object(Config\Cache), false)
#8 C:\Users\João Vitor\Documents\hello\public\index.php(45): CodeIgniter\CodeIgniter->run()
#9 C:\Users\João Vitor\Documents\hello\system\Commands\Server\rewrite.php(34): require_once('C:\\Users\\Jo\xC3\xA3o ...')
#10 {main}
CRITICAL - 2021-12-08 16:27:04 --> Unable to connect to the database.
#0 C:\Users\João Vitor\Documents\hello\system\Database\BaseConnection.php(646): CodeIgniter\Database\BaseConnection->initialize()
#1 C:\Users\João Vitor\Documents\hello\system\Database\BaseBuilder.php(1952): CodeIgniter\Database\BaseConnection->query('SELECT COUNT(*)...', Array, false)
#2 C:\Users\João Vitor\Documents\hello\system\Model.php(1673): CodeIgniter\Database\BaseBuilder->countAllResults(false)
#3 C:\Users\João Vitor\Documents\hello\system\Model.php(1176): CodeIgniter\Model->countAllResults(false)
#4 C:\Users\João Vitor\Documents\hello\app\Controllers\Usuario.php(29): CodeIgniter\Model->paginate(10)
#5 C:\Users\João Vitor\Documents\hello\system\CodeIgniter.php(918): App\Controllers\Usuario->index()
#6 C:\Users\João Vitor\Documents\hello\system\CodeIgniter.php(404): CodeIgniter\CodeIgniter->runController(Object(App\Controllers\Usuario))
#7 C:\Users\João Vitor\Documents\hello\system\CodeIgniter.php(312): CodeIgniter\CodeIgniter->handleRequest(NULL, Object(Config\Cache), false)
#8 C:\Users\João Vitor\Documents\hello\public\index.php(45): CodeIgniter\CodeIgniter->run()
#9 C:\Users\João Vitor\Documents\hello\system\Commands\Server\rewrite.php(34): require_once('C:\\Users\\Jo\xC3\xA3o ...')
#10 {main}
CRITICAL - 2021-12-08 16:27:14 --> Unable to connect to the database.
#0 C:\Users\João Vitor\Documents\hello\system\Database\BaseConnection.php(646): CodeIgniter\Database\BaseConnection->initialize()
#1 C:\Users\João Vitor\Documents\hello\system\Database\BaseBuilder.php(1952): CodeIgniter\Database\BaseConnection->query('SELECT COUNT(*)...', Array, false)
#2 C:\Users\João Vitor\Documents\hello\system\Model.php(1673): CodeIgniter\Database\BaseBuilder->countAllResults(false)
#3 C:\Users\João Vitor\Documents\hello\system\Model.php(1176): CodeIgniter\Model->countAllResults(false)
#4 C:\Users\João Vitor\Documents\hello\app\Controllers\Usuario.php(29): CodeIgniter\Model->paginate(10)
#5 C:\Users\João Vitor\Documents\hello\system\CodeIgniter.php(918): App\Controllers\Usuario->index()
#6 C:\Users\João Vitor\Documents\hello\system\CodeIgniter.php(404): CodeIgniter\CodeIgniter->runController(Object(App\Controllers\Usuario))
#7 C:\Users\João Vitor\Documents\hello\system\CodeIgniter.php(312): CodeIgniter\CodeIgniter->handleRequest(NULL, Object(Config\Cache), false)
#8 C:\Users\João Vitor\Documents\hello\public\index.php(45): CodeIgniter\CodeIgniter->run()
#9 C:\Users\João Vitor\Documents\hello\system\Commands\Server\rewrite.php(34): require_once('C:\\Users\\Jo\xC3\xA3o ...')
#10 {main}
CRITICAL - 2021-12-08 16:27:19 --> mysqli::__construct(): (HY000/2002): Nenhuma conexão pôde ser feita porque a máquina de destino as recusou ativamente.

#0 [internal function]: CodeIgniter\Debug\Exceptions->errorHandler(2, 'mysqli::__const...', 'C:\\Users\\Jo\xC3\xA3o ...', 7, Array)
#1 C:\Users\João Vitor\Documents\hello\public\conexao.php(7): mysqli->__construct('localhost', 'root', '', 'engclinica')
#2 C:\Users\João Vitor\Documents\hello\app\Views\home\index.php(30): include('C:\\Users\\Jo\xC3\xA3o ...')
#3 C:\Users\João Vitor\Documents\hello\system\View\View.php(246): include('C:\\Users\\Jo\xC3\xA3o ...')
#4 C:\Users\João Vitor\Documents\hello\system\Common.php(1119): CodeIgniter\View\View->render('home/index', Array, true)
#5 C:\Users\João Vitor\Documents\hello\app\Controllers\Home.php(10): view('home/index')
#6 C:\Users\João Vitor\Documents\hello\system\CodeIgniter.php(918): App\Controllers\Home->index()
#7 C:\Users\João Vitor\Documents\hello\system\CodeIgniter.php(404): CodeIgniter\CodeIgniter->runController(Object(App\Controllers\Home))
#8 C:\Users\João Vitor\Documents\hello\system\CodeIgniter.php(312): CodeIgniter\CodeIgniter->handleRequest(NULL, Object(Config\Cache), false)
#9 C:\Users\João Vitor\Documents\hello\public\index.php(45): CodeIgniter\CodeIgniter->run()
#10 C:\Users\João Vitor\Documents\hello\system\Commands\Server\rewrite.php(34): require_once('C:\\Users\\Jo\xC3\xA3o ...')
#11 {main}
CRITICAL - 2021-12-08 16:36:47 --> Invalid argument supplied for foreach()
#0 C:\Users\João Vitor\Documents\hello\app\Views\relatorio.php(81): CodeIgniter\Debug\Exceptions->errorHandler(2, 'Invalid argumen...', 'C:\\Users\\Jo\xC3\xA3o ...', 81, Array)
#1 C:\Users\João Vitor\Documents\hello\system\View\View.php(246): include('C:\\Users\\Jo\xC3\xA3o ...')
#2 C:\Users\João Vitor\Documents\hello\system\Common.php(1119): CodeIgniter\View\View->render('relatorio', Array, true)
#3 C:\Users\João Vitor\Documents\hello\app\Controllers\ControllerBoku.php(21): view('relatorio')
#4 C:\Users\João Vitor\Documents\hello\system\CodeIgniter.php(918): App\Controllers\ControllerBoku->index()
#5 C:\Users\João Vitor\Documents\hello\system\CodeIgniter.php(404): CodeIgniter\CodeIgniter->runController(Object(App\Controllers\ControllerBoku))
#6 C:\Users\João Vitor\Documents\hello\system\CodeIgniter.php(312): CodeIgniter\CodeIgniter->handleRequest(NULL, Object(Config\Cache), false)
#7 C:\Users\João Vitor\Documents\hello\public\index.php(45): CodeIgniter\CodeIgniter->run()
#8 C:\Users\João Vitor\Documents\hello\system\Commands\Server\rewrite.php(34): require_once('C:\\Users\\Jo\xC3\xA3o ...')
#9 {main}
CRITICAL - 2021-12-08 16:44:18 --> Invalid file: v_boku.php
#0 C:\Users\João Vitor\Documents\hello\system\View\View.php(228): CodeIgniter\Exceptions\FrameworkException::forInvalidFile('v_boku.php')
#1 C:\Users\João Vitor\Documents\hello\system\Common.php(1119): CodeIgniter\View\View->render('v_boku', Array, true)
#2 C:\Users\João Vitor\Documents\hello\app\Controllers\ControllerBoku.php(30): view('v_boku', Array)
#3 C:\Users\João Vitor\Documents\hello\system\CodeIgniter.php(918): App\Controllers\ControllerBoku->printpdf()
#4 C:\Users\João Vitor\Documents\hello\system\CodeIgniter.php(404): CodeIgniter\CodeIgniter->runController(Object(App\Controllers\ControllerBoku))
#5 C:\Users\João Vitor\Documents\hello\system\CodeIgniter.php(312): CodeIgniter\CodeIgniter->handleRequest(NULL, Object(Config\Cache), false)
#6 C:\Users\João Vitor\Documents\hello\public\index.php(45): CodeIgniter\CodeIgniter->run()
#7 C:\Users\João Vitor\Documents\hello\system\Commands\Server\rewrite.php(34): require_once('C:\\Users\\Jo\xC3\xA3o ...')
#8 {main}
CRITICAL - 2021-12-08 16:44:38 --> Invalid file: reçatorio.php
#0 C:\Users\João Vitor\Documents\hello\system\View\View.php(228): CodeIgniter\Exceptions\FrameworkException::forInvalidFile('re\xC3\xA7atorio.php')
#1 C:\Users\João Vitor\Documents\hello\system\Common.php(1119): CodeIgniter\View\View->render('re\xC3\xA7atorio', Array, true)
#2 C:\Users\João Vitor\Documents\hello\app\Controllers\ControllerBoku.php(30): view('re\xC3\xA7atorio', Array)
#3 C:\Users\João Vitor\Documents\hello\system\CodeIgniter.php(918): App\Controllers\ControllerBoku->printpdf()
#4 C:\Users\João Vitor\Documents\hello\system\CodeIgniter.php(404): CodeIgniter\CodeIgniter->runController(Object(App\Controllers\ControllerBoku))
#5 C:\Users\João Vitor\Documents\hello\system\CodeIgniter.php(312): CodeIgniter\CodeIgniter->handleRequest(NULL, Object(Config\Cache), false)
#6 C:\Users\João Vitor\Documents\hello\public\index.php(45): CodeIgniter\CodeIgniter->run()
#7 C:\Users\João Vitor\Documents\hello\system\Commands\Server\rewrite.php(34): require_once('C:\\Users\\Jo\xC3\xA3o ...')
#8 {main}
CRITICAL - 2021-12-08 17:02:14 --> syntax error, unexpected 'endforeach' (T_ENDFOREACH), expecting end of file
#0 C:\Users\João Vitor\Documents\hello\system\Common.php(1119): CodeIgniter\View\View->render('relatorio', Array, true)
#1 C:\Users\João Vitor\Documents\hello\app\Controllers\Relatorio.php(21): view('relatorio')
#2 C:\Users\João Vitor\Documents\hello\system\CodeIgniter.php(918): App\Controllers\Relatorio->index()
#3 C:\Users\João Vitor\Documents\hello\system\CodeIgniter.php(404): CodeIgniter\CodeIgniter->runController(Object(App\Controllers\Relatorio))
#4 C:\Users\João Vitor\Documents\hello\system\CodeIgniter.php(312): CodeIgniter\CodeIgniter->handleRequest(NULL, Object(Config\Cache), false)
#5 C:\Users\João Vitor\Documents\hello\public\index.php(45): CodeIgniter\CodeIgniter->run()
#6 C:\Users\João Vitor\Documents\hello\system\Commands\Server\rewrite.php(34): require_once('C:\\Users\\Jo\xC3\xA3o ...')
#7 {main}
