CRITICAL - 2021-12-05 12:33:01 --> Table 'engclinica.equipamentos' doesn't exist
#0 C:\Users\João Vitor\Documents\hello\system\Database\MySQLi\Connection.php(331): mysqli->query('SELECT *\nFROM `...')
#1 C:\Users\João Vitor\Documents\hello\system\Database\BaseConnection.php(741): CodeIgniter\Database\MySQLi\Connection->execute('SELECT *\nFROM `...')
#2 C:\Users\João Vitor\Documents\hello\system\Database\BaseConnection.php(669): CodeIgniter\Database\BaseConnection->simpleQuery('SELECT *\nFROM `...')
#3 C:\Users\João Vitor\Documents\hello\system\Database\BaseBuilder.php(1860): CodeIgniter\Database\BaseConnection->query('SELECT *\nFROM `...', Array, false)
#4 C:\Users\João Vitor\Documents\hello\app\Models\BokuModel.php(5): CodeIgniter\Database\BaseBuilder->get()
#5 C:\Users\João Vitor\Documents\hello\app\Controllers\ControllerBoku.php(25): App\Models\BokuModel->AllData()
#6 C:\Users\João Vitor\Documents\hello\system\CodeIgniter.php(918): App\Controllers\ControllerBoku->printpdf()
#7 C:\Users\João Vitor\Documents\hello\system\CodeIgniter.php(404): CodeIgniter\CodeIgniter->runController(Object(App\Controllers\ControllerBoku))
#8 C:\Users\João Vitor\Documents\hello\system\CodeIgniter.php(312): CodeIgniter\CodeIgniter->handleRequest(NULL, Object(Config\Cache), false)
#9 C:\Users\João Vitor\Documents\hello\public\index.php(45): CodeIgniter\CodeIgniter->run()
#10 C:\Users\João Vitor\Documents\hello\system\Commands\Server\rewrite.php(34): require_once('C:\\Users\\Jo\xC3\xA3o ...')
#11 {main}
CRITICAL - 2021-12-05 13:01:44 --> Invalid argument supplied for foreach()
#0 C:\Users\João Vitor\Documents\hello\app\Views\v_boku.php(96): CodeIgniter\Debug\Exceptions->errorHandler(2, 'Invalid argumen...', 'C:\\Users\\Jo\xC3\xA3o ...', 96, Array)
#1 C:\Users\João Vitor\Documents\hello\system\View\View.php(246): include('C:\\Users\\Jo\xC3\xA3o ...')
#2 C:\Users\João Vitor\Documents\hello\system\Common.php(1119): CodeIgniter\View\View->render('v_boku', Array, true)
#3 C:\Users\João Vitor\Documents\hello\app\Controllers\ControllerBoku.php(19): view('v_boku')
#4 C:\Users\João Vitor\Documents\hello\system\CodeIgniter.php(918): App\Controllers\ControllerBoku->index()
#5 C:\Users\João Vitor\Documents\hello\system\CodeIgniter.php(404): CodeIgniter\CodeIgniter->runController(Object(App\Controllers\ControllerBoku))
#6 C:\Users\João Vitor\Documents\hello\system\CodeIgniter.php(312): CodeIgniter\CodeIgniter->handleRequest(NULL, Object(Config\Cache), false)
#7 C:\Users\João Vitor\Documents\hello\public\index.php(45): CodeIgniter\CodeIgniter->run()
#8 C:\Users\João Vitor\Documents\hello\system\Commands\Server\rewrite.php(34): require_once('C:\\Users\\Jo\xC3\xA3o ...')
#9 {main}
CRITICAL - 2021-12-05 13:06:04 --> Invalid argument supplied for foreach()
#0 C:\Users\João Vitor\Documents\hello\app\Views\v_boku.php(96): CodeIgniter\Debug\Exceptions->errorHandler(2, 'Invalid argumen...', 'C:\\Users\\Jo\xC3\xA3o ...', 96, Array)
#1 C:\Users\João Vitor\Documents\hello\system\View\View.php(246): include('C:\\Users\\Jo\xC3\xA3o ...')
#2 C:\Users\João Vitor\Documents\hello\system\Common.php(1119): CodeIgniter\View\View->render('v_boku', Array, true)
#3 C:\Users\João Vitor\Documents\hello\app\Controllers\ControllerBoku.php(21): view('v_boku')
#4 C:\Users\João Vitor\Documents\hello\system\CodeIgniter.php(918): App\Controllers\ControllerBoku->index()
#5 C:\Users\João Vitor\Documents\hello\system\CodeIgniter.php(404): CodeIgniter\CodeIgniter->runController(Object(App\Controllers\ControllerBoku))
#6 C:\Users\João Vitor\Documents\hello\system\CodeIgniter.php(312): CodeIgniter\CodeIgniter->handleRequest(NULL, Object(Config\Cache), false)
#7 C:\Users\João Vitor\Documents\hello\public\index.php(45): CodeIgniter\CodeIgniter->run()
#8 C:\Users\João Vitor\Documents\hello\system\Commands\Server\rewrite.php(34): require_once('C:\\Users\\Jo\xC3\xA3o ...')
#9 {main}
CRITICAL - 2021-12-05 13:06:06 --> Invalid argument supplied for foreach()
#0 C:\Users\João Vitor\Documents\hello\app\Views\v_boku.php(96): CodeIgniter\Debug\Exceptions->errorHandler(2, 'Invalid argumen...', 'C:\\Users\\Jo\xC3\xA3o ...', 96, Array)
#1 C:\Users\João Vitor\Documents\hello\system\View\View.php(246): include('C:\\Users\\Jo\xC3\xA3o ...')
#2 C:\Users\João Vitor\Documents\hello\system\Common.php(1119): CodeIgniter\View\View->render('v_boku', Array, true)
#3 C:\Users\João Vitor\Documents\hello\app\Controllers\ControllerBoku.php(21): view('v_boku')
#4 C:\Users\João Vitor\Documents\hello\system\CodeIgniter.php(918): App\Controllers\ControllerBoku->index()
#5 C:\Users\João Vitor\Documents\hello\system\CodeIgniter.php(404): CodeIgniter\CodeIgniter->runController(Object(App\Controllers\ControllerBoku))
#6 C:\Users\João Vitor\Documents\hello\system\CodeIgniter.php(312): CodeIgniter\CodeIgniter->handleRequest(NULL, Object(Config\Cache), false)
#7 C:\Users\João Vitor\Documents\hello\public\index.php(45): CodeIgniter\CodeIgniter->run()
#8 C:\Users\João Vitor\Documents\hello\system\Commands\Server\rewrite.php(34): require_once('C:\\Users\\Jo\xC3\xA3o ...')
#9 {main}
CRITICAL - 2021-12-05 13:06:59 --> Invalid argument supplied for foreach()
#0 C:\Users\João Vitor\Documents\hello\app\Views\v_boku.php(96): CodeIgniter\Debug\Exceptions->errorHandler(2, 'Invalid argumen...', 'C:\\Users\\Jo\xC3\xA3o ...', 96, Array)
#1 C:\Users\João Vitor\Documents\hello\system\View\View.php(246): include('C:\\Users\\Jo\xC3\xA3o ...')
#2 C:\Users\João Vitor\Documents\hello\system\Common.php(1119): CodeIgniter\View\View->render('v_boku', Array, true)
#3 C:\Users\João Vitor\Documents\hello\app\Controllers\ControllerBoku.php(21): view('v_boku')
#4 C:\Users\João Vitor\Documents\hello\system\CodeIgniter.php(918): App\Controllers\ControllerBoku->index()
#5 C:\Users\João Vitor\Documents\hello\system\CodeIgniter.php(404): CodeIgniter\CodeIgniter->runController(Object(App\Controllers\ControllerBoku))
#6 C:\Users\João Vitor\Documents\hello\system\CodeIgniter.php(312): CodeIgniter\CodeIgniter->handleRequest(NULL, Object(Config\Cache), false)
#7 C:\Users\João Vitor\Documents\hello\public\index.php(45): CodeIgniter\CodeIgniter->run()
#8 C:\Users\João Vitor\Documents\hello\system\Commands\Server\rewrite.php(34): require_once('C:\\Users\\Jo\xC3\xA3o ...')
#9 {main}
CRITICAL - 2021-12-05 13:07:38 --> Invalid argument supplied for foreach()
#0 C:\Users\João Vitor\Documents\hello\app\Views\v_boku.php(96): CodeIgniter\Debug\Exceptions->errorHandler(2, 'Invalid argumen...', 'C:\\Users\\Jo\xC3\xA3o ...', 96, Array)
#1 C:\Users\João Vitor\Documents\hello\system\View\View.php(246): include('C:\\Users\\Jo\xC3\xA3o ...')
#2 C:\Users\João Vitor\Documents\hello\system\Common.php(1119): CodeIgniter\View\View->render('v_boku', Array, true)
#3 C:\Users\João Vitor\Documents\hello\app\Controllers\ControllerBoku.php(21): view('v_boku')
#4 C:\Users\João Vitor\Documents\hello\system\CodeIgniter.php(918): App\Controllers\ControllerBoku->index()
#5 C:\Users\João Vitor\Documents\hello\system\CodeIgniter.php(404): CodeIgniter\CodeIgniter->runController(Object(App\Controllers\ControllerBoku))
#6 C:\Users\João Vitor\Documents\hello\system\CodeIgniter.php(312): CodeIgniter\CodeIgniter->handleRequest(NULL, Object(Config\Cache), false)
#7 C:\Users\João Vitor\Documents\hello\public\index.php(45): CodeIgniter\CodeIgniter->run()
#8 C:\Users\João Vitor\Documents\hello\system\Commands\Server\rewrite.php(34): require_once('C:\\Users\\Jo\xC3\xA3o ...')
#9 {main}
CRITICAL - 2021-12-05 13:07:40 --> Invalid argument supplied for foreach()
#0 C:\Users\João Vitor\Documents\hello\app\Views\v_boku.php(96): CodeIgniter\Debug\Exceptions->errorHandler(2, 'Invalid argumen...', 'C:\\Users\\Jo\xC3\xA3o ...', 96, Array)
#1 C:\Users\João Vitor\Documents\hello\system\View\View.php(246): include('C:\\Users\\Jo\xC3\xA3o ...')
#2 C:\Users\João Vitor\Documents\hello\system\Common.php(1119): CodeIgniter\View\View->render('v_boku', Array, true)
#3 C:\Users\João Vitor\Documents\hello\app\Controllers\ControllerBoku.php(21): view('v_boku')
#4 C:\Users\João Vitor\Documents\hello\system\CodeIgniter.php(918): App\Controllers\ControllerBoku->index()
#5 C:\Users\João Vitor\Documents\hello\system\CodeIgniter.php(404): CodeIgniter\CodeIgniter->runController(Object(App\Controllers\ControllerBoku))
#6 C:\Users\João Vitor\Documents\hello\system\CodeIgniter.php(312): CodeIgniter\CodeIgniter->handleRequest(NULL, Object(Config\Cache), false)
#7 C:\Users\João Vitor\Documents\hello\public\index.php(45): CodeIgniter\CodeIgniter->run()
#8 C:\Users\João Vitor\Documents\hello\system\Commands\Server\rewrite.php(34): require_once('C:\\Users\\Jo\xC3\xA3o ...')
#9 {main}
