CRITICAL - 2022-03-09 16:20:00 --> Unable to connect to the database.
#0 C:\Users\João Vitor\Documents\engclinicaci4\system\Database\BaseConnection.php(646): CodeIgniter\Database\BaseConnection->initialize()
#1 C:\Users\João Vitor\Documents\engclinicaci4\system\Database\BaseBuilder.php(1860): CodeIgniter\Database\BaseConnection->query('SELECT *\nFROM `...', Array, false)
#2 C:\Users\João Vitor\Documents\engclinicaci4\system\Model.php(506): CodeIgniter\Database\BaseBuilder->get()
#3 C:\Users\João Vitor\Documents\engclinicaci4\app\Models\UsuarioModel.php(64): CodeIgniter\Model->first()
#4 C:\Users\João Vitor\Documents\engclinicaci4\app\Controllers\Login.php(25): App\Models\UsuarioModel->getByEmail('joaovitormonsor...')
#5 C:\Users\João Vitor\Documents\engclinicaci4\system\CodeIgniter.php(918): App\Controllers\Login->signIn()
#6 C:\Users\João Vitor\Documents\engclinicaci4\system\CodeIgniter.php(404): CodeIgniter\CodeIgniter->runController(Object(App\Controllers\Login))
#7 C:\Users\João Vitor\Documents\engclinicaci4\system\CodeIgniter.php(312): CodeIgniter\CodeIgniter->handleRequest(NULL, Object(Config\Cache), false)
#8 C:\Users\João Vitor\Documents\engclinicaci4\public\index.php(45): CodeIgniter\CodeIgniter->run()
#9 C:\Users\João Vitor\Documents\engclinicaci4\system\Commands\Server\rewrite.php(34): require_once('C:\\Users\\Jo\xC3\xA3o ...')
#10 {main}
CRITICAL - 2022-03-09 16:28:07 --> Class 'App\Models\BokuModel' not found
#0 C:\Users\João Vitor\Documents\engclinicaci4\system\CodeIgniter.php(890): App\Controllers\Relatorio->__construct()
#1 C:\Users\João Vitor\Documents\engclinicaci4\system\CodeIgniter.php(399): CodeIgniter\CodeIgniter->createController()
#2 C:\Users\João Vitor\Documents\engclinicaci4\system\CodeIgniter.php(312): CodeIgniter\CodeIgniter->handleRequest(NULL, Object(Config\Cache), false)
#3 C:\Users\João Vitor\Documents\engclinicaci4\public\index.php(45): CodeIgniter\CodeIgniter->run()
#4 C:\Users\João Vitor\Documents\engclinicaci4\system\Commands\Server\rewrite.php(34): require_once('C:\\Users\\Jo\xC3\xA3o ...')
#5 {main}
CRITICAL - 2022-03-09 16:28:35 --> Cannot add or update a child row: a foreign key constraint fails (`engclinica`.`equipamento`, CONSTRAINT `fk_equipamento_setor` FOREIGN KEY (`fk_setor`) REFERENCES `setor` (`id`) ON UPDATE CASCADE)
#0 C:\Users\João Vitor\Documents\engclinicaci4\system\Database\MySQLi\Connection.php(331): mysqli->query('INSERT INTO `eq...')
#1 C:\Users\João Vitor\Documents\engclinicaci4\system\Database\BaseConnection.php(741): CodeIgniter\Database\MySQLi\Connection->execute('INSERT INTO `eq...')
#2 C:\Users\João Vitor\Documents\engclinicaci4\system\Database\BaseConnection.php(669): CodeIgniter\Database\BaseConnection->simpleQuery('INSERT INTO `eq...')
#3 C:\Users\João Vitor\Documents\engclinicaci4\system\Database\BaseBuilder.php(2249): CodeIgniter\Database\BaseConnection->query('INSERT INTO `eq...', Array, false)
#4 C:\Users\João Vitor\Documents\engclinicaci4\system\Model.php(755): CodeIgniter\Database\BaseBuilder->insert()
#5 C:\Users\João Vitor\Documents\engclinicaci4\system\Model.php(574): CodeIgniter\Model->insert(Array, false)
#6 C:\Users\João Vitor\Documents\engclinicaci4\app\Controllers\Equipamento.php(61): CodeIgniter\Model->save(Array)
#7 C:\Users\João Vitor\Documents\engclinicaci4\system\CodeIgniter.php(918): App\Controllers\Equipamento->store()
#8 C:\Users\João Vitor\Documents\engclinicaci4\system\CodeIgniter.php(404): CodeIgniter\CodeIgniter->runController(Object(App\Controllers\Equipamento))
#9 C:\Users\João Vitor\Documents\engclinicaci4\system\CodeIgniter.php(312): CodeIgniter\CodeIgniter->handleRequest(NULL, Object(Config\Cache), false)
#10 C:\Users\João Vitor\Documents\engclinicaci4\public\index.php(45): CodeIgniter\CodeIgniter->run()
#11 C:\Users\João Vitor\Documents\engclinicaci4\system\Commands\Server\rewrite.php(34): require_once('C:\\Users\\Jo\xC3\xA3o ...')
#12 {main}
CRITICAL - 2022-03-09 16:45:19 --> Cannot add or update a child row: a foreign key constraint fails (`engclinica`.`setor`, CONSTRAINT `fk_setor_usuario` FOREIGN KEY (`fk_usuario`) REFERENCES `usuario` (`id`) ON UPDATE CASCADE)
#0 C:\Users\João Vitor\Documents\engclinicaci4\system\Database\MySQLi\Connection.php(331): mysqli->query('INSERT INTO `se...')
#1 C:\Users\João Vitor\Documents\engclinicaci4\system\Database\BaseConnection.php(741): CodeIgniter\Database\MySQLi\Connection->execute('INSERT INTO `se...')
#2 C:\Users\João Vitor\Documents\engclinicaci4\system\Database\BaseConnection.php(669): CodeIgniter\Database\BaseConnection->simpleQuery('INSERT INTO `se...')
#3 C:\Users\João Vitor\Documents\engclinicaci4\system\Database\BaseBuilder.php(2249): CodeIgniter\Database\BaseConnection->query('INSERT INTO `se...', Array, false)
#4 C:\Users\João Vitor\Documents\engclinicaci4\system\Model.php(755): CodeIgniter\Database\BaseBuilder->insert()
#5 C:\Users\João Vitor\Documents\engclinicaci4\system\Model.php(574): CodeIgniter\Model->insert(Array, false)
#6 C:\Users\João Vitor\Documents\engclinicaci4\app\Controllers\Setor.php(39): CodeIgniter\Model->save(Array)
#7 C:\Users\João Vitor\Documents\engclinicaci4\system\CodeIgniter.php(918): App\Controllers\Setor->create()
#8 C:\Users\João Vitor\Documents\engclinicaci4\system\CodeIgniter.php(404): CodeIgniter\CodeIgniter->runController(Object(App\Controllers\Setor))
#9 C:\Users\João Vitor\Documents\engclinicaci4\system\CodeIgniter.php(312): CodeIgniter\CodeIgniter->handleRequest(NULL, Object(Config\Cache), false)
#10 C:\Users\João Vitor\Documents\engclinicaci4\public\index.php(45): CodeIgniter\CodeIgniter->run()
#11 C:\Users\João Vitor\Documents\engclinicaci4\system\Commands\Server\rewrite.php(34): require_once('C:\\Users\\Jo\xC3\xA3o ...')
#12 {main}
CRITICAL - 2022-03-09 16:52:09 --> Cannot add or update a child row: a foreign key constraint fails (`engclinica`.`setor`, CONSTRAINT `fk_setor_usuario` FOREIGN KEY (`fk_usuario`) REFERENCES `usuario` (`id`) ON UPDATE CASCADE)
#0 C:\Users\João Vitor\Documents\engclinicaci4\system\Database\MySQLi\Connection.php(331): mysqli->query('INSERT INTO `se...')
#1 C:\Users\João Vitor\Documents\engclinicaci4\system\Database\BaseConnection.php(741): CodeIgniter\Database\MySQLi\Connection->execute('INSERT INTO `se...')
#2 C:\Users\João Vitor\Documents\engclinicaci4\system\Database\BaseConnection.php(669): CodeIgniter\Database\BaseConnection->simpleQuery('INSERT INTO `se...')
#3 C:\Users\João Vitor\Documents\engclinicaci4\system\Database\BaseBuilder.php(2249): CodeIgniter\Database\BaseConnection->query('INSERT INTO `se...', Array, false)
#4 C:\Users\João Vitor\Documents\engclinicaci4\system\Model.php(755): CodeIgniter\Database\BaseBuilder->insert()
#5 C:\Users\João Vitor\Documents\engclinicaci4\system\Model.php(574): CodeIgniter\Model->insert(Array, false)
#6 C:\Users\João Vitor\Documents\engclinicaci4\app\Controllers\Setor.php(39): CodeIgniter\Model->save(Array)
#7 C:\Users\João Vitor\Documents\engclinicaci4\system\CodeIgniter.php(918): App\Controllers\Setor->create()
#8 C:\Users\João Vitor\Documents\engclinicaci4\system\CodeIgniter.php(404): CodeIgniter\CodeIgniter->runController(Object(App\Controllers\Setor))
#9 C:\Users\João Vitor\Documents\engclinicaci4\system\CodeIgniter.php(312): CodeIgniter\CodeIgniter->handleRequest(NULL, Object(Config\Cache), false)
#10 C:\Users\João Vitor\Documents\engclinicaci4\public\index.php(45): CodeIgniter\CodeIgniter->run()
#11 C:\Users\João Vitor\Documents\engclinicaci4\system\Commands\Server\rewrite.php(34): require_once('C:\\Users\\Jo\xC3\xA3o ...')
#12 {main}
CRITICAL - 2022-03-09 17:09:26 --> Call to a member function findAll() on null
#0 C:\Users\João Vitor\Documents\engclinicaci4\system\CodeIgniter.php(918): App\Controllers\Setor->index()
#1 C:\Users\João Vitor\Documents\engclinicaci4\system\CodeIgniter.php(404): CodeIgniter\CodeIgniter->runController(Object(App\Controllers\Setor))
#2 C:\Users\João Vitor\Documents\engclinicaci4\system\CodeIgniter.php(312): CodeIgniter\CodeIgniter->handleRequest(NULL, Object(Config\Cache), false)
#3 C:\Users\João Vitor\Documents\engclinicaci4\public\index.php(45): CodeIgniter\CodeIgniter->run()
#4 C:\Users\João Vitor\Documents\engclinicaci4\system\Commands\Server\rewrite.php(34): require_once('C:\\Users\\Jo\xC3\xA3o ...')
#5 {main}
CRITICAL - 2022-03-09 17:09:45 --> syntax error, unexpected end of file
#0 C:\Users\João Vitor\Documents\engclinicaci4\system\Common.php(1119): CodeIgniter\View\View->render('setor/index', Array, true)
#1 C:\Users\João Vitor\Documents\engclinicaci4\app\Controllers\Setor.php(34): view('setor/index', Array)
#2 C:\Users\João Vitor\Documents\engclinicaci4\system\CodeIgniter.php(918): App\Controllers\Setor->index()
#3 C:\Users\João Vitor\Documents\engclinicaci4\system\CodeIgniter.php(404): CodeIgniter\CodeIgniter->runController(Object(App\Controllers\Setor))
#4 C:\Users\João Vitor\Documents\engclinicaci4\system\CodeIgniter.php(312): CodeIgniter\CodeIgniter->handleRequest(NULL, Object(Config\Cache), false)
#5 C:\Users\João Vitor\Documents\engclinicaci4\public\index.php(45): CodeIgniter\CodeIgniter->run()
#6 C:\Users\João Vitor\Documents\engclinicaci4\system\Commands\Server\rewrite.php(34): require_once('C:\\Users\\Jo\xC3\xA3o ...')
#7 {main}
CRITICAL - 2022-03-09 17:10:26 --> Cannot add or update a child row: a foreign key constraint fails (`engclinica`.`setor`, CONSTRAINT `fk_setor_usuario` FOREIGN KEY (`fk_usuario`) REFERENCES `usuario` (`id`) ON UPDATE CASCADE)
#0 C:\Users\João Vitor\Documents\engclinicaci4\system\Database\MySQLi\Connection.php(331): mysqli->query('INSERT INTO `se...')
#1 C:\Users\João Vitor\Documents\engclinicaci4\system\Database\BaseConnection.php(741): CodeIgniter\Database\MySQLi\Connection->execute('INSERT INTO `se...')
#2 C:\Users\João Vitor\Documents\engclinicaci4\system\Database\BaseConnection.php(669): CodeIgniter\Database\BaseConnection->simpleQuery('INSERT INTO `se...')
#3 C:\Users\João Vitor\Documents\engclinicaci4\system\Database\BaseBuilder.php(2249): CodeIgniter\Database\BaseConnection->query('INSERT INTO `se...', Array, false)
#4 C:\Users\João Vitor\Documents\engclinicaci4\system\Model.php(755): CodeIgniter\Database\BaseBuilder->insert()
#5 C:\Users\João Vitor\Documents\engclinicaci4\system\Model.php(574): CodeIgniter\Model->insert(Array, false)
#6 C:\Users\João Vitor\Documents\engclinicaci4\app\Controllers\Setor.php(43): CodeIgniter\Model->save(Array)
#7 C:\Users\João Vitor\Documents\engclinicaci4\system\CodeIgniter.php(918): App\Controllers\Setor->create()
#8 C:\Users\João Vitor\Documents\engclinicaci4\system\CodeIgniter.php(404): CodeIgniter\CodeIgniter->runController(Object(App\Controllers\Setor))
#9 C:\Users\João Vitor\Documents\engclinicaci4\system\CodeIgniter.php(312): CodeIgniter\CodeIgniter->handleRequest(NULL, Object(Config\Cache), false)
#10 C:\Users\João Vitor\Documents\engclinicaci4\public\index.php(45): CodeIgniter\CodeIgniter->run()
#11 C:\Users\João Vitor\Documents\engclinicaci4\system\Commands\Server\rewrite.php(34): require_once('C:\\Users\\Jo\xC3\xA3o ...')
#12 {main}
CRITICAL - 2022-03-09 17:13:19 --> Cannot add or update a child row: a foreign key constraint fails (`engclinica`.`setor`, CONSTRAINT `fk_setor_usuario` FOREIGN KEY (`fk_usuario`) REFERENCES `usuario` (`id`) ON UPDATE CASCADE)
#0 C:\Users\João Vitor\Documents\engclinicaci4\system\Database\MySQLi\Connection.php(331): mysqli->query('INSERT INTO `se...')
#1 C:\Users\João Vitor\Documents\engclinicaci4\system\Database\BaseConnection.php(741): CodeIgniter\Database\MySQLi\Connection->execute('INSERT INTO `se...')
#2 C:\Users\João Vitor\Documents\engclinicaci4\system\Database\BaseConnection.php(669): CodeIgniter\Database\BaseConnection->simpleQuery('INSERT INTO `se...')
#3 C:\Users\João Vitor\Documents\engclinicaci4\system\Database\BaseBuilder.php(2249): CodeIgniter\Database\BaseConnection->query('INSERT INTO `se...', Array, false)
#4 C:\Users\João Vitor\Documents\engclinicaci4\system\Model.php(755): CodeIgniter\Database\BaseBuilder->insert()
#5 C:\Users\João Vitor\Documents\engclinicaci4\system\Model.php(574): CodeIgniter\Model->insert(Array, false)
#6 C:\Users\João Vitor\Documents\engclinicaci4\app\Controllers\Setor.php(43): CodeIgniter\Model->save(Array)
#7 C:\Users\João Vitor\Documents\engclinicaci4\system\CodeIgniter.php(918): App\Controllers\Setor->create()
#8 C:\Users\João Vitor\Documents\engclinicaci4\system\CodeIgniter.php(404): CodeIgniter\CodeIgniter->runController(Object(App\Controllers\Setor))
#9 C:\Users\João Vitor\Documents\engclinicaci4\system\CodeIgniter.php(312): CodeIgniter\CodeIgniter->handleRequest(NULL, Object(Config\Cache), false)
#10 C:\Users\João Vitor\Documents\engclinicaci4\public\index.php(45): CodeIgniter\CodeIgniter->run()
#11 C:\Users\João Vitor\Documents\engclinicaci4\system\Commands\Server\rewrite.php(34): require_once('C:\\Users\\Jo\xC3\xA3o ...')
#12 {main}
CRITICAL - 2022-03-09 17:13:44 --> Cannot add or update a child row: a foreign key constraint fails (`engclinica`.`setor`, CONSTRAINT `fk_setor_usuario` FOREIGN KEY (`fk_usuario`) REFERENCES `usuario` (`id`) ON UPDATE CASCADE)
#0 C:\Users\João Vitor\Documents\engclinicaci4\system\Database\MySQLi\Connection.php(331): mysqli->query('INSERT INTO `se...')
#1 C:\Users\João Vitor\Documents\engclinicaci4\system\Database\BaseConnection.php(741): CodeIgniter\Database\MySQLi\Connection->execute('INSERT INTO `se...')
#2 C:\Users\João Vitor\Documents\engclinicaci4\system\Database\BaseConnection.php(669): CodeIgniter\Database\BaseConnection->simpleQuery('INSERT INTO `se...')
#3 C:\Users\João Vitor\Documents\engclinicaci4\system\Database\BaseBuilder.php(2249): CodeIgniter\Database\BaseConnection->query('INSERT INTO `se...', Array, false)
#4 C:\Users\João Vitor\Documents\engclinicaci4\system\Model.php(755): CodeIgniter\Database\BaseBuilder->insert()
#5 C:\Users\João Vitor\Documents\engclinicaci4\system\Model.php(574): CodeIgniter\Model->insert(Array, false)
#6 C:\Users\João Vitor\Documents\engclinicaci4\app\Controllers\Setor.php(43): CodeIgniter\Model->save(Array)
#7 C:\Users\João Vitor\Documents\engclinicaci4\system\CodeIgniter.php(918): App\Controllers\Setor->create()
#8 C:\Users\João Vitor\Documents\engclinicaci4\system\CodeIgniter.php(404): CodeIgniter\CodeIgniter->runController(Object(App\Controllers\Setor))
#9 C:\Users\João Vitor\Documents\engclinicaci4\system\CodeIgniter.php(312): CodeIgniter\CodeIgniter->handleRequest(NULL, Object(Config\Cache), false)
#10 C:\Users\João Vitor\Documents\engclinicaci4\public\index.php(45): CodeIgniter\CodeIgniter->run()
#11 C:\Users\João Vitor\Documents\engclinicaci4\system\Commands\Server\rewrite.php(34): require_once('C:\\Users\\Jo\xC3\xA3o ...')
#12 {main}
CRITICAL - 2022-03-09 17:13:50 --> Cannot add or update a child row: a foreign key constraint fails (`engclinica`.`setor`, CONSTRAINT `fk_setor_usuario` FOREIGN KEY (`fk_usuario`) REFERENCES `usuario` (`id`) ON UPDATE CASCADE)
#0 C:\Users\João Vitor\Documents\engclinicaci4\system\Database\MySQLi\Connection.php(331): mysqli->query('INSERT INTO `se...')
#1 C:\Users\João Vitor\Documents\engclinicaci4\system\Database\BaseConnection.php(741): CodeIgniter\Database\MySQLi\Connection->execute('INSERT INTO `se...')
#2 C:\Users\João Vitor\Documents\engclinicaci4\system\Database\BaseConnection.php(669): CodeIgniter\Database\BaseConnection->simpleQuery('INSERT INTO `se...')
#3 C:\Users\João Vitor\Documents\engclinicaci4\system\Database\BaseBuilder.php(2249): CodeIgniter\Database\BaseConnection->query('INSERT INTO `se...', Array, false)
#4 C:\Users\João Vitor\Documents\engclinicaci4\system\Model.php(755): CodeIgniter\Database\BaseBuilder->insert()
#5 C:\Users\João Vitor\Documents\engclinicaci4\system\Model.php(574): CodeIgniter\Model->insert(Array, false)
#6 C:\Users\João Vitor\Documents\engclinicaci4\app\Controllers\Setor.php(43): CodeIgniter\Model->save(Array)
#7 C:\Users\João Vitor\Documents\engclinicaci4\system\CodeIgniter.php(918): App\Controllers\Setor->create()
#8 C:\Users\João Vitor\Documents\engclinicaci4\system\CodeIgniter.php(404): CodeIgniter\CodeIgniter->runController(Object(App\Controllers\Setor))
#9 C:\Users\João Vitor\Documents\engclinicaci4\system\CodeIgniter.php(312): CodeIgniter\CodeIgniter->handleRequest(NULL, Object(Config\Cache), false)
#10 C:\Users\João Vitor\Documents\engclinicaci4\public\index.php(45): CodeIgniter\CodeIgniter->run()
#11 C:\Users\João Vitor\Documents\engclinicaci4\system\Commands\Server\rewrite.php(34): require_once('C:\\Users\\Jo\xC3\xA3o ...')
#12 {main}
CRITICAL - 2022-03-09 17:14:29 --> Cannot add or update a child row: a foreign key constraint fails (`engclinica`.`setor`, CONSTRAINT `fk_setor_usuario` FOREIGN KEY (`fk_usuario`) REFERENCES `usuario` (`id`) ON UPDATE CASCADE)
#0 C:\Users\João Vitor\Documents\engclinicaci4\system\Database\MySQLi\Connection.php(331): mysqli->query('INSERT INTO `se...')
#1 C:\Users\João Vitor\Documents\engclinicaci4\system\Database\BaseConnection.php(741): CodeIgniter\Database\MySQLi\Connection->execute('INSERT INTO `se...')
#2 C:\Users\João Vitor\Documents\engclinicaci4\system\Database\BaseConnection.php(669): CodeIgniter\Database\BaseConnection->simpleQuery('INSERT INTO `se...')
#3 C:\Users\João Vitor\Documents\engclinicaci4\system\Database\BaseBuilder.php(2249): CodeIgniter\Database\BaseConnection->query('INSERT INTO `se...', Array, false)
#4 C:\Users\João Vitor\Documents\engclinicaci4\system\Model.php(755): CodeIgniter\Database\BaseBuilder->insert()
#5 C:\Users\João Vitor\Documents\engclinicaci4\system\Model.php(574): CodeIgniter\Model->insert(Array, false)
#6 C:\Users\João Vitor\Documents\engclinicaci4\app\Controllers\Setor.php(41): CodeIgniter\Model->save(Array)
#7 C:\Users\João Vitor\Documents\engclinicaci4\system\CodeIgniter.php(918): App\Controllers\Setor->create()
#8 C:\Users\João Vitor\Documents\engclinicaci4\system\CodeIgniter.php(404): CodeIgniter\CodeIgniter->runController(Object(App\Controllers\Setor))
#9 C:\Users\João Vitor\Documents\engclinicaci4\system\CodeIgniter.php(312): CodeIgniter\CodeIgniter->handleRequest(NULL, Object(Config\Cache), false)
#10 C:\Users\João Vitor\Documents\engclinicaci4\public\index.php(45): CodeIgniter\CodeIgniter->run()
#11 C:\Users\João Vitor\Documents\engclinicaci4\system\Commands\Server\rewrite.php(34): require_once('C:\\Users\\Jo\xC3\xA3o ...')
#12 {main}
CRITICAL - 2022-03-09 17:16:12 --> Undefined index: id
#0 C:\Users\João Vitor\Documents\engclinicaci4\app\Views\setor\index.php(139): CodeIgniter\Debug\Exceptions->errorHandler(8, 'Undefined index...', 'C:\\Users\\Jo\xC3\xA3o ...', 139, Array)
#1 C:\Users\João Vitor\Documents\engclinicaci4\system\View\View.php(246): include('C:\\Users\\Jo\xC3\xA3o ...')
#2 C:\Users\João Vitor\Documents\engclinicaci4\system\Common.php(1119): CodeIgniter\View\View->render('setor/index', Array, true)
#3 C:\Users\João Vitor\Documents\engclinicaci4\app\Controllers\Setor.php(32): view('setor/index', Array)
#4 C:\Users\João Vitor\Documents\engclinicaci4\system\CodeIgniter.php(918): App\Controllers\Setor->index()
#5 C:\Users\João Vitor\Documents\engclinicaci4\system\CodeIgniter.php(404): CodeIgniter\CodeIgniter->runController(Object(App\Controllers\Setor))
#6 C:\Users\João Vitor\Documents\engclinicaci4\system\CodeIgniter.php(312): CodeIgniter\CodeIgniter->handleRequest(NULL, Object(Config\Cache), false)
#7 C:\Users\João Vitor\Documents\engclinicaci4\public\index.php(45): CodeIgniter\CodeIgniter->run()
#8 C:\Users\João Vitor\Documents\engclinicaci4\system\Commands\Server\rewrite.php(34): require_once('C:\\Users\\Jo\xC3\xA3o ...')
#9 {main}
CRITICAL - 2022-03-09 17:16:12 --> Undefined index: id
#0 C:\Users\João Vitor\Documents\engclinicaci4\app\Views\setor\index.php(139): CodeIgniter\Debug\Exceptions->errorHandler(8, 'Undefined index...', 'C:\\Users\\Jo\xC3\xA3o ...', 139, Array)
#1 C:\Users\João Vitor\Documents\engclinicaci4\system\View\View.php(246): include('C:\\Users\\Jo\xC3\xA3o ...')
#2 C:\Users\João Vitor\Documents\engclinicaci4\system\Common.php(1119): CodeIgniter\View\View->render('setor/index', Array, true)
#3 C:\Users\João Vitor\Documents\engclinicaci4\app\Controllers\Setor.php(32): view('setor/index', Array)
#4 C:\Users\João Vitor\Documents\engclinicaci4\system\CodeIgniter.php(918): App\Controllers\Setor->index()
#5 C:\Users\João Vitor\Documents\engclinicaci4\system\CodeIgniter.php(404): CodeIgniter\CodeIgniter->runController(Object(App\Controllers\Setor))
#6 C:\Users\João Vitor\Documents\engclinicaci4\system\CodeIgniter.php(312): CodeIgniter\CodeIgniter->handleRequest(NULL, Object(Config\Cache), false)
#7 C:\Users\João Vitor\Documents\engclinicaci4\public\index.php(45): CodeIgniter\CodeIgniter->run()
#8 C:\Users\João Vitor\Documents\engclinicaci4\system\Commands\Server\rewrite.php(34): require_once('C:\\Users\\Jo\xC3\xA3o ...')
#9 {main}
CRITICAL - 2022-03-09 17:18:37 --> Undefined index: admin
#0 C:\Users\João Vitor\Documents\engclinicaci4\app\Views\usuario\index.php(112): CodeIgniter\Debug\Exceptions->errorHandler(8, 'Undefined index...', 'C:\\Users\\Jo\xC3\xA3o ...', 112, Array)
#1 C:\Users\João Vitor\Documents\engclinicaci4\system\View\View.php(246): include('C:\\Users\\Jo\xC3\xA3o ...')
#2 C:\Users\João Vitor\Documents\engclinicaci4\system\Common.php(1119): CodeIgniter\View\View->render('usuario/index', Array, true)
#3 C:\Users\João Vitor\Documents\engclinicaci4\app\Controllers\Usuario.php(31): view('usuario/index', Array)
#4 C:\Users\João Vitor\Documents\engclinicaci4\system\CodeIgniter.php(918): App\Controllers\Usuario->index()
#5 C:\Users\João Vitor\Documents\engclinicaci4\system\CodeIgniter.php(404): CodeIgniter\CodeIgniter->runController(Object(App\Controllers\Usuario))
#6 C:\Users\João Vitor\Documents\engclinicaci4\system\CodeIgniter.php(312): CodeIgniter\CodeIgniter->handleRequest(NULL, Object(Config\Cache), false)
#7 C:\Users\João Vitor\Documents\engclinicaci4\public\index.php(45): CodeIgniter\CodeIgniter->run()
#8 C:\Users\João Vitor\Documents\engclinicaci4\system\Commands\Server\rewrite.php(34): require_once('C:\\Users\\Jo\xC3\xA3o ...')
#9 {main}
CRITICAL - 2022-03-09 17:52:16 --> Class 'App\Models\BokuModel' not found
#0 C:\Users\João Vitor\Documents\engclinicaci4\system\CodeIgniter.php(890): App\Controllers\Relatorio->__construct()
#1 C:\Users\João Vitor\Documents\engclinicaci4\system\CodeIgniter.php(399): CodeIgniter\CodeIgniter->createController()
#2 C:\Users\João Vitor\Documents\engclinicaci4\system\CodeIgniter.php(312): CodeIgniter\CodeIgniter->handleRequest(NULL, Object(Config\Cache), false)
#3 C:\Users\João Vitor\Documents\engclinicaci4\public\index.php(45): CodeIgniter\CodeIgniter->run()
#4 C:\Users\João Vitor\Documents\engclinicaci4\system\Commands\Server\rewrite.php(34): require_once('C:\\Users\\Jo\xC3\xA3o ...')
#5 {main}
CRITICAL - 2022-03-09 17:58:03 --> Table 'engclinica.os' doesn't exist
#0 C:\Users\João Vitor\Documents\engclinicaci4\system\Database\MySQLi\Connection.php(331): mysqli->query('SELECT *\nFROM `...')
#1 C:\Users\João Vitor\Documents\engclinicaci4\system\Database\BaseConnection.php(741): CodeIgniter\Database\MySQLi\Connection->execute('SELECT *\nFROM `...')
#2 C:\Users\João Vitor\Documents\engclinicaci4\system\Database\BaseConnection.php(669): CodeIgniter\Database\BaseConnection->simpleQuery('SELECT *\nFROM `...')
#3 C:\Users\João Vitor\Documents\engclinicaci4\system\Database\BaseBuilder.php(1860): CodeIgniter\Database\BaseConnection->query('SELECT *\nFROM `...', Array, false)
#4 C:\Users\João Vitor\Documents\engclinicaci4\system\Model.php(462): CodeIgniter\Database\BaseBuilder->get()
#5 C:\Users\João Vitor\Documents\engclinicaci4\app\Models\OspreventivaModel.php(71): CodeIgniter\Model->findAll()
#6 C:\Users\João Vitor\Documents\engclinicaci4\app\Controllers\Equipamento.php(152): App\Models\OspreventivaModel->getByIdEquipamento('4')
#7 C:\Users\João Vitor\Documents\engclinicaci4\system\CodeIgniter.php(918): App\Controllers\Equipamento->ordem('4')
#8 C:\Users\João Vitor\Documents\engclinicaci4\system\CodeIgniter.php(404): CodeIgniter\CodeIgniter->runController(Object(App\Controllers\Equipamento))
#9 C:\Users\João Vitor\Documents\engclinicaci4\system\CodeIgniter.php(312): CodeIgniter\CodeIgniter->handleRequest(NULL, Object(Config\Cache), false)
#10 C:\Users\João Vitor\Documents\engclinicaci4\public\index.php(45): CodeIgniter\CodeIgniter->run()
#11 C:\Users\João Vitor\Documents\engclinicaci4\system\Commands\Server\rewrite.php(34): require_once('C:\\Users\\Jo\xC3\xA3o ...')
#12 {main}
CRITICAL - 2022-03-09 17:58:39 --> Table 'engclinica.os' doesn't exist
#0 C:\Users\João Vitor\Documents\engclinicaci4\system\Database\MySQLi\Connection.php(331): mysqli->query('SELECT *\nFROM `...')
#1 C:\Users\João Vitor\Documents\engclinicaci4\system\Database\BaseConnection.php(741): CodeIgniter\Database\MySQLi\Connection->execute('SELECT *\nFROM `...')
#2 C:\Users\João Vitor\Documents\engclinicaci4\system\Database\BaseConnection.php(669): CodeIgniter\Database\BaseConnection->simpleQuery('SELECT *\nFROM `...')
#3 C:\Users\João Vitor\Documents\engclinicaci4\system\Database\BaseBuilder.php(1860): CodeIgniter\Database\BaseConnection->query('SELECT *\nFROM `...', Array, false)
#4 C:\Users\João Vitor\Documents\engclinicaci4\system\Model.php(462): CodeIgniter\Database\BaseBuilder->get()
#5 C:\Users\João Vitor\Documents\engclinicaci4\app\Models\OspreventivaModel.php(71): CodeIgniter\Model->findAll()
#6 C:\Users\João Vitor\Documents\engclinicaci4\app\Controllers\Equipamento.php(152): App\Models\OspreventivaModel->getByIdEquipamento('4')
#7 C:\Users\João Vitor\Documents\engclinicaci4\system\CodeIgniter.php(918): App\Controllers\Equipamento->ordem('4')
#8 C:\Users\João Vitor\Documents\engclinicaci4\system\CodeIgniter.php(404): CodeIgniter\CodeIgniter->runController(Object(App\Controllers\Equipamento))
#9 C:\Users\João Vitor\Documents\engclinicaci4\system\CodeIgniter.php(312): CodeIgniter\CodeIgniter->handleRequest(NULL, Object(Config\Cache), false)
#10 C:\Users\João Vitor\Documents\engclinicaci4\public\index.php(45): CodeIgniter\CodeIgniter->run()
#11 C:\Users\João Vitor\Documents\engclinicaci4\system\Commands\Server\rewrite.php(34): require_once('C:\\Users\\Jo\xC3\xA3o ...')
#12 {main}
CRITICAL - 2022-03-09 18:00:32 --> Table 'engclinica.os' doesn't exist
#0 C:\Users\João Vitor\Documents\engclinicaci4\system\Database\MySQLi\Connection.php(331): mysqli->query('SELECT *\nFROM `...')
#1 C:\Users\João Vitor\Documents\engclinicaci4\system\Database\BaseConnection.php(741): CodeIgniter\Database\MySQLi\Connection->execute('SELECT *\nFROM `...')
#2 C:\Users\João Vitor\Documents\engclinicaci4\system\Database\BaseConnection.php(669): CodeIgniter\Database\BaseConnection->simpleQuery('SELECT *\nFROM `...')
#3 C:\Users\João Vitor\Documents\engclinicaci4\system\Database\BaseBuilder.php(1860): CodeIgniter\Database\BaseConnection->query('SELECT *\nFROM `...', Array, false)
#4 C:\Users\João Vitor\Documents\engclinicaci4\system\Model.php(462): CodeIgniter\Database\BaseBuilder->get()
#5 C:\Users\João Vitor\Documents\engclinicaci4\app\Models\OsinstalacaoModel.php(69): CodeIgniter\Model->findAll()
#6 C:\Users\João Vitor\Documents\engclinicaci4\app\Controllers\Equipamento.php(153): App\Models\OsinstalacaoModel->getByIdEquipamento('4')
#7 C:\Users\João Vitor\Documents\engclinicaci4\system\CodeIgniter.php(918): App\Controllers\Equipamento->ordem('4')
#8 C:\Users\João Vitor\Documents\engclinicaci4\system\CodeIgniter.php(404): CodeIgniter\CodeIgniter->runController(Object(App\Controllers\Equipamento))
#9 C:\Users\João Vitor\Documents\engclinicaci4\system\CodeIgniter.php(312): CodeIgniter\CodeIgniter->handleRequest(NULL, Object(Config\Cache), false)
#10 C:\Users\João Vitor\Documents\engclinicaci4\public\index.php(45): CodeIgniter\CodeIgniter->run()
#11 C:\Users\João Vitor\Documents\engclinicaci4\system\Commands\Server\rewrite.php(34): require_once('C:\\Users\\Jo\xC3\xA3o ...')
#12 {main}
CRITICAL - 2022-03-09 18:00:47 --> Table 'engclinica.os' doesn't exist
#0 C:\Users\João Vitor\Documents\engclinicaci4\system\Database\MySQLi\Connection.php(331): mysqli->query('SELECT *\nFROM `...')
#1 C:\Users\João Vitor\Documents\engclinicaci4\system\Database\BaseConnection.php(741): CodeIgniter\Database\MySQLi\Connection->execute('SELECT *\nFROM `...')
#2 C:\Users\João Vitor\Documents\engclinicaci4\system\Database\BaseConnection.php(669): CodeIgniter\Database\BaseConnection->simpleQuery('SELECT *\nFROM `...')
#3 C:\Users\João Vitor\Documents\engclinicaci4\system\Database\BaseBuilder.php(1860): CodeIgniter\Database\BaseConnection->query('SELECT *\nFROM `...', Array, false)
#4 C:\Users\João Vitor\Documents\engclinicaci4\system\Model.php(462): CodeIgniter\Database\BaseBuilder->get()
#5 C:\Users\João Vitor\Documents\engclinicaci4\app\Models\OsinstalacaoModel.php(69): CodeIgniter\Model->findAll()
#6 C:\Users\João Vitor\Documents\engclinicaci4\app\Controllers\Equipamento.php(153): App\Models\OsinstalacaoModel->getByIdEquipamento('4')
#7 C:\Users\João Vitor\Documents\engclinicaci4\system\CodeIgniter.php(918): App\Controllers\Equipamento->ordem('4')
#8 C:\Users\João Vitor\Documents\engclinicaci4\system\CodeIgniter.php(404): CodeIgniter\CodeIgniter->runController(Object(App\Controllers\Equipamento))
#9 C:\Users\João Vitor\Documents\engclinicaci4\system\CodeIgniter.php(312): CodeIgniter\CodeIgniter->handleRequest(NULL, Object(Config\Cache), false)
#10 C:\Users\João Vitor\Documents\engclinicaci4\public\index.php(45): CodeIgniter\CodeIgniter->run()
#11 C:\Users\João Vitor\Documents\engclinicaci4\system\Commands\Server\rewrite.php(34): require_once('C:\\Users\\Jo\xC3\xA3o ...')
#12 {main}
CRITICAL - 2022-03-09 18:01:16 --> Table 'engclinica.os' doesn't exist
#0 C:\Users\João Vitor\Documents\engclinicaci4\system\Database\MySQLi\Connection.php(331): mysqli->query('SELECT *\nFROM `...')
#1 C:\Users\João Vitor\Documents\engclinicaci4\system\Database\BaseConnection.php(741): CodeIgniter\Database\MySQLi\Connection->execute('SELECT *\nFROM `...')
#2 C:\Users\João Vitor\Documents\engclinicaci4\system\Database\BaseConnection.php(669): CodeIgniter\Database\BaseConnection->simpleQuery('SELECT *\nFROM `...')
#3 C:\Users\João Vitor\Documents\engclinicaci4\system\Database\BaseBuilder.php(1860): CodeIgniter\Database\BaseConnection->query('SELECT *\nFROM `...', Array, false)
#4 C:\Users\João Vitor\Documents\engclinicaci4\system\Model.php(462): CodeIgniter\Database\BaseBuilder->get()
#5 C:\Users\João Vitor\Documents\engclinicaci4\app\Models\OsinstalacaoModel.php(69): CodeIgniter\Model->findAll()
#6 C:\Users\João Vitor\Documents\engclinicaci4\app\Controllers\Equipamento.php(153): App\Models\OsinstalacaoModel->getByIdEquipamento('4')
#7 C:\Users\João Vitor\Documents\engclinicaci4\system\CodeIgniter.php(918): App\Controllers\Equipamento->ordem('4')
#8 C:\Users\João Vitor\Documents\engclinicaci4\system\CodeIgniter.php(404): CodeIgniter\CodeIgniter->runController(Object(App\Controllers\Equipamento))
#9 C:\Users\João Vitor\Documents\engclinicaci4\system\CodeIgniter.php(312): CodeIgniter\CodeIgniter->handleRequest(NULL, Object(Config\Cache), false)
#10 C:\Users\João Vitor\Documents\engclinicaci4\public\index.php(45): CodeIgniter\CodeIgniter->run()
#11 C:\Users\João Vitor\Documents\engclinicaci4\system\Commands\Server\rewrite.php(34): require_once('C:\\Users\\Jo\xC3\xA3o ...')
#12 {main}
CRITICAL - 2022-03-09 18:23:25 --> Cannot add or update a child row: a foreign key constraint fails (`engclinica`.`equipamento`, CONSTRAINT `fk_equipamento_setor` FOREIGN KEY (`fk_setor`) REFERENCES `setor` (`id`) ON UPDATE CASCADE)
#0 C:\Users\João Vitor\Documents\engclinicaci4\system\Database\MySQLi\Connection.php(331): mysqli->query('INSERT INTO `eq...')
#1 C:\Users\João Vitor\Documents\engclinicaci4\system\Database\BaseConnection.php(741): CodeIgniter\Database\MySQLi\Connection->execute('INSERT INTO `eq...')
#2 C:\Users\João Vitor\Documents\engclinicaci4\system\Database\BaseConnection.php(669): CodeIgniter\Database\BaseConnection->simpleQuery('INSERT INTO `eq...')
#3 C:\Users\João Vitor\Documents\engclinicaci4\system\Database\BaseBuilder.php(2249): CodeIgniter\Database\BaseConnection->query('INSERT INTO `eq...', Array, false)
#4 C:\Users\João Vitor\Documents\engclinicaci4\system\Model.php(755): CodeIgniter\Database\BaseBuilder->insert()
#5 C:\Users\João Vitor\Documents\engclinicaci4\system\Model.php(574): CodeIgniter\Model->insert(Array, false)
#6 C:\Users\João Vitor\Documents\engclinicaci4\app\Controllers\Equipamento.php(61): CodeIgniter\Model->save(Array)
#7 C:\Users\João Vitor\Documents\engclinicaci4\system\CodeIgniter.php(918): App\Controllers\Equipamento->store()
#8 C:\Users\João Vitor\Documents\engclinicaci4\system\CodeIgniter.php(404): CodeIgniter\CodeIgniter->runController(Object(App\Controllers\Equipamento))
#9 C:\Users\João Vitor\Documents\engclinicaci4\system\CodeIgniter.php(312): CodeIgniter\CodeIgniter->handleRequest(NULL, Object(Config\Cache), false)
#10 C:\Users\João Vitor\Documents\engclinicaci4\public\index.php(45): CodeIgniter\CodeIgniter->run()
#11 C:\Users\João Vitor\Documents\engclinicaci4\system\Commands\Server\rewrite.php(34): require_once('C:\\Users\\Jo\xC3\xA3o ...')
#12 {main}
CRITICAL - 2022-03-09 18:25:00 --> Cannot add or update a child row: a foreign key constraint fails (`engclinica`.`equipamento`, CONSTRAINT `fk_equipamento_setor` FOREIGN KEY (`fk_setor`) REFERENCES `setor` (`id`) ON UPDATE CASCADE)
#0 C:\Users\João Vitor\Documents\engclinicaci4\system\Database\MySQLi\Connection.php(331): mysqli->query('INSERT INTO `eq...')
#1 C:\Users\João Vitor\Documents\engclinicaci4\system\Database\BaseConnection.php(741): CodeIgniter\Database\MySQLi\Connection->execute('INSERT INTO `eq...')
#2 C:\Users\João Vitor\Documents\engclinicaci4\system\Database\BaseConnection.php(669): CodeIgniter\Database\BaseConnection->simpleQuery('INSERT INTO `eq...')
#3 C:\Users\João Vitor\Documents\engclinicaci4\system\Database\BaseBuilder.php(2249): CodeIgniter\Database\BaseConnection->query('INSERT INTO `eq...', Array, false)
#4 C:\Users\João Vitor\Documents\engclinicaci4\system\Model.php(755): CodeIgniter\Database\BaseBuilder->insert()
#5 C:\Users\João Vitor\Documents\engclinicaci4\system\Model.php(574): CodeIgniter\Model->insert(Array, false)
#6 C:\Users\João Vitor\Documents\engclinicaci4\app\Controllers\Equipamento.php(61): CodeIgniter\Model->save(Array)
#7 C:\Users\João Vitor\Documents\engclinicaci4\system\CodeIgniter.php(918): App\Controllers\Equipamento->store()
#8 C:\Users\João Vitor\Documents\engclinicaci4\system\CodeIgniter.php(404): CodeIgniter\CodeIgniter->runController(Object(App\Controllers\Equipamento))
#9 C:\Users\João Vitor\Documents\engclinicaci4\system\CodeIgniter.php(312): CodeIgniter\CodeIgniter->handleRequest(NULL, Object(Config\Cache), false)
#10 C:\Users\João Vitor\Documents\engclinicaci4\public\index.php(45): CodeIgniter\CodeIgniter->run()
#11 C:\Users\João Vitor\Documents\engclinicaci4\system\Commands\Server\rewrite.php(34): require_once('C:\\Users\\Jo\xC3\xA3o ...')
#12 {main}
CRITICAL - 2022-03-09 18:29:34 --> Undefined index: modelo
#0 C:\Users\João Vitor\Documents\engclinicaci4\app\Views\equipamento\equipamento.php(105): CodeIgniter\Debug\Exceptions->errorHandler(8, 'Undefined index...', 'C:\\Users\\Jo\xC3\xA3o ...', 105, Array)
#1 C:\Users\João Vitor\Documents\engclinicaci4\system\View\View.php(246): include('C:\\Users\\Jo\xC3\xA3o ...')
#2 C:\Users\João Vitor\Documents\engclinicaci4\system\Common.php(1119): CodeIgniter\View\View->render('equipamento/equ...', Object(chillerlan\QRCode\QROptions), true)
#3 C:\Users\João Vitor\Documents\engclinicaci4\app\Controllers\Equipamento.php(32): view('equipamento/equ...', Array)
#4 C:\Users\João Vitor\Documents\engclinicaci4\system\CodeIgniter.php(918): App\Controllers\Equipamento->index()
#5 C:\Users\João Vitor\Documents\engclinicaci4\system\CodeIgniter.php(404): CodeIgniter\CodeIgniter->runController(Object(App\Controllers\Equipamento))
#6 C:\Users\João Vitor\Documents\engclinicaci4\system\CodeIgniter.php(312): CodeIgniter\CodeIgniter->handleRequest(NULL, Object(Config\Cache), false)
#7 C:\Users\João Vitor\Documents\engclinicaci4\public\index.php(45): CodeIgniter\CodeIgniter->run()
#8 C:\Users\João Vitor\Documents\engclinicaci4\system\Commands\Server\rewrite.php(34): require_once('C:\\Users\\Jo\xC3\xA3o ...')
#9 {main}
CRITICAL - 2022-03-09 18:30:33 --> Undefined index: setor
#0 C:\Users\João Vitor\Documents\engclinicaci4\app\Views\equipamento\equipamento.php(105): CodeIgniter\Debug\Exceptions->errorHandler(8, 'Undefined index...', 'C:\\Users\\Jo\xC3\xA3o ...', 105, Array)
#1 C:\Users\João Vitor\Documents\engclinicaci4\system\View\View.php(246): include('C:\\Users\\Jo\xC3\xA3o ...')
#2 C:\Users\João Vitor\Documents\engclinicaci4\system\Common.php(1119): CodeIgniter\View\View->render('equipamento/equ...', Object(chillerlan\QRCode\QROptions), true)
#3 C:\Users\João Vitor\Documents\engclinicaci4\app\Controllers\Equipamento.php(32): view('equipamento/equ...', Array)
#4 C:\Users\João Vitor\Documents\engclinicaci4\system\CodeIgniter.php(918): App\Controllers\Equipamento->index()
#5 C:\Users\João Vitor\Documents\engclinicaci4\system\CodeIgniter.php(404): CodeIgniter\CodeIgniter->runController(Object(App\Controllers\Equipamento))
#6 C:\Users\João Vitor\Documents\engclinicaci4\system\CodeIgniter.php(312): CodeIgniter\CodeIgniter->handleRequest(NULL, Object(Config\Cache), false)
#7 C:\Users\João Vitor\Documents\engclinicaci4\public\index.php(45): CodeIgniter\CodeIgniter->run()
#8 C:\Users\João Vitor\Documents\engclinicaci4\system\Commands\Server\rewrite.php(34): require_once('C:\\Users\\Jo\xC3\xA3o ...')
#9 {main}
CRITICAL - 2022-03-09 18:30:47 --> Cannot use object of type chillerlan\QRCode\QROptions as array
#0 C:\Users\João Vitor\Documents\engclinicaci4\system\Common.php(1119): CodeIgniter\View\View->render('equipamento/equ...', Object(chillerlan\QRCode\QROptions), true)
#1 C:\Users\João Vitor\Documents\engclinicaci4\app\Controllers\Equipamento.php(32): view('equipamento/equ...', Array)
#2 C:\Users\João Vitor\Documents\engclinicaci4\system\CodeIgniter.php(918): App\Controllers\Equipamento->index()
#3 C:\Users\João Vitor\Documents\engclinicaci4\system\CodeIgniter.php(404): CodeIgniter\CodeIgniter->runController(Object(App\Controllers\Equipamento))
#4 C:\Users\João Vitor\Documents\engclinicaci4\system\CodeIgniter.php(312): CodeIgniter\CodeIgniter->handleRequest(NULL, Object(Config\Cache), false)
#5 C:\Users\João Vitor\Documents\engclinicaci4\public\index.php(45): CodeIgniter\CodeIgniter->run()
#6 C:\Users\João Vitor\Documents\engclinicaci4\system\Commands\Server\rewrite.php(34): require_once('C:\\Users\\Jo\xC3\xA3o ...')
#7 {main}
CRITICAL - 2022-03-09 18:33:44 --> Cannot add or update a child row: a foreign key constraint fails (`engclinica`.`equipamento`, CONSTRAINT `fk_equipamento_setor` FOREIGN KEY (`fk_setor`) REFERENCES `setor` (`id`) ON UPDATE CASCADE)
#0 C:\Users\João Vitor\Documents\engclinicaci4\system\Database\MySQLi\Connection.php(331): mysqli->query('INSERT INTO `eq...')
#1 C:\Users\João Vitor\Documents\engclinicaci4\system\Database\BaseConnection.php(741): CodeIgniter\Database\MySQLi\Connection->execute('INSERT INTO `eq...')
#2 C:\Users\João Vitor\Documents\engclinicaci4\system\Database\BaseConnection.php(669): CodeIgniter\Database\BaseConnection->simpleQuery('INSERT INTO `eq...')
#3 C:\Users\João Vitor\Documents\engclinicaci4\system\Database\BaseBuilder.php(2249): CodeIgniter\Database\BaseConnection->query('INSERT INTO `eq...', Array, false)
#4 C:\Users\João Vitor\Documents\engclinicaci4\system\Model.php(755): CodeIgniter\Database\BaseBuilder->insert()
#5 C:\Users\João Vitor\Documents\engclinicaci4\system\Model.php(574): CodeIgniter\Model->insert(Array, false)
#6 C:\Users\João Vitor\Documents\engclinicaci4\app\Controllers\Equipamento.php(61): CodeIgniter\Model->save(Array)
#7 C:\Users\João Vitor\Documents\engclinicaci4\system\CodeIgniter.php(918): App\Controllers\Equipamento->store()
#8 C:\Users\João Vitor\Documents\engclinicaci4\system\CodeIgniter.php(404): CodeIgniter\CodeIgniter->runController(Object(App\Controllers\Equipamento))
#9 C:\Users\João Vitor\Documents\engclinicaci4\system\CodeIgniter.php(312): CodeIgniter\CodeIgniter->handleRequest(NULL, Object(Config\Cache), false)
#10 C:\Users\João Vitor\Documents\engclinicaci4\public\index.php(45): CodeIgniter\CodeIgniter->run()
#11 C:\Users\João Vitor\Documents\engclinicaci4\system\Commands\Server\rewrite.php(34): require_once('C:\\Users\\Jo\xC3\xA3o ...')
#12 {main}
CRITICAL - 2022-03-09 18:34:46 --> Cannot add or update a child row: a foreign key constraint fails (`engclinica`.`equipamento`, CONSTRAINT `fk_equipamento_setor` FOREIGN KEY (`fk_setor`) REFERENCES `setor` (`id`) ON UPDATE CASCADE)
#0 C:\Users\João Vitor\Documents\engclinicaci4\system\Database\MySQLi\Connection.php(331): mysqli->query('INSERT INTO `eq...')
#1 C:\Users\João Vitor\Documents\engclinicaci4\system\Database\BaseConnection.php(741): CodeIgniter\Database\MySQLi\Connection->execute('INSERT INTO `eq...')
#2 C:\Users\João Vitor\Documents\engclinicaci4\system\Database\BaseConnection.php(669): CodeIgniter\Database\BaseConnection->simpleQuery('INSERT INTO `eq...')
#3 C:\Users\João Vitor\Documents\engclinicaci4\system\Database\BaseBuilder.php(2249): CodeIgniter\Database\BaseConnection->query('INSERT INTO `eq...', Array, false)
#4 C:\Users\João Vitor\Documents\engclinicaci4\system\Model.php(755): CodeIgniter\Database\BaseBuilder->insert()
#5 C:\Users\João Vitor\Documents\engclinicaci4\system\Model.php(574): CodeIgniter\Model->insert(Array, false)
#6 C:\Users\João Vitor\Documents\engclinicaci4\app\Controllers\Equipamento.php(61): CodeIgniter\Model->save(Array)
#7 C:\Users\João Vitor\Documents\engclinicaci4\system\CodeIgniter.php(918): App\Controllers\Equipamento->store()
#8 C:\Users\João Vitor\Documents\engclinicaci4\system\CodeIgniter.php(404): CodeIgniter\CodeIgniter->runController(Object(App\Controllers\Equipamento))
#9 C:\Users\João Vitor\Documents\engclinicaci4\system\CodeIgniter.php(312): CodeIgniter\CodeIgniter->handleRequest(NULL, Object(Config\Cache), false)
#10 C:\Users\João Vitor\Documents\engclinicaci4\public\index.php(45): CodeIgniter\CodeIgniter->run()
#11 C:\Users\João Vitor\Documents\engclinicaci4\system\Commands\Server\rewrite.php(34): require_once('C:\\Users\\Jo\xC3\xA3o ...')
#12 {main}
CRITICAL - 2022-03-09 18:34:55 --> Cannot add or update a child row: a foreign key constraint fails (`engclinica`.`equipamento`, CONSTRAINT `fk_equipamento_setor` FOREIGN KEY (`fk_setor`) REFERENCES `setor` (`id`) ON UPDATE CASCADE)
#0 C:\Users\João Vitor\Documents\engclinicaci4\system\Database\MySQLi\Connection.php(331): mysqli->query('INSERT INTO `eq...')
#1 C:\Users\João Vitor\Documents\engclinicaci4\system\Database\BaseConnection.php(741): CodeIgniter\Database\MySQLi\Connection->execute('INSERT INTO `eq...')
#2 C:\Users\João Vitor\Documents\engclinicaci4\system\Database\BaseConnection.php(669): CodeIgniter\Database\BaseConnection->simpleQuery('INSERT INTO `eq...')
#3 C:\Users\João Vitor\Documents\engclinicaci4\system\Database\BaseBuilder.php(2249): CodeIgniter\Database\BaseConnection->query('INSERT INTO `eq...', Array, false)
#4 C:\Users\João Vitor\Documents\engclinicaci4\system\Model.php(755): CodeIgniter\Database\BaseBuilder->insert()
#5 C:\Users\João Vitor\Documents\engclinicaci4\system\Model.php(574): CodeIgniter\Model->insert(Array, false)
#6 C:\Users\João Vitor\Documents\engclinicaci4\app\Controllers\Equipamento.php(61): CodeIgniter\Model->save(Array)
#7 C:\Users\João Vitor\Documents\engclinicaci4\system\CodeIgniter.php(918): App\Controllers\Equipamento->store()
#8 C:\Users\João Vitor\Documents\engclinicaci4\system\CodeIgniter.php(404): CodeIgniter\CodeIgniter->runController(Object(App\Controllers\Equipamento))
#9 C:\Users\João Vitor\Documents\engclinicaci4\system\CodeIgniter.php(312): CodeIgniter\CodeIgniter->handleRequest(NULL, Object(Config\Cache), false)
#10 C:\Users\João Vitor\Documents\engclinicaci4\public\index.php(45): CodeIgniter\CodeIgniter->run()
#11 C:\Users\João Vitor\Documents\engclinicaci4\system\Commands\Server\rewrite.php(34): require_once('C:\\Users\\Jo\xC3\xA3o ...')
#12 {main}
CRITICAL - 2022-03-09 18:35:43 --> Cannot add or update a child row: a foreign key constraint fails (`engclinica`.`equipamento`, CONSTRAINT `fk_equipamento_setor` FOREIGN KEY (`fk_setor`) REFERENCES `setor` (`id`) ON UPDATE CASCADE)
#0 C:\Users\João Vitor\Documents\engclinicaci4\system\Database\MySQLi\Connection.php(331): mysqli->query('INSERT INTO `eq...')
#1 C:\Users\João Vitor\Documents\engclinicaci4\system\Database\BaseConnection.php(741): CodeIgniter\Database\MySQLi\Connection->execute('INSERT INTO `eq...')
#2 C:\Users\João Vitor\Documents\engclinicaci4\system\Database\BaseConnection.php(669): CodeIgniter\Database\BaseConnection->simpleQuery('INSERT INTO `eq...')
#3 C:\Users\João Vitor\Documents\engclinicaci4\system\Database\BaseBuilder.php(2249): CodeIgniter\Database\BaseConnection->query('INSERT INTO `eq...', Array, false)
#4 C:\Users\João Vitor\Documents\engclinicaci4\system\Model.php(755): CodeIgniter\Database\BaseBuilder->insert()
#5 C:\Users\João Vitor\Documents\engclinicaci4\system\Model.php(574): CodeIgniter\Model->insert(Array, false)
#6 C:\Users\João Vitor\Documents\engclinicaci4\app\Controllers\Equipamento.php(61): CodeIgniter\Model->save(Array)
#7 C:\Users\João Vitor\Documents\engclinicaci4\system\CodeIgniter.php(918): App\Controllers\Equipamento->store()
#8 C:\Users\João Vitor\Documents\engclinicaci4\system\CodeIgniter.php(404): CodeIgniter\CodeIgniter->runController(Object(App\Controllers\Equipamento))
#9 C:\Users\João Vitor\Documents\engclinicaci4\system\CodeIgniter.php(312): CodeIgniter\CodeIgniter->handleRequest(NULL, Object(Config\Cache), false)
#10 C:\Users\João Vitor\Documents\engclinicaci4\public\index.php(45): CodeIgniter\CodeIgniter->run()
#11 C:\Users\João Vitor\Documents\engclinicaci4\system\Commands\Server\rewrite.php(34): require_once('C:\\Users\\Jo\xC3\xA3o ...')
#12 {main}
CRITICAL - 2022-03-09 18:36:00 --> Cannot add or update a child row: a foreign key constraint fails (`engclinica`.`equipamento`, CONSTRAINT `fk_equipamento_setor` FOREIGN KEY (`fk_setor`) REFERENCES `setor` (`id`) ON UPDATE CASCADE)
#0 C:\Users\João Vitor\Documents\engclinicaci4\system\Database\MySQLi\Connection.php(331): mysqli->query('INSERT INTO `eq...')
#1 C:\Users\João Vitor\Documents\engclinicaci4\system\Database\BaseConnection.php(741): CodeIgniter\Database\MySQLi\Connection->execute('INSERT INTO `eq...')
#2 C:\Users\João Vitor\Documents\engclinicaci4\system\Database\BaseConnection.php(669): CodeIgniter\Database\BaseConnection->simpleQuery('INSERT INTO `eq...')
#3 C:\Users\João Vitor\Documents\engclinicaci4\system\Database\BaseBuilder.php(2249): CodeIgniter\Database\BaseConnection->query('INSERT INTO `eq...', Array, false)
#4 C:\Users\João Vitor\Documents\engclinicaci4\system\Model.php(755): CodeIgniter\Database\BaseBuilder->insert()
#5 C:\Users\João Vitor\Documents\engclinicaci4\system\Model.php(574): CodeIgniter\Model->insert(Array, false)
#6 C:\Users\João Vitor\Documents\engclinicaci4\app\Controllers\Equipamento.php(61): CodeIgniter\Model->save(Array)
#7 C:\Users\João Vitor\Documents\engclinicaci4\system\CodeIgniter.php(918): App\Controllers\Equipamento->store()
#8 C:\Users\João Vitor\Documents\engclinicaci4\system\CodeIgniter.php(404): CodeIgniter\CodeIgniter->runController(Object(App\Controllers\Equipamento))
#9 C:\Users\João Vitor\Documents\engclinicaci4\system\CodeIgniter.php(312): CodeIgniter\CodeIgniter->handleRequest(NULL, Object(Config\Cache), false)
#10 C:\Users\João Vitor\Documents\engclinicaci4\public\index.php(45): CodeIgniter\CodeIgniter->run()
#11 C:\Users\João Vitor\Documents\engclinicaci4\system\Commands\Server\rewrite.php(34): require_once('C:\\Users\\Jo\xC3\xA3o ...')
#12 {main}
CRITICAL - 2022-03-09 18:38:20 --> Cannot add or update a child row: a foreign key constraint fails (`engclinica`.`equipamento`, CONSTRAINT `fk_equipamento_setor` FOREIGN KEY (`fk_setor`) REFERENCES `setor` (`id`) ON UPDATE CASCADE)
#0 C:\Users\João Vitor\Documents\engclinicaci4\system\Database\MySQLi\Connection.php(331): mysqli->query('INSERT INTO `eq...')
#1 C:\Users\João Vitor\Documents\engclinicaci4\system\Database\BaseConnection.php(741): CodeIgniter\Database\MySQLi\Connection->execute('INSERT INTO `eq...')
#2 C:\Users\João Vitor\Documents\engclinicaci4\system\Database\BaseConnection.php(669): CodeIgniter\Database\BaseConnection->simpleQuery('INSERT INTO `eq...')
#3 C:\Users\João Vitor\Documents\engclinicaci4\system\Database\BaseBuilder.php(2249): CodeIgniter\Database\BaseConnection->query('INSERT INTO `eq...', Array, false)
#4 C:\Users\João Vitor\Documents\engclinicaci4\system\Model.php(755): CodeIgniter\Database\BaseBuilder->insert()
#5 C:\Users\João Vitor\Documents\engclinicaci4\system\Model.php(574): CodeIgniter\Model->insert(Array, false)
#6 C:\Users\João Vitor\Documents\engclinicaci4\app\Controllers\Equipamento.php(61): CodeIgniter\Model->save(Array)
#7 C:\Users\João Vitor\Documents\engclinicaci4\system\CodeIgniter.php(918): App\Controllers\Equipamento->store()
#8 C:\Users\João Vitor\Documents\engclinicaci4\system\CodeIgniter.php(404): CodeIgniter\CodeIgniter->runController(Object(App\Controllers\Equipamento))
#9 C:\Users\João Vitor\Documents\engclinicaci4\system\CodeIgniter.php(312): CodeIgniter\CodeIgniter->handleRequest(NULL, Object(Config\Cache), false)
#10 C:\Users\João Vitor\Documents\engclinicaci4\public\index.php(45): CodeIgniter\CodeIgniter->run()
#11 C:\Users\João Vitor\Documents\engclinicaci4\system\Commands\Server\rewrite.php(34): require_once('C:\\Users\\Jo\xC3\xA3o ...')
#12 {main}
CRITICAL - 2022-03-09 18:38:28 --> Cannot add or update a child row: a foreign key constraint fails (`engclinica`.`equipamento`, CONSTRAINT `fk_equipamento_setor` FOREIGN KEY (`fk_setor`) REFERENCES `setor` (`id`) ON UPDATE CASCADE)
#0 C:\Users\João Vitor\Documents\engclinicaci4\system\Database\MySQLi\Connection.php(331): mysqli->query('INSERT INTO `eq...')
#1 C:\Users\João Vitor\Documents\engclinicaci4\system\Database\BaseConnection.php(741): CodeIgniter\Database\MySQLi\Connection->execute('INSERT INTO `eq...')
#2 C:\Users\João Vitor\Documents\engclinicaci4\system\Database\BaseConnection.php(669): CodeIgniter\Database\BaseConnection->simpleQuery('INSERT INTO `eq...')
#3 C:\Users\João Vitor\Documents\engclinicaci4\system\Database\BaseBuilder.php(2249): CodeIgniter\Database\BaseConnection->query('INSERT INTO `eq...', Array, false)
#4 C:\Users\João Vitor\Documents\engclinicaci4\system\Model.php(755): CodeIgniter\Database\BaseBuilder->insert()
#5 C:\Users\João Vitor\Documents\engclinicaci4\system\Model.php(574): CodeIgniter\Model->insert(Array, false)
#6 C:\Users\João Vitor\Documents\engclinicaci4\app\Controllers\Equipamento.php(61): CodeIgniter\Model->save(Array)
#7 C:\Users\João Vitor\Documents\engclinicaci4\system\CodeIgniter.php(918): App\Controllers\Equipamento->store()
#8 C:\Users\João Vitor\Documents\engclinicaci4\system\CodeIgniter.php(404): CodeIgniter\CodeIgniter->runController(Object(App\Controllers\Equipamento))
#9 C:\Users\João Vitor\Documents\engclinicaci4\system\CodeIgniter.php(312): CodeIgniter\CodeIgniter->handleRequest(NULL, Object(Config\Cache), false)
#10 C:\Users\João Vitor\Documents\engclinicaci4\public\index.php(45): CodeIgniter\CodeIgniter->run()
#11 C:\Users\João Vitor\Documents\engclinicaci4\system\Commands\Server\rewrite.php(34): require_once('C:\\Users\\Jo\xC3\xA3o ...')
#12 {main}
CRITICAL - 2022-03-09 18:39:55 --> Cannot add or update a child row: a foreign key constraint fails (`engclinica`.`equipamento`, CONSTRAINT `fk_equipamento_setor` FOREIGN KEY (`fk_setor`) REFERENCES `setor` (`id`) ON UPDATE CASCADE)
#0 C:\Users\João Vitor\Documents\engclinicaci4\system\Database\MySQLi\Connection.php(331): mysqli->query('INSERT INTO `eq...')
#1 C:\Users\João Vitor\Documents\engclinicaci4\system\Database\BaseConnection.php(741): CodeIgniter\Database\MySQLi\Connection->execute('INSERT INTO `eq...')
#2 C:\Users\João Vitor\Documents\engclinicaci4\system\Database\BaseConnection.php(669): CodeIgniter\Database\BaseConnection->simpleQuery('INSERT INTO `eq...')
#3 C:\Users\João Vitor\Documents\engclinicaci4\system\Database\BaseBuilder.php(2249): CodeIgniter\Database\BaseConnection->query('INSERT INTO `eq...', Array, false)
#4 C:\Users\João Vitor\Documents\engclinicaci4\system\Model.php(755): CodeIgniter\Database\BaseBuilder->insert()
#5 C:\Users\João Vitor\Documents\engclinicaci4\system\Model.php(574): CodeIgniter\Model->insert(Array, false)
#6 C:\Users\João Vitor\Documents\engclinicaci4\app\Controllers\Equipamento.php(61): CodeIgniter\Model->save(Array)
#7 C:\Users\João Vitor\Documents\engclinicaci4\system\CodeIgniter.php(918): App\Controllers\Equipamento->store()
#8 C:\Users\João Vitor\Documents\engclinicaci4\system\CodeIgniter.php(404): CodeIgniter\CodeIgniter->runController(Object(App\Controllers\Equipamento))
#9 C:\Users\João Vitor\Documents\engclinicaci4\system\CodeIgniter.php(312): CodeIgniter\CodeIgniter->handleRequest(NULL, Object(Config\Cache), false)
#10 C:\Users\João Vitor\Documents\engclinicaci4\public\index.php(45): CodeIgniter\CodeIgniter->run()
#11 C:\Users\João Vitor\Documents\engclinicaci4\system\Commands\Server\rewrite.php(34): require_once('C:\\Users\\Jo\xC3\xA3o ...')
#12 {main}
