CRITICAL - 2022-02-19 08:32:22 --> Unknown column 'setor' in 'field list'
#0 C:\Users\João Vitor\Documents\engclinicaci4\app\Views\relatorio\index.php(97): mysqli_query(Object(mysqli), 'SELECT DISTINCT...')
#1 C:\Users\João Vitor\Documents\engclinicaci4\system\View\View.php(246): include('C:\\Users\\Jo\xC3\xA3o ...')
#2 C:\Users\João Vitor\Documents\engclinicaci4\system\Common.php(1119): CodeIgniter\View\View->render('relatorio/index', Array, true)
#3 C:\Users\João Vitor\Documents\engclinicaci4\app\Controllers\Relatorio.php(22): view('relatorio/index')
#4 C:\Users\João Vitor\Documents\engclinicaci4\system\CodeIgniter.php(918): App\Controllers\Relatorio->index()
#5 C:\Users\João Vitor\Documents\engclinicaci4\system\CodeIgniter.php(404): CodeIgniter\CodeIgniter->runController(Object(App\Controllers\Relatorio))
#6 C:\Users\João Vitor\Documents\engclinicaci4\system\CodeIgniter.php(312): CodeIgniter\CodeIgniter->handleRequest(NULL, Object(Config\Cache), false)
#7 C:\Users\João Vitor\Documents\engclinicaci4\public\index.php(45): CodeIgniter\CodeIgniter->run()
#8 C:\Users\João Vitor\Documents\engclinicaci4\system\Commands\Server\rewrite.php(34): require_once('C:\\Users\\Jo\xC3\xA3o ...')
#9 {main}
CRITICAL - 2022-02-19 08:37:19 --> Cannot add or update a child row: a foreign key constraint fails (`engclinica`.`equipamento`, CONSTRAINT `fk_equipamento_setor` FOREIGN KEY (`fk_setor`) REFERENCES `setor` (`id`) ON UPDATE CASCADE)
#0 C:\Users\João Vitor\Documents\engclinicaci4\system\Database\MySQLi\Connection.php(331): mysqli->query('INSERT INTO `eq...')
#1 C:\Users\João Vitor\Documents\engclinicaci4\system\Database\BaseConnection.php(741): CodeIgniter\Database\MySQLi\Connection->execute('INSERT INTO `eq...')
#2 C:\Users\João Vitor\Documents\engclinicaci4\system\Database\BaseConnection.php(669): CodeIgniter\Database\BaseConnection->simpleQuery('INSERT INTO `eq...')
#3 C:\Users\João Vitor\Documents\engclinicaci4\system\Database\BaseBuilder.php(2249): CodeIgniter\Database\BaseConnection->query('INSERT INTO `eq...', Array, false)
#4 C:\Users\João Vitor\Documents\engclinicaci4\system\Model.php(755): CodeIgniter\Database\BaseBuilder->insert()
#5 C:\Users\João Vitor\Documents\engclinicaci4\system\Model.php(574): CodeIgniter\Model->insert(Array, false)
#6 C:\Users\João Vitor\Documents\engclinicaci4\app\Controllers\Equipamento.php(60): CodeIgniter\Model->save(Array)
#7 C:\Users\João Vitor\Documents\engclinicaci4\system\CodeIgniter.php(918): App\Controllers\Equipamento->store()
#8 C:\Users\João Vitor\Documents\engclinicaci4\system\CodeIgniter.php(404): CodeIgniter\CodeIgniter->runController(Object(App\Controllers\Equipamento))
#9 C:\Users\João Vitor\Documents\engclinicaci4\system\CodeIgniter.php(312): CodeIgniter\CodeIgniter->handleRequest(NULL, Object(Config\Cache), false)
#10 C:\Users\João Vitor\Documents\engclinicaci4\public\index.php(45): CodeIgniter\CodeIgniter->run()
#11 C:\Users\João Vitor\Documents\engclinicaci4\system\Commands\Server\rewrite.php(34): require_once('C:\\Users\\Jo\xC3\xA3o ...')
#12 {main}
CRITICAL - 2022-02-19 08:46:29 --> Cannot add or update a child row: a foreign key constraint fails (`engclinica`.`equipamento`, CONSTRAINT `fk_equipamento_setor` FOREIGN KEY (`fk_setor`) REFERENCES `setor` (`id`) ON UPDATE CASCADE)
#0 C:\Users\João Vitor\Documents\engclinicaci4\system\Database\MySQLi\Connection.php(331): mysqli->query('INSERT INTO `eq...')
#1 C:\Users\João Vitor\Documents\engclinicaci4\system\Database\BaseConnection.php(741): CodeIgniter\Database\MySQLi\Connection->execute('INSERT INTO `eq...')
#2 C:\Users\João Vitor\Documents\engclinicaci4\system\Database\BaseConnection.php(669): CodeIgniter\Database\BaseConnection->simpleQuery('INSERT INTO `eq...')
#3 C:\Users\João Vitor\Documents\engclinicaci4\system\Database\BaseBuilder.php(2249): CodeIgniter\Database\BaseConnection->query('INSERT INTO `eq...', Array, false)
#4 C:\Users\João Vitor\Documents\engclinicaci4\system\Model.php(755): CodeIgniter\Database\BaseBuilder->insert()
#5 C:\Users\João Vitor\Documents\engclinicaci4\system\Model.php(574): CodeIgniter\Model->insert(Array, false)
#6 C:\Users\João Vitor\Documents\engclinicaci4\app\Controllers\Equipamento.php(60): CodeIgniter\Model->save(Array)
#7 C:\Users\João Vitor\Documents\engclinicaci4\system\CodeIgniter.php(918): App\Controllers\Equipamento->store()
#8 C:\Users\João Vitor\Documents\engclinicaci4\system\CodeIgniter.php(404): CodeIgniter\CodeIgniter->runController(Object(App\Controllers\Equipamento))
#9 C:\Users\João Vitor\Documents\engclinicaci4\system\CodeIgniter.php(312): CodeIgniter\CodeIgniter->handleRequest(NULL, Object(Config\Cache), false)
#10 C:\Users\João Vitor\Documents\engclinicaci4\public\index.php(45): CodeIgniter\CodeIgniter->run()
#11 C:\Users\João Vitor\Documents\engclinicaci4\system\Commands\Server\rewrite.php(34): require_once('C:\\Users\\Jo\xC3\xA3o ...')
#12 {main}
CRITICAL - 2022-02-19 09:45:29 --> Cannot add or update a child row: a foreign key constraint fails (`engclinica`.`equipamento`, CONSTRAINT `fk_equipamento_setor` FOREIGN KEY (`fk_setor`) REFERENCES `setor` (`id`) ON UPDATE CASCADE)
#0 C:\Users\João Vitor\Documents\engclinicaci4\system\Database\MySQLi\Connection.php(331): mysqli->query('INSERT INTO `eq...')
#1 C:\Users\João Vitor\Documents\engclinicaci4\system\Database\BaseConnection.php(741): CodeIgniter\Database\MySQLi\Connection->execute('INSERT INTO `eq...')
#2 C:\Users\João Vitor\Documents\engclinicaci4\system\Database\BaseConnection.php(669): CodeIgniter\Database\BaseConnection->simpleQuery('INSERT INTO `eq...')
#3 C:\Users\João Vitor\Documents\engclinicaci4\system\Database\BaseBuilder.php(2249): CodeIgniter\Database\BaseConnection->query('INSERT INTO `eq...', Array, false)
#4 C:\Users\João Vitor\Documents\engclinicaci4\system\Model.php(755): CodeIgniter\Database\BaseBuilder->insert()
#5 C:\Users\João Vitor\Documents\engclinicaci4\system\Model.php(574): CodeIgniter\Model->insert(Array, false)
#6 C:\Users\João Vitor\Documents\engclinicaci4\app\Controllers\Equipamento.php(60): CodeIgniter\Model->save(Array)
#7 C:\Users\João Vitor\Documents\engclinicaci4\system\CodeIgniter.php(918): App\Controllers\Equipamento->store()
#8 C:\Users\João Vitor\Documents\engclinicaci4\system\CodeIgniter.php(404): CodeIgniter\CodeIgniter->runController(Object(App\Controllers\Equipamento))
#9 C:\Users\João Vitor\Documents\engclinicaci4\system\CodeIgniter.php(312): CodeIgniter\CodeIgniter->handleRequest(NULL, Object(Config\Cache), false)
#10 C:\Users\João Vitor\Documents\engclinicaci4\public\index.php(45): CodeIgniter\CodeIgniter->run()
#11 C:\Users\João Vitor\Documents\engclinicaci4\system\Commands\Server\rewrite.php(34): require_once('C:\\Users\\Jo\xC3\xA3o ...')
#12 {main}
CRITICAL - 2022-02-19 09:50:39 --> Call to undefined method App\Models\SetorModel::all
#0 C:\Users\João Vitor\Documents\engclinicaci4\app\Controllers\Equipamento.php(32): CodeIgniter\Model->__call('all', Array)
#1 C:\Users\João Vitor\Documents\engclinicaci4\system\CodeIgniter.php(918): App\Controllers\Equipamento->index()
#2 C:\Users\João Vitor\Documents\engclinicaci4\system\CodeIgniter.php(404): CodeIgniter\CodeIgniter->runController(Object(App\Controllers\Equipamento))
#3 C:\Users\João Vitor\Documents\engclinicaci4\system\CodeIgniter.php(312): CodeIgniter\CodeIgniter->handleRequest(NULL, Object(Config\Cache), false)
#4 C:\Users\João Vitor\Documents\engclinicaci4\public\index.php(45): CodeIgniter\CodeIgniter->run()
#5 C:\Users\João Vitor\Documents\engclinicaci4\system\Commands\Server\rewrite.php(34): require_once('C:\\Users\\Jo\xC3\xA3o ...')
#6 {main}
CRITICAL - 2022-02-19 09:50:49 --> syntax error, unexpected ';', expecting ']'
#0 C:\Users\João Vitor\Documents\engclinicaci4\system\Router\Router.php(195): CodeIgniter\Router\Router->autoRoute('equipamento')
#1 C:\Users\João Vitor\Documents\engclinicaci4\system\CodeIgniter.php(793): CodeIgniter\Router\Router->handle('equipamento')
#2 C:\Users\João Vitor\Documents\engclinicaci4\system\CodeIgniter.php(364): CodeIgniter\CodeIgniter->tryToRouteIt(Object(CodeIgniter\Router\RouteCollection))
#3 C:\Users\João Vitor\Documents\engclinicaci4\system\CodeIgniter.php(312): CodeIgniter\CodeIgniter->handleRequest(NULL, Object(Config\Cache), false)
#4 C:\Users\João Vitor\Documents\engclinicaci4\public\index.php(45): CodeIgniter\CodeIgniter->run()
#5 C:\Users\João Vitor\Documents\engclinicaci4\system\Commands\Server\rewrite.php(34): require_once('C:\\Users\\Jo\xC3\xA3o ...')
#6 {main}
CRITICAL - 2022-02-19 09:50:55 --> Call to undefined method App\Models\SetorModel::all
#0 C:\Users\João Vitor\Documents\engclinicaci4\app\Controllers\Equipamento.php(32): CodeIgniter\Model->__call('all', Array)
#1 C:\Users\João Vitor\Documents\engclinicaci4\system\CodeIgniter.php(918): App\Controllers\Equipamento->index()
#2 C:\Users\João Vitor\Documents\engclinicaci4\system\CodeIgniter.php(404): CodeIgniter\CodeIgniter->runController(Object(App\Controllers\Equipamento))
#3 C:\Users\João Vitor\Documents\engclinicaci4\system\CodeIgniter.php(312): CodeIgniter\CodeIgniter->handleRequest(NULL, Object(Config\Cache), false)
#4 C:\Users\João Vitor\Documents\engclinicaci4\public\index.php(45): CodeIgniter\CodeIgniter->run()
#5 C:\Users\João Vitor\Documents\engclinicaci4\system\Commands\Server\rewrite.php(34): require_once('C:\\Users\\Jo\xC3\xA3o ...')
#6 {main}
