CRITICAL - 2022-03-13 08:12:14 --> Undefined variable: _base
#0 C:\Users\João Vitor\Documents\engclinicaci4\app\Views\usuario\index.php(113): CodeIgniter\Debug\Exceptions->errorHandler(8, 'Undefined varia...', 'C:\\Users\\Jo\xC3\xA3o ...', 113, Array)
#1 C:\Users\João Vitor\Documents\engclinicaci4\system\View\View.php(246): include('C:\\Users\\Jo\xC3\xA3o ...')
#2 C:\Users\João Vitor\Documents\engclinicaci4\system\Common.php(1119): CodeIgniter\View\View->render('usuario/index', Array, true)
#3 C:\Users\João Vitor\Documents\engclinicaci4\app\Controllers\Usuario.php(30): view('usuario/index', Array)
#4 C:\Users\João Vitor\Documents\engclinicaci4\system\CodeIgniter.php(918): App\Controllers\Usuario->index()
#5 C:\Users\João Vitor\Documents\engclinicaci4\system\CodeIgniter.php(404): CodeIgniter\CodeIgniter->runController(Object(App\Controllers\Usuario))
#6 C:\Users\João Vitor\Documents\engclinicaci4\system\CodeIgniter.php(312): CodeIgniter\CodeIgniter->handleRequest(NULL, Object(Config\Cache), false)
#7 C:\Users\João Vitor\Documents\engclinicaci4\public\index.php(45): CodeIgniter\CodeIgniter->run()
#8 C:\Users\João Vitor\Documents\engclinicaci4\system\Commands\Server\rewrite.php(34): require_once('C:\\Users\\Jo\xC3\xA3o ...')
#9 {main}
CRITICAL - 2022-03-13 08:12:58 --> Undefined variable: _base
#0 C:\Users\João Vitor\Documents\engclinicaci4\app\Views\usuario\index.php(114): CodeIgniter\Debug\Exceptions->errorHandler(8, 'Undefined varia...', 'C:\\Users\\Jo\xC3\xA3o ...', 114, Array)
#1 C:\Users\João Vitor\Documents\engclinicaci4\system\View\View.php(246): include('C:\\Users\\Jo\xC3\xA3o ...')
#2 C:\Users\João Vitor\Documents\engclinicaci4\system\Common.php(1119): CodeIgniter\View\View->render('usuario/index', Array, true)
#3 C:\Users\João Vitor\Documents\engclinicaci4\app\Controllers\Usuario.php(30): view('usuario/index', Array)
#4 C:\Users\João Vitor\Documents\engclinicaci4\system\CodeIgniter.php(918): App\Controllers\Usuario->index()
#5 C:\Users\João Vitor\Documents\engclinicaci4\system\CodeIgniter.php(404): CodeIgniter\CodeIgniter->runController(Object(App\Controllers\Usuario))
#6 C:\Users\João Vitor\Documents\engclinicaci4\system\CodeIgniter.php(312): CodeIgniter\CodeIgniter->handleRequest(NULL, Object(Config\Cache), false)
#7 C:\Users\João Vitor\Documents\engclinicaci4\public\index.php(45): CodeIgniter\CodeIgniter->run()
#8 C:\Users\João Vitor\Documents\engclinicaci4\system\Commands\Server\rewrite.php(34): require_once('C:\\Users\\Jo\xC3\xA3o ...')
#9 {main}
CRITICAL - 2022-03-13 08:15:17 --> Cannot use object of type chillerlan\QRCode\QROptions as array
#0 C:\Users\João Vitor\Documents\engclinicaci4\system\Common.php(1119): CodeIgniter\View\View->render('equipamento/equ...', Object(chillerlan\QRCode\QROptions), true)
#1 C:\Users\João Vitor\Documents\engclinicaci4\app\Controllers\Equipamento.php(31): view('equipamento/equ...', Array)
#2 C:\Users\João Vitor\Documents\engclinicaci4\system\CodeIgniter.php(918): App\Controllers\Equipamento->index()
#3 C:\Users\João Vitor\Documents\engclinicaci4\system\CodeIgniter.php(404): CodeIgniter\CodeIgniter->runController(Object(App\Controllers\Equipamento))
#4 C:\Users\João Vitor\Documents\engclinicaci4\system\CodeIgniter.php(312): CodeIgniter\CodeIgniter->handleRequest(NULL, Object(Config\Cache), false)
#5 C:\Users\João Vitor\Documents\engclinicaci4\public\index.php(45): CodeIgniter\CodeIgniter->run()
#6 C:\Users\João Vitor\Documents\engclinicaci4\system\Commands\Server\rewrite.php(34): require_once('C:\\Users\\Jo\xC3\xA3o ...')
#7 {main}
CRITICAL - 2022-03-13 08:22:00 --> Cannot use object of type chillerlan\QRCode\QROptions as array
#0 C:\Users\João Vitor\Documents\engclinicaci4\system\Common.php(1119): CodeIgniter\View\View->render('equipamento/equ...', Object(chillerlan\QRCode\QROptions), true)
#1 C:\Users\João Vitor\Documents\engclinicaci4\app\Controllers\Equipamento.php(31): view('equipamento/equ...', Array)
#2 C:\Users\João Vitor\Documents\engclinicaci4\system\CodeIgniter.php(918): App\Controllers\Equipamento->index()
#3 C:\Users\João Vitor\Documents\engclinicaci4\system\CodeIgniter.php(404): CodeIgniter\CodeIgniter->runController(Object(App\Controllers\Equipamento))
#4 C:\Users\João Vitor\Documents\engclinicaci4\system\CodeIgniter.php(312): CodeIgniter\CodeIgniter->handleRequest(NULL, Object(Config\Cache), false)
#5 C:\Users\João Vitor\Documents\engclinicaci4\public\index.php(45): CodeIgniter\CodeIgniter->run()
#6 C:\Users\João Vitor\Documents\engclinicaci4\system\Commands\Server\rewrite.php(34): require_once('C:\\Users\\Jo\xC3\xA3o ...')
#7 {main}
CRITICAL - 2022-03-13 08:22:08 --> Cannot use object of type chillerlan\QRCode\QROptions as array
#0 C:\Users\João Vitor\Documents\engclinicaci4\system\Common.php(1119): CodeIgniter\View\View->render('equipamento/equ...', Object(chillerlan\QRCode\QROptions), true)
#1 C:\Users\João Vitor\Documents\engclinicaci4\app\Controllers\Equipamento.php(31): view('equipamento/equ...', Array)
#2 C:\Users\João Vitor\Documents\engclinicaci4\system\CodeIgniter.php(918): App\Controllers\Equipamento->index()
#3 C:\Users\João Vitor\Documents\engclinicaci4\system\CodeIgniter.php(404): CodeIgniter\CodeIgniter->runController(Object(App\Controllers\Equipamento))
#4 C:\Users\João Vitor\Documents\engclinicaci4\system\CodeIgniter.php(312): CodeIgniter\CodeIgniter->handleRequest(NULL, Object(Config\Cache), false)
#5 C:\Users\João Vitor\Documents\engclinicaci4\public\index.php(45): CodeIgniter\CodeIgniter->run()
#6 C:\Users\João Vitor\Documents\engclinicaci4\system\Commands\Server\rewrite.php(34): require_once('C:\\Users\\Jo\xC3\xA3o ...')
#7 {main}
CRITICAL - 2022-03-13 08:35:00 --> Cannot use object of type chillerlan\QRCode\QROptions as array
#0 C:\Users\João Vitor\Documents\engclinicaci4\system\Common.php(1119): CodeIgniter\View\View->render('equipamento/equ...', Object(chillerlan\QRCode\QROptions), true)
#1 C:\Users\João Vitor\Documents\engclinicaci4\app\Controllers\Equipamento.php(31): view('equipamento/equ...', Array)
#2 C:\Users\João Vitor\Documents\engclinicaci4\system\CodeIgniter.php(918): App\Controllers\Equipamento->index()
#3 C:\Users\João Vitor\Documents\engclinicaci4\system\CodeIgniter.php(404): CodeIgniter\CodeIgniter->runController(Object(App\Controllers\Equipamento))
#4 C:\Users\João Vitor\Documents\engclinicaci4\system\CodeIgniter.php(312): CodeIgniter\CodeIgniter->handleRequest(NULL, Object(Config\Cache), false)
#5 C:\Users\João Vitor\Documents\engclinicaci4\public\index.php(45): CodeIgniter\CodeIgniter->run()
#6 C:\Users\João Vitor\Documents\engclinicaci4\system\Commands\Server\rewrite.php(34): require_once('C:\\Users\\Jo\xC3\xA3o ...')
#7 {main}
CRITICAL - 2022-03-13 08:58:43 --> Unknown column 'unidade' in 'field list'
#0 C:\Users\João Vitor\Documents\engclinicaci4\system\Database\MySQLi\Connection.php(331): mysqli->query('UPDATE `vw_equi...')
#1 C:\Users\João Vitor\Documents\engclinicaci4\system\Database\BaseConnection.php(741): CodeIgniter\Database\MySQLi\Connection->execute('UPDATE `vw_equi...')
#2 C:\Users\João Vitor\Documents\engclinicaci4\system\Database\BaseConnection.php(669): CodeIgniter\Database\BaseConnection->simpleQuery('UPDATE `vw_equi...')
#3 C:\Users\João Vitor\Documents\engclinicaci4\system\Database\BaseBuilder.php(2456): CodeIgniter\Database\BaseConnection->query('UPDATE `vw_equi...', Array, false)
#4 C:\Users\João Vitor\Documents\engclinicaci4\system\Model.php(889): CodeIgniter\Database\BaseBuilder->update()
#5 C:\Users\João Vitor\Documents\engclinicaci4\app\Controllers\Equipamento.php(63): CodeIgniter\Model->update(Array, Array)
#6 C:\Users\João Vitor\Documents\engclinicaci4\system\CodeIgniter.php(918): App\Controllers\Equipamento->store()
#7 C:\Users\João Vitor\Documents\engclinicaci4\system\CodeIgniter.php(404): CodeIgniter\CodeIgniter->runController(Object(App\Controllers\Equipamento))
#8 C:\Users\João Vitor\Documents\engclinicaci4\system\CodeIgniter.php(312): CodeIgniter\CodeIgniter->handleRequest(NULL, Object(Config\Cache), false)
#9 C:\Users\João Vitor\Documents\engclinicaci4\public\index.php(45): CodeIgniter\CodeIgniter->run()
#10 C:\Users\João Vitor\Documents\engclinicaci4\system\Commands\Server\rewrite.php(34): require_once('C:\\Users\\Jo\xC3\xA3o ...')
#11 {main}
CRITICAL - 2022-03-13 09:06:57 --> The target table vw_equipamento_setor of the INSERT is not insertable-into
#0 C:\Users\João Vitor\Documents\engclinicaci4\system\Database\MySQLi\Connection.php(331): mysqli->query('INSERT INTO `vw...')
#1 C:\Users\João Vitor\Documents\engclinicaci4\system\Database\BaseConnection.php(741): CodeIgniter\Database\MySQLi\Connection->execute('INSERT INTO `vw...')
#2 C:\Users\João Vitor\Documents\engclinicaci4\system\Database\BaseConnection.php(669): CodeIgniter\Database\BaseConnection->simpleQuery('INSERT INTO `vw...')
#3 C:\Users\João Vitor\Documents\engclinicaci4\system\Database\BaseBuilder.php(2249): CodeIgniter\Database\BaseConnection->query('INSERT INTO `vw...', Array, false)
#4 C:\Users\João Vitor\Documents\engclinicaci4\system\Model.php(755): CodeIgniter\Database\BaseBuilder->insert()
#5 C:\Users\João Vitor\Documents\engclinicaci4\system\Model.php(574): CodeIgniter\Model->insert(Array, false)
#6 C:\Users\João Vitor\Documents\engclinicaci4\app\Controllers\Equipamento.php(66): CodeIgniter\Model->save(Array)
#7 C:\Users\João Vitor\Documents\engclinicaci4\system\CodeIgniter.php(918): App\Controllers\Equipamento->store()
#8 C:\Users\João Vitor\Documents\engclinicaci4\system\CodeIgniter.php(404): CodeIgniter\CodeIgniter->runController(Object(App\Controllers\Equipamento))
#9 C:\Users\João Vitor\Documents\engclinicaci4\system\CodeIgniter.php(312): CodeIgniter\CodeIgniter->handleRequest(NULL, Object(Config\Cache), false)
#10 C:\Users\João Vitor\Documents\engclinicaci4\public\index.php(45): CodeIgniter\CodeIgniter->run()
#11 C:\Users\João Vitor\Documents\engclinicaci4\system\Commands\Server\rewrite.php(34): require_once('C:\\Users\\Jo\xC3\xA3o ...')
#12 {main}
CRITICAL - 2022-03-13 09:08:11 --> The target table vw_equipamento_setor of the INSERT is not insertable-into
#0 C:\Users\João Vitor\Documents\engclinicaci4\system\Database\MySQLi\Connection.php(331): mysqli->query('INSERT INTO `vw...')
#1 C:\Users\João Vitor\Documents\engclinicaci4\system\Database\BaseConnection.php(741): CodeIgniter\Database\MySQLi\Connection->execute('INSERT INTO `vw...')
#2 C:\Users\João Vitor\Documents\engclinicaci4\system\Database\BaseConnection.php(669): CodeIgniter\Database\BaseConnection->simpleQuery('INSERT INTO `vw...')
#3 C:\Users\João Vitor\Documents\engclinicaci4\system\Database\BaseBuilder.php(2249): CodeIgniter\Database\BaseConnection->query('INSERT INTO `vw...', Array, false)
#4 C:\Users\João Vitor\Documents\engclinicaci4\system\Model.php(755): CodeIgniter\Database\BaseBuilder->insert()
#5 C:\Users\João Vitor\Documents\engclinicaci4\system\Model.php(574): CodeIgniter\Model->insert(Array, false)
#6 C:\Users\João Vitor\Documents\engclinicaci4\app\Controllers\Equipamento.php(66): CodeIgniter\Model->save(Array)
#7 C:\Users\João Vitor\Documents\engclinicaci4\system\CodeIgniter.php(918): App\Controllers\Equipamento->store()
#8 C:\Users\João Vitor\Documents\engclinicaci4\system\CodeIgniter.php(404): CodeIgniter\CodeIgniter->runController(Object(App\Controllers\Equipamento))
#9 C:\Users\João Vitor\Documents\engclinicaci4\system\CodeIgniter.php(312): CodeIgniter\CodeIgniter->handleRequest(NULL, Object(Config\Cache), false)
#10 C:\Users\João Vitor\Documents\engclinicaci4\public\index.php(45): CodeIgniter\CodeIgniter->run()
#11 C:\Users\João Vitor\Documents\engclinicaci4\system\Commands\Server\rewrite.php(34): require_once('C:\\Users\\Jo\xC3\xA3o ...')
#12 {main}
CRITICAL - 2022-03-13 09:08:14 --> The target table vw_equipamento_setor of the INSERT is not insertable-into
#0 C:\Users\João Vitor\Documents\engclinicaci4\system\Database\MySQLi\Connection.php(331): mysqli->query('INSERT INTO `vw...')
#1 C:\Users\João Vitor\Documents\engclinicaci4\system\Database\BaseConnection.php(741): CodeIgniter\Database\MySQLi\Connection->execute('INSERT INTO `vw...')
#2 C:\Users\João Vitor\Documents\engclinicaci4\system\Database\BaseConnection.php(669): CodeIgniter\Database\BaseConnection->simpleQuery('INSERT INTO `vw...')
#3 C:\Users\João Vitor\Documents\engclinicaci4\system\Database\BaseBuilder.php(2249): CodeIgniter\Database\BaseConnection->query('INSERT INTO `vw...', Array, false)
#4 C:\Users\João Vitor\Documents\engclinicaci4\system\Model.php(755): CodeIgniter\Database\BaseBuilder->insert()
#5 C:\Users\João Vitor\Documents\engclinicaci4\system\Model.php(574): CodeIgniter\Model->insert(Array, false)
#6 C:\Users\João Vitor\Documents\engclinicaci4\app\Controllers\Equipamento.php(66): CodeIgniter\Model->save(Array)
#7 C:\Users\João Vitor\Documents\engclinicaci4\system\CodeIgniter.php(918): App\Controllers\Equipamento->store()
#8 C:\Users\João Vitor\Documents\engclinicaci4\system\CodeIgniter.php(404): CodeIgniter\CodeIgniter->runController(Object(App\Controllers\Equipamento))
#9 C:\Users\João Vitor\Documents\engclinicaci4\system\CodeIgniter.php(312): CodeIgniter\CodeIgniter->handleRequest(NULL, Object(Config\Cache), false)
#10 C:\Users\João Vitor\Documents\engclinicaci4\public\index.php(45): CodeIgniter\CodeIgniter->run()
#11 C:\Users\João Vitor\Documents\engclinicaci4\system\Commands\Server\rewrite.php(34): require_once('C:\\Users\\Jo\xC3\xA3o ...')
#12 {main}
CRITICAL - 2022-03-13 09:08:35 --> The target table vw_equipamento_setor of the INSERT is not insertable-into
#0 C:\Users\João Vitor\Documents\engclinicaci4\system\Database\MySQLi\Connection.php(331): mysqli->query('INSERT INTO `vw...')
#1 C:\Users\João Vitor\Documents\engclinicaci4\system\Database\BaseConnection.php(741): CodeIgniter\Database\MySQLi\Connection->execute('INSERT INTO `vw...')
#2 C:\Users\João Vitor\Documents\engclinicaci4\system\Database\BaseConnection.php(669): CodeIgniter\Database\BaseConnection->simpleQuery('INSERT INTO `vw...')
#3 C:\Users\João Vitor\Documents\engclinicaci4\system\Database\BaseBuilder.php(2249): CodeIgniter\Database\BaseConnection->query('INSERT INTO `vw...', Array, false)
#4 C:\Users\João Vitor\Documents\engclinicaci4\system\Model.php(755): CodeIgniter\Database\BaseBuilder->insert()
#5 C:\Users\João Vitor\Documents\engclinicaci4\system\Model.php(574): CodeIgniter\Model->insert(Array, false)
#6 C:\Users\João Vitor\Documents\engclinicaci4\app\Controllers\Equipamento.php(66): CodeIgniter\Model->save(Array)
#7 C:\Users\João Vitor\Documents\engclinicaci4\system\CodeIgniter.php(918): App\Controllers\Equipamento->store()
#8 C:\Users\João Vitor\Documents\engclinicaci4\system\CodeIgniter.php(404): CodeIgniter\CodeIgniter->runController(Object(App\Controllers\Equipamento))
#9 C:\Users\João Vitor\Documents\engclinicaci4\system\CodeIgniter.php(312): CodeIgniter\CodeIgniter->handleRequest(NULL, Object(Config\Cache), false)
#10 C:\Users\João Vitor\Documents\engclinicaci4\public\index.php(45): CodeIgniter\CodeIgniter->run()
#11 C:\Users\João Vitor\Documents\engclinicaci4\system\Commands\Server\rewrite.php(34): require_once('C:\\Users\\Jo\xC3\xA3o ...')
#12 {main}
CRITICAL - 2022-03-13 09:12:39 --> The target table vw_equipamento_setor of the INSERT is not insertable-into
#0 C:\Users\João Vitor\Documents\engclinicaci4\system\Database\MySQLi\Connection.php(331): mysqli->query('INSERT INTO `vw...')
#1 C:\Users\João Vitor\Documents\engclinicaci4\system\Database\BaseConnection.php(741): CodeIgniter\Database\MySQLi\Connection->execute('INSERT INTO `vw...')
#2 C:\Users\João Vitor\Documents\engclinicaci4\system\Database\BaseConnection.php(669): CodeIgniter\Database\BaseConnection->simpleQuery('INSERT INTO `vw...')
#3 C:\Users\João Vitor\Documents\engclinicaci4\system\Database\BaseBuilder.php(2249): CodeIgniter\Database\BaseConnection->query('INSERT INTO `vw...', Array, false)
#4 C:\Users\João Vitor\Documents\engclinicaci4\system\Model.php(755): CodeIgniter\Database\BaseBuilder->insert()
#5 C:\Users\João Vitor\Documents\engclinicaci4\system\Model.php(574): CodeIgniter\Model->insert(Array, false)
#6 C:\Users\João Vitor\Documents\engclinicaci4\app\Controllers\Equipamento.php(66): CodeIgniter\Model->save(Array)
#7 C:\Users\João Vitor\Documents\engclinicaci4\system\CodeIgniter.php(918): App\Controllers\Equipamento->store()
#8 C:\Users\João Vitor\Documents\engclinicaci4\system\CodeIgniter.php(404): CodeIgniter\CodeIgniter->runController(Object(App\Controllers\Equipamento))
#9 C:\Users\João Vitor\Documents\engclinicaci4\system\CodeIgniter.php(312): CodeIgniter\CodeIgniter->handleRequest(NULL, Object(Config\Cache), false)
#10 C:\Users\João Vitor\Documents\engclinicaci4\public\index.php(45): CodeIgniter\CodeIgniter->run()
#11 C:\Users\João Vitor\Documents\engclinicaci4\system\Commands\Server\rewrite.php(34): require_once('C:\\Users\\Jo\xC3\xA3o ...')
#12 {main}
CRITICAL - 2022-03-13 09:17:19 --> The target table vw_equipamento_setor of the INSERT is not insertable-into
#0 C:\Users\João Vitor\Documents\engclinicaci4\system\Database\MySQLi\Connection.php(331): mysqli->query('INSERT INTO `vw...')
#1 C:\Users\João Vitor\Documents\engclinicaci4\system\Database\BaseConnection.php(741): CodeIgniter\Database\MySQLi\Connection->execute('INSERT INTO `vw...')
#2 C:\Users\João Vitor\Documents\engclinicaci4\system\Database\BaseConnection.php(669): CodeIgniter\Database\BaseConnection->simpleQuery('INSERT INTO `vw...')
#3 C:\Users\João Vitor\Documents\engclinicaci4\system\Database\BaseBuilder.php(2249): CodeIgniter\Database\BaseConnection->query('INSERT INTO `vw...', Array, false)
#4 C:\Users\João Vitor\Documents\engclinicaci4\system\Model.php(755): CodeIgniter\Database\BaseBuilder->insert()
#5 C:\Users\João Vitor\Documents\engclinicaci4\system\Model.php(574): CodeIgniter\Model->insert(Array, false)
#6 C:\Users\João Vitor\Documents\engclinicaci4\app\Controllers\Equipamento.php(66): CodeIgniter\Model->save(Array)
#7 C:\Users\João Vitor\Documents\engclinicaci4\system\CodeIgniter.php(918): App\Controllers\Equipamento->store()
#8 C:\Users\João Vitor\Documents\engclinicaci4\system\CodeIgniter.php(404): CodeIgniter\CodeIgniter->runController(Object(App\Controllers\Equipamento))
#9 C:\Users\João Vitor\Documents\engclinicaci4\system\CodeIgniter.php(312): CodeIgniter\CodeIgniter->handleRequest(NULL, Object(Config\Cache), false)
#10 C:\Users\João Vitor\Documents\engclinicaci4\public\index.php(45): CodeIgniter\CodeIgniter->run()
#11 C:\Users\João Vitor\Documents\engclinicaci4\system\Commands\Server\rewrite.php(34): require_once('C:\\Users\\Jo\xC3\xA3o ...')
#12 {main}
CRITICAL - 2022-03-13 09:17:47 --> The target table vw_equipamento_setor of the INSERT is not insertable-into
#0 C:\Users\João Vitor\Documents\engclinicaci4\system\Database\MySQLi\Connection.php(331): mysqli->query('INSERT INTO `vw...')
#1 C:\Users\João Vitor\Documents\engclinicaci4\system\Database\BaseConnection.php(741): CodeIgniter\Database\MySQLi\Connection->execute('INSERT INTO `vw...')
#2 C:\Users\João Vitor\Documents\engclinicaci4\system\Database\BaseConnection.php(669): CodeIgniter\Database\BaseConnection->simpleQuery('INSERT INTO `vw...')
#3 C:\Users\João Vitor\Documents\engclinicaci4\system\Database\BaseBuilder.php(2249): CodeIgniter\Database\BaseConnection->query('INSERT INTO `vw...', Array, false)
#4 C:\Users\João Vitor\Documents\engclinicaci4\system\Model.php(755): CodeIgniter\Database\BaseBuilder->insert()
#5 C:\Users\João Vitor\Documents\engclinicaci4\system\Model.php(574): CodeIgniter\Model->insert(Array, false)
#6 C:\Users\João Vitor\Documents\engclinicaci4\app\Controllers\Equipamento.php(66): CodeIgniter\Model->save(Array)
#7 C:\Users\João Vitor\Documents\engclinicaci4\system\CodeIgniter.php(918): App\Controllers\Equipamento->store()
#8 C:\Users\João Vitor\Documents\engclinicaci4\system\CodeIgniter.php(404): CodeIgniter\CodeIgniter->runController(Object(App\Controllers\Equipamento))
#9 C:\Users\João Vitor\Documents\engclinicaci4\system\CodeIgniter.php(312): CodeIgniter\CodeIgniter->handleRequest(NULL, Object(Config\Cache), false)
#10 C:\Users\João Vitor\Documents\engclinicaci4\public\index.php(45): CodeIgniter\CodeIgniter->run()
#11 C:\Users\João Vitor\Documents\engclinicaci4\system\Commands\Server\rewrite.php(34): require_once('C:\\Users\\Jo\xC3\xA3o ...')
#12 {main}
CRITICAL - 2022-03-13 09:19:25 --> The target table vw_equipamento_setor of the INSERT is not insertable-into
#0 C:\Users\João Vitor\Documents\engclinicaci4\system\Database\MySQLi\Connection.php(331): mysqli->query('INSERT INTO `vw...')
#1 C:\Users\João Vitor\Documents\engclinicaci4\system\Database\BaseConnection.php(741): CodeIgniter\Database\MySQLi\Connection->execute('INSERT INTO `vw...')
#2 C:\Users\João Vitor\Documents\engclinicaci4\system\Database\BaseConnection.php(669): CodeIgniter\Database\BaseConnection->simpleQuery('INSERT INTO `vw...')
#3 C:\Users\João Vitor\Documents\engclinicaci4\system\Database\BaseBuilder.php(2249): CodeIgniter\Database\BaseConnection->query('INSERT INTO `vw...', Array, false)
#4 C:\Users\João Vitor\Documents\engclinicaci4\system\Model.php(755): CodeIgniter\Database\BaseBuilder->insert()
#5 C:\Users\João Vitor\Documents\engclinicaci4\system\Model.php(574): CodeIgniter\Model->insert(Array, false)
#6 C:\Users\João Vitor\Documents\engclinicaci4\app\Controllers\Equipamento.php(66): CodeIgniter\Model->save(Array)
#7 C:\Users\João Vitor\Documents\engclinicaci4\system\CodeIgniter.php(918): App\Controllers\Equipamento->store()
#8 C:\Users\João Vitor\Documents\engclinicaci4\system\CodeIgniter.php(404): CodeIgniter\CodeIgniter->runController(Object(App\Controllers\Equipamento))
#9 C:\Users\João Vitor\Documents\engclinicaci4\system\CodeIgniter.php(312): CodeIgniter\CodeIgniter->handleRequest(NULL, Object(Config\Cache), false)
#10 C:\Users\João Vitor\Documents\engclinicaci4\public\index.php(45): CodeIgniter\CodeIgniter->run()
#11 C:\Users\João Vitor\Documents\engclinicaci4\system\Commands\Server\rewrite.php(34): require_once('C:\\Users\\Jo\xC3\xA3o ...')
#12 {main}
CRITICAL - 2022-03-13 09:21:04 --> The target table vw_equipamento_setor of the INSERT is not insertable-into
#0 C:\Users\João Vitor\Documents\engclinicaci4\system\Database\MySQLi\Connection.php(331): mysqli->query('INSERT INTO `vw...')
#1 C:\Users\João Vitor\Documents\engclinicaci4\system\Database\BaseConnection.php(741): CodeIgniter\Database\MySQLi\Connection->execute('INSERT INTO `vw...')
#2 C:\Users\João Vitor\Documents\engclinicaci4\system\Database\BaseConnection.php(669): CodeIgniter\Database\BaseConnection->simpleQuery('INSERT INTO `vw...')
#3 C:\Users\João Vitor\Documents\engclinicaci4\system\Database\BaseBuilder.php(2249): CodeIgniter\Database\BaseConnection->query('INSERT INTO `vw...', Array, false)
#4 C:\Users\João Vitor\Documents\engclinicaci4\system\Model.php(755): CodeIgniter\Database\BaseBuilder->insert()
#5 C:\Users\João Vitor\Documents\engclinicaci4\system\Model.php(574): CodeIgniter\Model->insert(Array, false)
#6 C:\Users\João Vitor\Documents\engclinicaci4\app\Controllers\Equipamento.php(66): CodeIgniter\Model->save(Array)
#7 C:\Users\João Vitor\Documents\engclinicaci4\system\CodeIgniter.php(918): App\Controllers\Equipamento->store()
#8 C:\Users\João Vitor\Documents\engclinicaci4\system\CodeIgniter.php(404): CodeIgniter\CodeIgniter->runController(Object(App\Controllers\Equipamento))
#9 C:\Users\João Vitor\Documents\engclinicaci4\system\CodeIgniter.php(312): CodeIgniter\CodeIgniter->handleRequest(NULL, Object(Config\Cache), false)
#10 C:\Users\João Vitor\Documents\engclinicaci4\public\index.php(45): CodeIgniter\CodeIgniter->run()
#11 C:\Users\João Vitor\Documents\engclinicaci4\system\Commands\Server\rewrite.php(34): require_once('C:\\Users\\Jo\xC3\xA3o ...')
#12 {main}
CRITICAL - 2022-03-13 09:21:30 --> The target table vw_equipamento_setor of the INSERT is not insertable-into
#0 C:\Users\João Vitor\Documents\engclinicaci4\system\Database\MySQLi\Connection.php(331): mysqli->query('INSERT INTO `vw...')
#1 C:\Users\João Vitor\Documents\engclinicaci4\system\Database\BaseConnection.php(741): CodeIgniter\Database\MySQLi\Connection->execute('INSERT INTO `vw...')
#2 C:\Users\João Vitor\Documents\engclinicaci4\system\Database\BaseConnection.php(669): CodeIgniter\Database\BaseConnection->simpleQuery('INSERT INTO `vw...')
#3 C:\Users\João Vitor\Documents\engclinicaci4\system\Database\BaseBuilder.php(2249): CodeIgniter\Database\BaseConnection->query('INSERT INTO `vw...', Array, false)
#4 C:\Users\João Vitor\Documents\engclinicaci4\system\Model.php(755): CodeIgniter\Database\BaseBuilder->insert()
#5 C:\Users\João Vitor\Documents\engclinicaci4\system\Model.php(574): CodeIgniter\Model->insert(Array, false)
#6 C:\Users\João Vitor\Documents\engclinicaci4\app\Controllers\Equipamento.php(66): CodeIgniter\Model->save(Array)
#7 C:\Users\João Vitor\Documents\engclinicaci4\system\CodeIgniter.php(918): App\Controllers\Equipamento->store()
#8 C:\Users\João Vitor\Documents\engclinicaci4\system\CodeIgniter.php(404): CodeIgniter\CodeIgniter->runController(Object(App\Controllers\Equipamento))
#9 C:\Users\João Vitor\Documents\engclinicaci4\system\CodeIgniter.php(312): CodeIgniter\CodeIgniter->handleRequest(NULL, Object(Config\Cache), false)
#10 C:\Users\João Vitor\Documents\engclinicaci4\public\index.php(45): CodeIgniter\CodeIgniter->run()
#11 C:\Users\João Vitor\Documents\engclinicaci4\system\Commands\Server\rewrite.php(34): require_once('C:\\Users\\Jo\xC3\xA3o ...')
#12 {main}
CRITICAL - 2022-03-13 09:29:05 --> Duplicate entry '0' for key 'PRIMARY'
#0 C:\Users\João Vitor\Documents\engclinicaci4\system\Database\MySQLi\Connection.php(331): mysqli->query('UPDATE `equipam...')
#1 C:\Users\João Vitor\Documents\engclinicaci4\system\Database\BaseConnection.php(741): CodeIgniter\Database\MySQLi\Connection->execute('UPDATE `equipam...')
#2 C:\Users\João Vitor\Documents\engclinicaci4\system\Database\BaseConnection.php(669): CodeIgniter\Database\BaseConnection->simpleQuery('UPDATE `equipam...')
#3 C:\Users\João Vitor\Documents\engclinicaci4\system\Database\BaseBuilder.php(2456): CodeIgniter\Database\BaseConnection->query('UPDATE `equipam...', Array, false)
#4 C:\Users\João Vitor\Documents\engclinicaci4\system\Model.php(889): CodeIgniter\Database\BaseBuilder->update()
#5 C:\Users\João Vitor\Documents\engclinicaci4\app\Controllers\Equipamento.php(63): CodeIgniter\Model->update(Array, Array)
#6 C:\Users\João Vitor\Documents\engclinicaci4\system\CodeIgniter.php(918): App\Controllers\Equipamento->store()
#7 C:\Users\João Vitor\Documents\engclinicaci4\system\CodeIgniter.php(404): CodeIgniter\CodeIgniter->runController(Object(App\Controllers\Equipamento))
#8 C:\Users\João Vitor\Documents\engclinicaci4\system\CodeIgniter.php(312): CodeIgniter\CodeIgniter->handleRequest(NULL, Object(Config\Cache), false)
#9 C:\Users\João Vitor\Documents\engclinicaci4\public\index.php(45): CodeIgniter\CodeIgniter->run()
#10 C:\Users\João Vitor\Documents\engclinicaci4\system\Commands\Server\rewrite.php(34): require_once('C:\\Users\\Jo\xC3\xA3o ...')
#11 {main}
CRITICAL - 2022-03-13 09:30:12 --> Duplicate entry '0' for key 'PRIMARY'
#0 C:\Users\João Vitor\Documents\engclinicaci4\system\Database\MySQLi\Connection.php(331): mysqli->query('UPDATE `equipam...')
#1 C:\Users\João Vitor\Documents\engclinicaci4\system\Database\BaseConnection.php(741): CodeIgniter\Database\MySQLi\Connection->execute('UPDATE `equipam...')
#2 C:\Users\João Vitor\Documents\engclinicaci4\system\Database\BaseConnection.php(669): CodeIgniter\Database\BaseConnection->simpleQuery('UPDATE `equipam...')
#3 C:\Users\João Vitor\Documents\engclinicaci4\system\Database\BaseBuilder.php(2456): CodeIgniter\Database\BaseConnection->query('UPDATE `equipam...', Array, false)
#4 C:\Users\João Vitor\Documents\engclinicaci4\system\Model.php(889): CodeIgniter\Database\BaseBuilder->update()
#5 C:\Users\João Vitor\Documents\engclinicaci4\app\Controllers\Equipamento.php(63): CodeIgniter\Model->update(Array, Array)
#6 C:\Users\João Vitor\Documents\engclinicaci4\system\CodeIgniter.php(918): App\Controllers\Equipamento->store()
#7 C:\Users\João Vitor\Documents\engclinicaci4\system\CodeIgniter.php(404): CodeIgniter\CodeIgniter->runController(Object(App\Controllers\Equipamento))
#8 C:\Users\João Vitor\Documents\engclinicaci4\system\CodeIgniter.php(312): CodeIgniter\CodeIgniter->handleRequest(NULL, Object(Config\Cache), false)
#9 C:\Users\João Vitor\Documents\engclinicaci4\public\index.php(45): CodeIgniter\CodeIgniter->run()
#10 C:\Users\João Vitor\Documents\engclinicaci4\system\Commands\Server\rewrite.php(34): require_once('C:\\Users\\Jo\xC3\xA3o ...')
#11 {main}
CRITICAL - 2022-03-13 09:31:57 --> Duplicate entry '0' for key 'PRIMARY'
#0 C:\Users\João Vitor\Documents\engclinicaci4\system\Database\MySQLi\Connection.php(331): mysqli->query('UPDATE `equipam...')
#1 C:\Users\João Vitor\Documents\engclinicaci4\system\Database\BaseConnection.php(741): CodeIgniter\Database\MySQLi\Connection->execute('UPDATE `equipam...')
#2 C:\Users\João Vitor\Documents\engclinicaci4\system\Database\BaseConnection.php(669): CodeIgniter\Database\BaseConnection->simpleQuery('UPDATE `equipam...')
#3 C:\Users\João Vitor\Documents\engclinicaci4\system\Database\BaseBuilder.php(2456): CodeIgniter\Database\BaseConnection->query('UPDATE `equipam...', Array, false)
#4 C:\Users\João Vitor\Documents\engclinicaci4\system\Model.php(889): CodeIgniter\Database\BaseBuilder->update()
#5 C:\Users\João Vitor\Documents\engclinicaci4\app\Controllers\Equipamento.php(58): CodeIgniter\Model->update(Array, Array)
#6 C:\Users\João Vitor\Documents\engclinicaci4\system\CodeIgniter.php(918): App\Controllers\Equipamento->store()
#7 C:\Users\João Vitor\Documents\engclinicaci4\system\CodeIgniter.php(404): CodeIgniter\CodeIgniter->runController(Object(App\Controllers\Equipamento))
#8 C:\Users\João Vitor\Documents\engclinicaci4\system\CodeIgniter.php(312): CodeIgniter\CodeIgniter->handleRequest(NULL, Object(Config\Cache), false)
#9 C:\Users\João Vitor\Documents\engclinicaci4\public\index.php(45): CodeIgniter\CodeIgniter->run()
#10 C:\Users\João Vitor\Documents\engclinicaci4\system\Commands\Server\rewrite.php(34): require_once('C:\\Users\\Jo\xC3\xA3o ...')
#11 {main}
CRITICAL - 2022-03-13 09:32:27 --> Duplicate entry '0' for key 'PRIMARY'
#0 C:\Users\João Vitor\Documents\engclinicaci4\system\Database\MySQLi\Connection.php(331): mysqli->query('UPDATE `equipam...')
#1 C:\Users\João Vitor\Documents\engclinicaci4\system\Database\BaseConnection.php(741): CodeIgniter\Database\MySQLi\Connection->execute('UPDATE `equipam...')
#2 C:\Users\João Vitor\Documents\engclinicaci4\system\Database\BaseConnection.php(669): CodeIgniter\Database\BaseConnection->simpleQuery('UPDATE `equipam...')
#3 C:\Users\João Vitor\Documents\engclinicaci4\system\Database\BaseBuilder.php(2456): CodeIgniter\Database\BaseConnection->query('UPDATE `equipam...', Array, false)
#4 C:\Users\João Vitor\Documents\engclinicaci4\system\Model.php(889): CodeIgniter\Database\BaseBuilder->update()
#5 C:\Users\João Vitor\Documents\engclinicaci4\app\Controllers\Equipamento.php(58): CodeIgniter\Model->update(Array, Array)
#6 C:\Users\João Vitor\Documents\engclinicaci4\system\CodeIgniter.php(918): App\Controllers\Equipamento->store()
#7 C:\Users\João Vitor\Documents\engclinicaci4\system\CodeIgniter.php(404): CodeIgniter\CodeIgniter->runController(Object(App\Controllers\Equipamento))
#8 C:\Users\João Vitor\Documents\engclinicaci4\system\CodeIgniter.php(312): CodeIgniter\CodeIgniter->handleRequest(NULL, Object(Config\Cache), false)
#9 C:\Users\João Vitor\Documents\engclinicaci4\public\index.php(45): CodeIgniter\CodeIgniter->run()
#10 C:\Users\João Vitor\Documents\engclinicaci4\system\Commands\Server\rewrite.php(34): require_once('C:\\Users\\Jo\xC3\xA3o ...')
#11 {main}
CRITICAL - 2022-03-13 09:34:14 --> The target table vw_equipamento_setor of the INSERT is not insertable-into
#0 C:\Users\João Vitor\Documents\engclinicaci4\system\Database\MySQLi\Connection.php(331): mysqli->query('INSERT INTO `vw...')
#1 C:\Users\João Vitor\Documents\engclinicaci4\system\Database\BaseConnection.php(741): CodeIgniter\Database\MySQLi\Connection->execute('INSERT INTO `vw...')
#2 C:\Users\João Vitor\Documents\engclinicaci4\system\Database\BaseConnection.php(669): CodeIgniter\Database\BaseConnection->simpleQuery('INSERT INTO `vw...')
#3 C:\Users\João Vitor\Documents\engclinicaci4\system\Database\BaseBuilder.php(2249): CodeIgniter\Database\BaseConnection->query('INSERT INTO `vw...', Array, false)
#4 C:\Users\João Vitor\Documents\engclinicaci4\system\Model.php(755): CodeIgniter\Database\BaseBuilder->insert()
#5 C:\Users\João Vitor\Documents\engclinicaci4\system\Model.php(574): CodeIgniter\Model->insert(Array, false)
#6 C:\Users\João Vitor\Documents\engclinicaci4\app\Controllers\Equipamento.php(61): CodeIgniter\Model->save(Array)
#7 C:\Users\João Vitor\Documents\engclinicaci4\system\CodeIgniter.php(918): App\Controllers\Equipamento->store()
#8 C:\Users\João Vitor\Documents\engclinicaci4\system\CodeIgniter.php(404): CodeIgniter\CodeIgniter->runController(Object(App\Controllers\Equipamento))
#9 C:\Users\João Vitor\Documents\engclinicaci4\system\CodeIgniter.php(312): CodeIgniter\CodeIgniter->handleRequest(NULL, Object(Config\Cache), false)
#10 C:\Users\João Vitor\Documents\engclinicaci4\public\index.php(45): CodeIgniter\CodeIgniter->run()
#11 C:\Users\João Vitor\Documents\engclinicaci4\system\Commands\Server\rewrite.php(34): require_once('C:\\Users\\Jo\xC3\xA3o ...')
#12 {main}
CRITICAL - 2022-03-13 09:34:42 --> The target table vw_equipamento_setor of the INSERT is not insertable-into
#0 C:\Users\João Vitor\Documents\engclinicaci4\system\Database\MySQLi\Connection.php(331): mysqli->query('INSERT INTO `vw...')
#1 C:\Users\João Vitor\Documents\engclinicaci4\system\Database\BaseConnection.php(741): CodeIgniter\Database\MySQLi\Connection->execute('INSERT INTO `vw...')
#2 C:\Users\João Vitor\Documents\engclinicaci4\system\Database\BaseConnection.php(669): CodeIgniter\Database\BaseConnection->simpleQuery('INSERT INTO `vw...')
#3 C:\Users\João Vitor\Documents\engclinicaci4\system\Database\BaseBuilder.php(2249): CodeIgniter\Database\BaseConnection->query('INSERT INTO `vw...', Array, false)
#4 C:\Users\João Vitor\Documents\engclinicaci4\system\Model.php(755): CodeIgniter\Database\BaseBuilder->insert()
#5 C:\Users\João Vitor\Documents\engclinicaci4\system\Model.php(574): CodeIgniter\Model->insert(Array, false)
#6 C:\Users\João Vitor\Documents\engclinicaci4\app\Controllers\Equipamento.php(61): CodeIgniter\Model->save(Array)
#7 C:\Users\João Vitor\Documents\engclinicaci4\system\CodeIgniter.php(918): App\Controllers\Equipamento->store()
#8 C:\Users\João Vitor\Documents\engclinicaci4\system\CodeIgniter.php(404): CodeIgniter\CodeIgniter->runController(Object(App\Controllers\Equipamento))
#9 C:\Users\João Vitor\Documents\engclinicaci4\system\CodeIgniter.php(312): CodeIgniter\CodeIgniter->handleRequest(NULL, Object(Config\Cache), false)
#10 C:\Users\João Vitor\Documents\engclinicaci4\public\index.php(45): CodeIgniter\CodeIgniter->run()
#11 C:\Users\João Vitor\Documents\engclinicaci4\system\Commands\Server\rewrite.php(34): require_once('C:\\Users\\Jo\xC3\xA3o ...')
#12 {main}
CRITICAL - 2022-03-13 09:34:48 --> The target table vw_equipamento_setor of the INSERT is not insertable-into
#0 C:\Users\João Vitor\Documents\engclinicaci4\system\Database\MySQLi\Connection.php(331): mysqli->query('INSERT INTO `vw...')
#1 C:\Users\João Vitor\Documents\engclinicaci4\system\Database\BaseConnection.php(741): CodeIgniter\Database\MySQLi\Connection->execute('INSERT INTO `vw...')
#2 C:\Users\João Vitor\Documents\engclinicaci4\system\Database\BaseConnection.php(669): CodeIgniter\Database\BaseConnection->simpleQuery('INSERT INTO `vw...')
#3 C:\Users\João Vitor\Documents\engclinicaci4\system\Database\BaseBuilder.php(2249): CodeIgniter\Database\BaseConnection->query('INSERT INTO `vw...', Array, false)
#4 C:\Users\João Vitor\Documents\engclinicaci4\system\Model.php(755): CodeIgniter\Database\BaseBuilder->insert()
#5 C:\Users\João Vitor\Documents\engclinicaci4\system\Model.php(574): CodeIgniter\Model->insert(Array, false)
#6 C:\Users\João Vitor\Documents\engclinicaci4\app\Controllers\Equipamento.php(61): CodeIgniter\Model->save(Array)
#7 C:\Users\João Vitor\Documents\engclinicaci4\system\CodeIgniter.php(918): App\Controllers\Equipamento->store()
#8 C:\Users\João Vitor\Documents\engclinicaci4\system\CodeIgniter.php(404): CodeIgniter\CodeIgniter->runController(Object(App\Controllers\Equipamento))
#9 C:\Users\João Vitor\Documents\engclinicaci4\system\CodeIgniter.php(312): CodeIgniter\CodeIgniter->handleRequest(NULL, Object(Config\Cache), false)
#10 C:\Users\João Vitor\Documents\engclinicaci4\public\index.php(45): CodeIgniter\CodeIgniter->run()
#11 C:\Users\João Vitor\Documents\engclinicaci4\system\Commands\Server\rewrite.php(34): require_once('C:\\Users\\Jo\xC3\xA3o ...')
#12 {main}
CRITICAL - 2022-03-13 09:35:07 --> The target table vw_equipamento_setor of the INSERT is not insertable-into
#0 C:\Users\João Vitor\Documents\engclinicaci4\system\Database\MySQLi\Connection.php(331): mysqli->query('INSERT INTO `vw...')
#1 C:\Users\João Vitor\Documents\engclinicaci4\system\Database\BaseConnection.php(741): CodeIgniter\Database\MySQLi\Connection->execute('INSERT INTO `vw...')
#2 C:\Users\João Vitor\Documents\engclinicaci4\system\Database\BaseConnection.php(669): CodeIgniter\Database\BaseConnection->simpleQuery('INSERT INTO `vw...')
#3 C:\Users\João Vitor\Documents\engclinicaci4\system\Database\BaseBuilder.php(2249): CodeIgniter\Database\BaseConnection->query('INSERT INTO `vw...', Array, false)
#4 C:\Users\João Vitor\Documents\engclinicaci4\system\Model.php(755): CodeIgniter\Database\BaseBuilder->insert()
#5 C:\Users\João Vitor\Documents\engclinicaci4\system\Model.php(574): CodeIgniter\Model->insert(Array, false)
#6 C:\Users\João Vitor\Documents\engclinicaci4\app\Controllers\Equipamento.php(61): CodeIgniter\Model->save(Array)
#7 C:\Users\João Vitor\Documents\engclinicaci4\system\CodeIgniter.php(918): App\Controllers\Equipamento->store()
#8 C:\Users\João Vitor\Documents\engclinicaci4\system\CodeIgniter.php(404): CodeIgniter\CodeIgniter->runController(Object(App\Controllers\Equipamento))
#9 C:\Users\João Vitor\Documents\engclinicaci4\system\CodeIgniter.php(312): CodeIgniter\CodeIgniter->handleRequest(NULL, Object(Config\Cache), false)
#10 C:\Users\João Vitor\Documents\engclinicaci4\public\index.php(45): CodeIgniter\CodeIgniter->run()
#11 C:\Users\João Vitor\Documents\engclinicaci4\system\Commands\Server\rewrite.php(34): require_once('C:\\Users\\Jo\xC3\xA3o ...')
#12 {main}
CRITICAL - 2022-03-13 09:40:26 --> Invalid file: equipamento/js/main.php
#0 C:\Users\João Vitor\Documents\engclinicaci4\system\View\View.php(228): CodeIgniter\Exceptions\FrameworkException::forInvalidFile('equipamento/js/...')
#1 C:\Users\João Vitor\Documents\engclinicaci4\system\Common.php(1119): CodeIgniter\View\View->render('equipamento/js/...', Array, true)
#2 C:\Users\João Vitor\Documents\engclinicaci4\app\Controllers\Equipamento.php(28): view('equipamento/js/...')
#3 C:\Users\João Vitor\Documents\engclinicaci4\system\CodeIgniter.php(918): App\Controllers\Equipamento->index()
#4 C:\Users\João Vitor\Documents\engclinicaci4\system\CodeIgniter.php(404): CodeIgniter\CodeIgniter->runController(Object(App\Controllers\Equipamento))
#5 C:\Users\João Vitor\Documents\engclinicaci4\system\CodeIgniter.php(312): CodeIgniter\CodeIgniter->handleRequest(NULL, Object(Config\Cache), false)
#6 C:\Users\João Vitor\Documents\engclinicaci4\public\index.php(45): CodeIgniter\CodeIgniter->run()
#7 C:\Users\João Vitor\Documents\engclinicaci4\system\Commands\Server\rewrite.php(34): require_once('C:\\Users\\Jo\xC3\xA3o ...')
#8 {main}
CRITICAL - 2022-03-13 09:40:47 --> Invalid file: equipamento/js/main.php
#0 C:\Users\João Vitor\Documents\engclinicaci4\system\View\View.php(228): CodeIgniter\Exceptions\FrameworkException::forInvalidFile('equipamento/js/...')
#1 C:\Users\João Vitor\Documents\engclinicaci4\system\Common.php(1119): CodeIgniter\View\View->render('equipamento/js/...', Array, true)
#2 C:\Users\João Vitor\Documents\engclinicaci4\app\Controllers\Equipamento.php(28): view('equipamento/js/...')
#3 C:\Users\João Vitor\Documents\engclinicaci4\system\CodeIgniter.php(918): App\Controllers\Equipamento->index()
#4 C:\Users\João Vitor\Documents\engclinicaci4\system\CodeIgniter.php(404): CodeIgniter\CodeIgniter->runController(Object(App\Controllers\Equipamento))
#5 C:\Users\João Vitor\Documents\engclinicaci4\system\CodeIgniter.php(312): CodeIgniter\CodeIgniter->handleRequest(NULL, Object(Config\Cache), false)
#6 C:\Users\João Vitor\Documents\engclinicaci4\public\index.php(45): CodeIgniter\CodeIgniter->run()
#7 C:\Users\João Vitor\Documents\engclinicaci4\system\Commands\Server\rewrite.php(34): require_once('C:\\Users\\Jo\xC3\xA3o ...')
#8 {main}
CRITICAL - 2022-03-13 09:40:58 --> Invalid file: equipamento/js/main.php
#0 C:\Users\João Vitor\Documents\engclinicaci4\system\View\View.php(228): CodeIgniter\Exceptions\FrameworkException::forInvalidFile('equipamento/js/...')
#1 C:\Users\João Vitor\Documents\engclinicaci4\system\Common.php(1119): CodeIgniter\View\View->render('equipamento/js/...', Array, true)
#2 C:\Users\João Vitor\Documents\engclinicaci4\app\Controllers\Equipamento.php(28): view('equipamento/js/...')
#3 C:\Users\João Vitor\Documents\engclinicaci4\system\CodeIgniter.php(918): App\Controllers\Equipamento->index()
#4 C:\Users\João Vitor\Documents\engclinicaci4\system\CodeIgniter.php(404): CodeIgniter\CodeIgniter->runController(Object(App\Controllers\Equipamento))
#5 C:\Users\João Vitor\Documents\engclinicaci4\system\CodeIgniter.php(312): CodeIgniter\CodeIgniter->handleRequest(NULL, Object(Config\Cache), false)
#6 C:\Users\João Vitor\Documents\engclinicaci4\public\index.php(45): CodeIgniter\CodeIgniter->run()
#7 C:\Users\João Vitor\Documents\engclinicaci4\system\Commands\Server\rewrite.php(34): require_once('C:\\Users\\Jo\xC3\xA3o ...')
#8 {main}
CRITICAL - 2022-03-13 09:41:08 --> Invalid file: equipamento/js/main.php
#0 C:\Users\João Vitor\Documents\engclinicaci4\system\View\View.php(228): CodeIgniter\Exceptions\FrameworkException::forInvalidFile('equipamento/js/...')
#1 C:\Users\João Vitor\Documents\engclinicaci4\system\Common.php(1119): CodeIgniter\View\View->render('equipamento/js/...', Array, true)
#2 C:\Users\João Vitor\Documents\engclinicaci4\app\Controllers\Equipamento.php(28): view('equipamento/js/...')
#3 C:\Users\João Vitor\Documents\engclinicaci4\system\CodeIgniter.php(918): App\Controllers\Equipamento->index()
#4 C:\Users\João Vitor\Documents\engclinicaci4\system\CodeIgniter.php(404): CodeIgniter\CodeIgniter->runController(Object(App\Controllers\Equipamento))
#5 C:\Users\João Vitor\Documents\engclinicaci4\system\CodeIgniter.php(312): CodeIgniter\CodeIgniter->handleRequest(NULL, Object(Config\Cache), false)
#6 C:\Users\João Vitor\Documents\engclinicaci4\public\index.php(45): CodeIgniter\CodeIgniter->run()
#7 C:\Users\João Vitor\Documents\engclinicaci4\system\Commands\Server\rewrite.php(34): require_once('C:\\Users\\Jo\xC3\xA3o ...')
#8 {main}
CRITICAL - 2022-03-13 09:41:25 --> Invalid file: equipamento/js/main.php
#0 C:\Users\João Vitor\Documents\engclinicaci4\system\View\View.php(228): CodeIgniter\Exceptions\FrameworkException::forInvalidFile('equipamento/js/...')
#1 C:\Users\João Vitor\Documents\engclinicaci4\system\Common.php(1119): CodeIgniter\View\View->render('equipamento/js/...', Array, true)
#2 C:\Users\João Vitor\Documents\engclinicaci4\app\Controllers\Equipamento.php(28): view('equipamento/js/...')
#3 C:\Users\João Vitor\Documents\engclinicaci4\system\CodeIgniter.php(918): App\Controllers\Equipamento->index()
#4 C:\Users\João Vitor\Documents\engclinicaci4\system\CodeIgniter.php(404): CodeIgniter\CodeIgniter->runController(Object(App\Controllers\Equipamento))
#5 C:\Users\João Vitor\Documents\engclinicaci4\system\CodeIgniter.php(312): CodeIgniter\CodeIgniter->handleRequest(NULL, Object(Config\Cache), false)
#6 C:\Users\João Vitor\Documents\engclinicaci4\public\index.php(45): CodeIgniter\CodeIgniter->run()
#7 C:\Users\João Vitor\Documents\engclinicaci4\system\Commands\Server\rewrite.php(34): require_once('C:\\Users\\Jo\xC3\xA3o ...')
#8 {main}
CRITICAL - 2022-03-13 09:41:36 --> Invalid file: equipamento/js/main.php
#0 C:\Users\João Vitor\Documents\engclinicaci4\system\View\View.php(228): CodeIgniter\Exceptions\FrameworkException::forInvalidFile('equipamento/js/...')
#1 C:\Users\João Vitor\Documents\engclinicaci4\system\Common.php(1119): CodeIgniter\View\View->render('equipamento/js/...', Array, true)
#2 C:\Users\João Vitor\Documents\engclinicaci4\app\Controllers\Equipamento.php(28): view('equipamento/js/...')
#3 C:\Users\João Vitor\Documents\engclinicaci4\system\CodeIgniter.php(918): App\Controllers\Equipamento->index()
#4 C:\Users\João Vitor\Documents\engclinicaci4\system\CodeIgniter.php(404): CodeIgniter\CodeIgniter->runController(Object(App\Controllers\Equipamento))
#5 C:\Users\João Vitor\Documents\engclinicaci4\system\CodeIgniter.php(312): CodeIgniter\CodeIgniter->handleRequest(NULL, Object(Config\Cache), false)
#6 C:\Users\João Vitor\Documents\engclinicaci4\public\index.php(45): CodeIgniter\CodeIgniter->run()
#7 C:\Users\João Vitor\Documents\engclinicaci4\system\Commands\Server\rewrite.php(34): require_once('C:\\Users\\Jo\xC3\xA3o ...')
#8 {main}
CRITICAL - 2022-03-13 09:50:31 --> The target table vw_equipamento_setor of the INSERT is not insertable-into
#0 C:\Users\João Vitor\Documents\engclinicaci4\system\Database\MySQLi\Connection.php(331): mysqli->query('INSERT INTO `vw...')
#1 C:\Users\João Vitor\Documents\engclinicaci4\system\Database\BaseConnection.php(741): CodeIgniter\Database\MySQLi\Connection->execute('INSERT INTO `vw...')
#2 C:\Users\João Vitor\Documents\engclinicaci4\system\Database\BaseConnection.php(669): CodeIgniter\Database\BaseConnection->simpleQuery('INSERT INTO `vw...')
#3 C:\Users\João Vitor\Documents\engclinicaci4\system\Database\BaseBuilder.php(2249): CodeIgniter\Database\BaseConnection->query('INSERT INTO `vw...', Array, false)
#4 C:\Users\João Vitor\Documents\engclinicaci4\system\Model.php(755): CodeIgniter\Database\BaseBuilder->insert()
#5 C:\Users\João Vitor\Documents\engclinicaci4\system\Model.php(574): CodeIgniter\Model->insert(Array, false)
#6 C:\Users\João Vitor\Documents\engclinicaci4\app\Controllers\Equipamento.php(62): CodeIgniter\Model->save(Array)
#7 C:\Users\João Vitor\Documents\engclinicaci4\system\CodeIgniter.php(918): App\Controllers\Equipamento->store()
#8 C:\Users\João Vitor\Documents\engclinicaci4\system\CodeIgniter.php(404): CodeIgniter\CodeIgniter->runController(Object(App\Controllers\Equipamento))
#9 C:\Users\João Vitor\Documents\engclinicaci4\system\CodeIgniter.php(312): CodeIgniter\CodeIgniter->handleRequest(NULL, Object(Config\Cache), false)
#10 C:\Users\João Vitor\Documents\engclinicaci4\public\index.php(45): CodeIgniter\CodeIgniter->run()
#11 C:\Users\João Vitor\Documents\engclinicaci4\system\Commands\Server\rewrite.php(34): require_once('C:\\Users\\Jo\xC3\xA3o ...')
#12 {main}
CRITICAL - 2022-03-13 10:00:34 --> count(): Parameter must be an array or an object that implements Countable
#0 C:\Users\João Vitor\Documents\engclinicaci4\app\Views\equipamento\ordem.php(185): CodeIgniter\Debug\Exceptions->errorHandler(2, 'count(): Parame...', 'C:\\Users\\Jo\xC3\xA3o ...', 185, Array)
#1 C:\Users\João Vitor\Documents\engclinicaci4\system\View\View.php(246): include('C:\\Users\\Jo\xC3\xA3o ...')
#2 C:\Users\João Vitor\Documents\engclinicaci4\system\Common.php(1119): CodeIgniter\View\View->render('equipamento/ord...', Array, true)
#3 C:\Users\João Vitor\Documents\engclinicaci4\app\Controllers\Equipamento.php(136): view('equipamento/ord...', Array)
#4 C:\Users\João Vitor\Documents\engclinicaci4\system\CodeIgniter.php(918): App\Controllers\Equipamento->ordem('0')
#5 C:\Users\João Vitor\Documents\engclinicaci4\system\CodeIgniter.php(404): CodeIgniter\CodeIgniter->runController(Object(App\Controllers\Equipamento))
#6 C:\Users\João Vitor\Documents\engclinicaci4\system\CodeIgniter.php(312): CodeIgniter\CodeIgniter->handleRequest(NULL, Object(Config\Cache), false)
#7 C:\Users\João Vitor\Documents\engclinicaci4\public\index.php(45): CodeIgniter\CodeIgniter->run()
#8 C:\Users\João Vitor\Documents\engclinicaci4\system\Commands\Server\rewrite.php(34): require_once('C:\\Users\\Jo\xC3\xA3o ...')
#9 {main}
CRITICAL - 2022-03-13 10:03:25 --> Invalid argument supplied for foreach()
#0 C:\Users\João Vitor\Documents\engclinicaci4\app\Views\equipamento\ordem.php(238): CodeIgniter\Debug\Exceptions->errorHandler(2, 'Invalid argumen...', 'C:\\Users\\Jo\xC3\xA3o ...', 238, Array)
#1 C:\Users\João Vitor\Documents\engclinicaci4\system\View\View.php(246): include('C:\\Users\\Jo\xC3\xA3o ...')
#2 C:\Users\João Vitor\Documents\engclinicaci4\system\Common.php(1119): CodeIgniter\View\View->render('equipamento/ord...', Array, true)
#3 C:\Users\João Vitor\Documents\engclinicaci4\app\Controllers\Equipamento.php(136): view('equipamento/ord...', Array)
#4 C:\Users\João Vitor\Documents\engclinicaci4\system\CodeIgniter.php(918): App\Controllers\Equipamento->ordem('0')
#5 C:\Users\João Vitor\Documents\engclinicaci4\system\CodeIgniter.php(404): CodeIgniter\CodeIgniter->runController(Object(App\Controllers\Equipamento))
#6 C:\Users\João Vitor\Documents\engclinicaci4\system\CodeIgniter.php(312): CodeIgniter\CodeIgniter->handleRequest(NULL, Object(Config\Cache), false)
#7 C:\Users\João Vitor\Documents\engclinicaci4\public\index.php(45): CodeIgniter\CodeIgniter->run()
#8 C:\Users\João Vitor\Documents\engclinicaci4\system\Commands\Server\rewrite.php(34): require_once('C:\\Users\\Jo\xC3\xA3o ...')
#9 {main}
CRITICAL - 2022-03-13 10:03:51 --> Invalid argument supplied for foreach()
#0 C:\Users\João Vitor\Documents\engclinicaci4\app\Views\equipamento\ordem.php(238): CodeIgniter\Debug\Exceptions->errorHandler(2, 'Invalid argumen...', 'C:\\Users\\Jo\xC3\xA3o ...', 238, Array)
#1 C:\Users\João Vitor\Documents\engclinicaci4\system\View\View.php(246): include('C:\\Users\\Jo\xC3\xA3o ...')
#2 C:\Users\João Vitor\Documents\engclinicaci4\system\Common.php(1119): CodeIgniter\View\View->render('equipamento/ord...', Array, true)
#3 C:\Users\João Vitor\Documents\engclinicaci4\app\Controllers\Equipamento.php(136): view('equipamento/ord...', Array)
#4 C:\Users\João Vitor\Documents\engclinicaci4\system\CodeIgniter.php(918): App\Controllers\Equipamento->ordem('0')
#5 C:\Users\João Vitor\Documents\engclinicaci4\system\CodeIgniter.php(404): CodeIgniter\CodeIgniter->runController(Object(App\Controllers\Equipamento))
#6 C:\Users\João Vitor\Documents\engclinicaci4\system\CodeIgniter.php(312): CodeIgniter\CodeIgniter->handleRequest(NULL, Object(Config\Cache), false)
#7 C:\Users\João Vitor\Documents\engclinicaci4\public\index.php(45): CodeIgniter\CodeIgniter->run()
#8 C:\Users\João Vitor\Documents\engclinicaci4\system\Commands\Server\rewrite.php(34): require_once('C:\\Users\\Jo\xC3\xA3o ...')
#9 {main}
CRITICAL - 2022-03-13 10:03:59 --> Invalid argument supplied for foreach()
#0 C:\Users\João Vitor\Documents\engclinicaci4\app\Views\equipamento\ordem.php(282): CodeIgniter\Debug\Exceptions->errorHandler(2, 'Invalid argumen...', 'C:\\Users\\Jo\xC3\xA3o ...', 282, Array)
#1 C:\Users\João Vitor\Documents\engclinicaci4\system\View\View.php(246): include('C:\\Users\\Jo\xC3\xA3o ...')
#2 C:\Users\João Vitor\Documents\engclinicaci4\system\Common.php(1119): CodeIgniter\View\View->render('equipamento/ord...', Array, true)
#3 C:\Users\João Vitor\Documents\engclinicaci4\app\Controllers\Equipamento.php(136): view('equipamento/ord...', Array)
#4 C:\Users\João Vitor\Documents\engclinicaci4\system\CodeIgniter.php(918): App\Controllers\Equipamento->ordem('0')
#5 C:\Users\João Vitor\Documents\engclinicaci4\system\CodeIgniter.php(404): CodeIgniter\CodeIgniter->runController(Object(App\Controllers\Equipamento))
#6 C:\Users\João Vitor\Documents\engclinicaci4\system\CodeIgniter.php(312): CodeIgniter\CodeIgniter->handleRequest(NULL, Object(Config\Cache), false)
#7 C:\Users\João Vitor\Documents\engclinicaci4\public\index.php(45): CodeIgniter\CodeIgniter->run()
#8 C:\Users\João Vitor\Documents\engclinicaci4\system\Commands\Server\rewrite.php(34): require_once('C:\\Users\\Jo\xC3\xA3o ...')
#9 {main}
CRITICAL - 2022-03-13 10:04:33 --> Invalid argument supplied for foreach()
#0 C:\Users\João Vitor\Documents\engclinicaci4\app\Views\equipamento\ordem.php(318): CodeIgniter\Debug\Exceptions->errorHandler(2, 'Invalid argumen...', 'C:\\Users\\Jo\xC3\xA3o ...', 318, Array)
#1 C:\Users\João Vitor\Documents\engclinicaci4\system\View\View.php(246): include('C:\\Users\\Jo\xC3\xA3o ...')
#2 C:\Users\João Vitor\Documents\engclinicaci4\system\Common.php(1119): CodeIgniter\View\View->render('equipamento/ord...', Array, true)
#3 C:\Users\João Vitor\Documents\engclinicaci4\app\Controllers\Equipamento.php(136): view('equipamento/ord...', Array)
#4 C:\Users\João Vitor\Documents\engclinicaci4\system\CodeIgniter.php(918): App\Controllers\Equipamento->ordem('0')
#5 C:\Users\João Vitor\Documents\engclinicaci4\system\CodeIgniter.php(404): CodeIgniter\CodeIgniter->runController(Object(App\Controllers\Equipamento))
#6 C:\Users\João Vitor\Documents\engclinicaci4\system\CodeIgniter.php(312): CodeIgniter\CodeIgniter->handleRequest(NULL, Object(Config\Cache), false)
#7 C:\Users\João Vitor\Documents\engclinicaci4\public\index.php(45): CodeIgniter\CodeIgniter->run()
#8 C:\Users\João Vitor\Documents\engclinicaci4\system\Commands\Server\rewrite.php(34): require_once('C:\\Users\\Jo\xC3\xA3o ...')
#9 {main}
CRITICAL - 2022-03-13 10:04:58 --> Invalid argument supplied for foreach()
#0 C:\Users\João Vitor\Documents\engclinicaci4\app\Views\equipamento\ordem.php(318): CodeIgniter\Debug\Exceptions->errorHandler(2, 'Invalid argumen...', 'C:\\Users\\Jo\xC3\xA3o ...', 318, Array)
#1 C:\Users\João Vitor\Documents\engclinicaci4\system\View\View.php(246): include('C:\\Users\\Jo\xC3\xA3o ...')
#2 C:\Users\João Vitor\Documents\engclinicaci4\system\Common.php(1119): CodeIgniter\View\View->render('equipamento/ord...', Array, true)
#3 C:\Users\João Vitor\Documents\engclinicaci4\app\Controllers\Equipamento.php(136): view('equipamento/ord...', Array)
#4 C:\Users\João Vitor\Documents\engclinicaci4\system\CodeIgniter.php(918): App\Controllers\Equipamento->ordem('0')
#5 C:\Users\João Vitor\Documents\engclinicaci4\system\CodeIgniter.php(404): CodeIgniter\CodeIgniter->runController(Object(App\Controllers\Equipamento))
#6 C:\Users\João Vitor\Documents\engclinicaci4\system\CodeIgniter.php(312): CodeIgniter\CodeIgniter->handleRequest(NULL, Object(Config\Cache), false)
#7 C:\Users\João Vitor\Documents\engclinicaci4\public\index.php(45): CodeIgniter\CodeIgniter->run()
#8 C:\Users\João Vitor\Documents\engclinicaci4\system\Commands\Server\rewrite.php(34): require_once('C:\\Users\\Jo\xC3\xA3o ...')
#9 {main}
CRITICAL - 2022-03-13 10:04:58 --> Invalid argument supplied for foreach()
#0 C:\Users\João Vitor\Documents\engclinicaci4\app\Views\equipamento\ordem.php(318): CodeIgniter\Debug\Exceptions->errorHandler(2, 'Invalid argumen...', 'C:\\Users\\Jo\xC3\xA3o ...', 318, Array)
#1 C:\Users\João Vitor\Documents\engclinicaci4\system\View\View.php(246): include('C:\\Users\\Jo\xC3\xA3o ...')
#2 C:\Users\João Vitor\Documents\engclinicaci4\system\Common.php(1119): CodeIgniter\View\View->render('equipamento/ord...', Array, true)
#3 C:\Users\João Vitor\Documents\engclinicaci4\app\Controllers\Equipamento.php(136): view('equipamento/ord...', Array)
#4 C:\Users\João Vitor\Documents\engclinicaci4\system\CodeIgniter.php(918): App\Controllers\Equipamento->ordem('0')
#5 C:\Users\João Vitor\Documents\engclinicaci4\system\CodeIgniter.php(404): CodeIgniter\CodeIgniter->runController(Object(App\Controllers\Equipamento))
#6 C:\Users\João Vitor\Documents\engclinicaci4\system\CodeIgniter.php(312): CodeIgniter\CodeIgniter->handleRequest(NULL, Object(Config\Cache), false)
#7 C:\Users\João Vitor\Documents\engclinicaci4\public\index.php(45): CodeIgniter\CodeIgniter->run()
#8 C:\Users\João Vitor\Documents\engclinicaci4\system\Commands\Server\rewrite.php(34): require_once('C:\\Users\\Jo\xC3\xA3o ...')
#9 {main}
CRITICAL - 2022-03-13 10:05:09 --> Invalid argument supplied for foreach()
#0 C:\Users\João Vitor\Documents\engclinicaci4\app\Views\equipamento\ordem.php(355): CodeIgniter\Debug\Exceptions->errorHandler(2, 'Invalid argumen...', 'C:\\Users\\Jo\xC3\xA3o ...', 355, Array)
#1 C:\Users\João Vitor\Documents\engclinicaci4\system\View\View.php(246): include('C:\\Users\\Jo\xC3\xA3o ...')
#2 C:\Users\João Vitor\Documents\engclinicaci4\system\Common.php(1119): CodeIgniter\View\View->render('equipamento/ord...', Array, true)
#3 C:\Users\João Vitor\Documents\engclinicaci4\app\Controllers\Equipamento.php(136): view('equipamento/ord...', Array)
#4 C:\Users\João Vitor\Documents\engclinicaci4\system\CodeIgniter.php(918): App\Controllers\Equipamento->ordem('0')
#5 C:\Users\João Vitor\Documents\engclinicaci4\system\CodeIgniter.php(404): CodeIgniter\CodeIgniter->runController(Object(App\Controllers\Equipamento))
#6 C:\Users\João Vitor\Documents\engclinicaci4\system\CodeIgniter.php(312): CodeIgniter\CodeIgniter->handleRequest(NULL, Object(Config\Cache), false)
#7 C:\Users\João Vitor\Documents\engclinicaci4\public\index.php(45): CodeIgniter\CodeIgniter->run()
#8 C:\Users\João Vitor\Documents\engclinicaci4\system\Commands\Server\rewrite.php(34): require_once('C:\\Users\\Jo\xC3\xA3o ...')
#9 {main}
CRITICAL - 2022-03-13 10:05:36 --> Invalid argument supplied for foreach()
#0 C:\Users\João Vitor\Documents\engclinicaci4\app\Views\equipamento\ordem.php(393): CodeIgniter\Debug\Exceptions->errorHandler(2, 'Invalid argumen...', 'C:\\Users\\Jo\xC3\xA3o ...', 393, Array)
#1 C:\Users\João Vitor\Documents\engclinicaci4\system\View\View.php(246): include('C:\\Users\\Jo\xC3\xA3o ...')
#2 C:\Users\João Vitor\Documents\engclinicaci4\system\Common.php(1119): CodeIgniter\View\View->render('equipamento/ord...', Array, true)
#3 C:\Users\João Vitor\Documents\engclinicaci4\app\Controllers\Equipamento.php(136): view('equipamento/ord...', Array)
#4 C:\Users\João Vitor\Documents\engclinicaci4\system\CodeIgniter.php(918): App\Controllers\Equipamento->ordem('0')
#5 C:\Users\João Vitor\Documents\engclinicaci4\system\CodeIgniter.php(404): CodeIgniter\CodeIgniter->runController(Object(App\Controllers\Equipamento))
#6 C:\Users\João Vitor\Documents\engclinicaci4\system\CodeIgniter.php(312): CodeIgniter\CodeIgniter->handleRequest(NULL, Object(Config\Cache), false)
#7 C:\Users\João Vitor\Documents\engclinicaci4\public\index.php(45): CodeIgniter\CodeIgniter->run()
#8 C:\Users\João Vitor\Documents\engclinicaci4\system\Commands\Server\rewrite.php(34): require_once('C:\\Users\\Jo\xC3\xA3o ...')
#9 {main}
CRITICAL - 2022-03-13 10:06:01 --> Invalid argument supplied for foreach()
#0 C:\Users\João Vitor\Documents\engclinicaci4\app\Views\equipamento\ordem.php(431): CodeIgniter\Debug\Exceptions->errorHandler(2, 'Invalid argumen...', 'C:\\Users\\Jo\xC3\xA3o ...', 431, Array)
#1 C:\Users\João Vitor\Documents\engclinicaci4\system\View\View.php(246): include('C:\\Users\\Jo\xC3\xA3o ...')
#2 C:\Users\João Vitor\Documents\engclinicaci4\system\Common.php(1119): CodeIgniter\View\View->render('equipamento/ord...', Array, true)
#3 C:\Users\João Vitor\Documents\engclinicaci4\app\Controllers\Equipamento.php(136): view('equipamento/ord...', Array)
#4 C:\Users\João Vitor\Documents\engclinicaci4\system\CodeIgniter.php(918): App\Controllers\Equipamento->ordem('0')
#5 C:\Users\João Vitor\Documents\engclinicaci4\system\CodeIgniter.php(404): CodeIgniter\CodeIgniter->runController(Object(App\Controllers\Equipamento))
#6 C:\Users\João Vitor\Documents\engclinicaci4\system\CodeIgniter.php(312): CodeIgniter\CodeIgniter->handleRequest(NULL, Object(Config\Cache), false)
#7 C:\Users\João Vitor\Documents\engclinicaci4\public\index.php(45): CodeIgniter\CodeIgniter->run()
#8 C:\Users\João Vitor\Documents\engclinicaci4\system\Commands\Server\rewrite.php(34): require_once('C:\\Users\\Jo\xC3\xA3o ...')
#9 {main}
CRITICAL - 2022-03-13 10:06:25 --> Invalid argument supplied for foreach()
#0 C:\Users\João Vitor\Documents\engclinicaci4\app\Views\equipamento\ordem.php(431): CodeIgniter\Debug\Exceptions->errorHandler(2, 'Invalid argumen...', 'C:\\Users\\Jo\xC3\xA3o ...', 431, Array)
#1 C:\Users\João Vitor\Documents\engclinicaci4\system\View\View.php(246): include('C:\\Users\\Jo\xC3\xA3o ...')
#2 C:\Users\João Vitor\Documents\engclinicaci4\system\Common.php(1119): CodeIgniter\View\View->render('equipamento/ord...', Array, true)
#3 C:\Users\João Vitor\Documents\engclinicaci4\app\Controllers\Equipamento.php(136): view('equipamento/ord...', Array)
#4 C:\Users\João Vitor\Documents\engclinicaci4\system\CodeIgniter.php(918): App\Controllers\Equipamento->ordem('0')
#5 C:\Users\João Vitor\Documents\engclinicaci4\system\CodeIgniter.php(404): CodeIgniter\CodeIgniter->runController(Object(App\Controllers\Equipamento))
#6 C:\Users\João Vitor\Documents\engclinicaci4\system\CodeIgniter.php(312): CodeIgniter\CodeIgniter->handleRequest(NULL, Object(Config\Cache), false)
#7 C:\Users\João Vitor\Documents\engclinicaci4\public\index.php(45): CodeIgniter\CodeIgniter->run()
#8 C:\Users\João Vitor\Documents\engclinicaci4\system\Commands\Server\rewrite.php(34): require_once('C:\\Users\\Jo\xC3\xA3o ...')
#9 {main}
CRITICAL - 2022-03-13 10:06:30 --> Invalid argument supplied for foreach()
#0 C:\Users\João Vitor\Documents\engclinicaci4\app\Views\equipamento\ordem.php(1056): CodeIgniter\Debug\Exceptions->errorHandler(2, 'Invalid argumen...', 'C:\\Users\\Jo\xC3\xA3o ...', 1056, Array)
#1 C:\Users\João Vitor\Documents\engclinicaci4\system\View\View.php(246): include('C:\\Users\\Jo\xC3\xA3o ...')
#2 C:\Users\João Vitor\Documents\engclinicaci4\system\Common.php(1119): CodeIgniter\View\View->render('equipamento/ord...', Array, true)
#3 C:\Users\João Vitor\Documents\engclinicaci4\app\Controllers\Equipamento.php(136): view('equipamento/ord...', Array)
#4 C:\Users\João Vitor\Documents\engclinicaci4\system\CodeIgniter.php(918): App\Controllers\Equipamento->ordem('0')
#5 C:\Users\João Vitor\Documents\engclinicaci4\system\CodeIgniter.php(404): CodeIgniter\CodeIgniter->runController(Object(App\Controllers\Equipamento))
#6 C:\Users\João Vitor\Documents\engclinicaci4\system\CodeIgniter.php(312): CodeIgniter\CodeIgniter->handleRequest(NULL, Object(Config\Cache), false)
#7 C:\Users\João Vitor\Documents\engclinicaci4\public\index.php(45): CodeIgniter\CodeIgniter->run()
#8 C:\Users\João Vitor\Documents\engclinicaci4\system\Commands\Server\rewrite.php(34): require_once('C:\\Users\\Jo\xC3\xA3o ...')
#9 {main}
CRITICAL - 2022-03-13 10:07:24 --> Invalid argument supplied for foreach()
#0 C:\Users\João Vitor\Documents\engclinicaci4\app\Views\equipamento\ordem.php(1056): CodeIgniter\Debug\Exceptions->errorHandler(2, 'Invalid argumen...', 'C:\\Users\\Jo\xC3\xA3o ...', 1056, Array)
#1 C:\Users\João Vitor\Documents\engclinicaci4\system\View\View.php(246): include('C:\\Users\\Jo\xC3\xA3o ...')
#2 C:\Users\João Vitor\Documents\engclinicaci4\system\Common.php(1119): CodeIgniter\View\View->render('equipamento/ord...', Array, true)
#3 C:\Users\João Vitor\Documents\engclinicaci4\app\Controllers\Equipamento.php(136): view('equipamento/ord...', Array)
#4 C:\Users\João Vitor\Documents\engclinicaci4\system\CodeIgniter.php(918): App\Controllers\Equipamento->ordem('0')
#5 C:\Users\João Vitor\Documents\engclinicaci4\system\CodeIgniter.php(404): CodeIgniter\CodeIgniter->runController(Object(App\Controllers\Equipamento))
#6 C:\Users\João Vitor\Documents\engclinicaci4\system\CodeIgniter.php(312): CodeIgniter\CodeIgniter->handleRequest(NULL, Object(Config\Cache), false)
#7 C:\Users\João Vitor\Documents\engclinicaci4\public\index.php(45): CodeIgniter\CodeIgniter->run()
#8 C:\Users\João Vitor\Documents\engclinicaci4\system\Commands\Server\rewrite.php(34): require_once('C:\\Users\\Jo\xC3\xA3o ...')
#9 {main}
CRITICAL - 2022-03-13 10:07:31 --> Invalid argument supplied for foreach()
#0 C:\Users\João Vitor\Documents\engclinicaci4\app\Views\equipamento\ordem.php(1093): CodeIgniter\Debug\Exceptions->errorHandler(2, 'Invalid argumen...', 'C:\\Users\\Jo\xC3\xA3o ...', 1093, Array)
#1 C:\Users\João Vitor\Documents\engclinicaci4\system\View\View.php(246): include('C:\\Users\\Jo\xC3\xA3o ...')
#2 C:\Users\João Vitor\Documents\engclinicaci4\system\Common.php(1119): CodeIgniter\View\View->render('equipamento/ord...', Array, true)
#3 C:\Users\João Vitor\Documents\engclinicaci4\app\Controllers\Equipamento.php(136): view('equipamento/ord...', Array)
#4 C:\Users\João Vitor\Documents\engclinicaci4\system\CodeIgniter.php(918): App\Controllers\Equipamento->ordem('0')
#5 C:\Users\João Vitor\Documents\engclinicaci4\system\CodeIgniter.php(404): CodeIgniter\CodeIgniter->runController(Object(App\Controllers\Equipamento))
#6 C:\Users\João Vitor\Documents\engclinicaci4\system\CodeIgniter.php(312): CodeIgniter\CodeIgniter->handleRequest(NULL, Object(Config\Cache), false)
#7 C:\Users\João Vitor\Documents\engclinicaci4\public\index.php(45): CodeIgniter\CodeIgniter->run()
#8 C:\Users\João Vitor\Documents\engclinicaci4\system\Commands\Server\rewrite.php(34): require_once('C:\\Users\\Jo\xC3\xA3o ...')
#9 {main}
CRITICAL - 2022-03-13 10:07:49 --> Invalid argument supplied for foreach()
#0 C:\Users\João Vitor\Documents\engclinicaci4\app\Views\equipamento\ordem.php(1130): CodeIgniter\Debug\Exceptions->errorHandler(2, 'Invalid argumen...', 'C:\\Users\\Jo\xC3\xA3o ...', 1130, Array)
#1 C:\Users\João Vitor\Documents\engclinicaci4\system\View\View.php(246): include('C:\\Users\\Jo\xC3\xA3o ...')
#2 C:\Users\João Vitor\Documents\engclinicaci4\system\Common.php(1119): CodeIgniter\View\View->render('equipamento/ord...', Array, true)
#3 C:\Users\João Vitor\Documents\engclinicaci4\app\Controllers\Equipamento.php(136): view('equipamento/ord...', Array)
#4 C:\Users\João Vitor\Documents\engclinicaci4\system\CodeIgniter.php(918): App\Controllers\Equipamento->ordem('0')
#5 C:\Users\João Vitor\Documents\engclinicaci4\system\CodeIgniter.php(404): CodeIgniter\CodeIgniter->runController(Object(App\Controllers\Equipamento))
#6 C:\Users\João Vitor\Documents\engclinicaci4\system\CodeIgniter.php(312): CodeIgniter\CodeIgniter->handleRequest(NULL, Object(Config\Cache), false)
#7 C:\Users\João Vitor\Documents\engclinicaci4\public\index.php(45): CodeIgniter\CodeIgniter->run()
#8 C:\Users\João Vitor\Documents\engclinicaci4\system\Commands\Server\rewrite.php(34): require_once('C:\\Users\\Jo\xC3\xA3o ...')
#9 {main}
CRITICAL - 2022-03-13 10:08:06 --> Invalid argument supplied for foreach()
#0 C:\Users\João Vitor\Documents\engclinicaci4\app\Views\equipamento\ordem.php(1167): CodeIgniter\Debug\Exceptions->errorHandler(2, 'Invalid argumen...', 'C:\\Users\\Jo\xC3\xA3o ...', 1167, Array)
#1 C:\Users\João Vitor\Documents\engclinicaci4\system\View\View.php(246): include('C:\\Users\\Jo\xC3\xA3o ...')
#2 C:\Users\João Vitor\Documents\engclinicaci4\system\Common.php(1119): CodeIgniter\View\View->render('equipamento/ord...', Array, true)
#3 C:\Users\João Vitor\Documents\engclinicaci4\app\Controllers\Equipamento.php(136): view('equipamento/ord...', Array)
#4 C:\Users\João Vitor\Documents\engclinicaci4\system\CodeIgniter.php(918): App\Controllers\Equipamento->ordem('0')
#5 C:\Users\João Vitor\Documents\engclinicaci4\system\CodeIgniter.php(404): CodeIgniter\CodeIgniter->runController(Object(App\Controllers\Equipamento))
#6 C:\Users\João Vitor\Documents\engclinicaci4\system\CodeIgniter.php(312): CodeIgniter\CodeIgniter->handleRequest(NULL, Object(Config\Cache), false)
#7 C:\Users\João Vitor\Documents\engclinicaci4\public\index.php(45): CodeIgniter\CodeIgniter->run()
#8 C:\Users\João Vitor\Documents\engclinicaci4\system\Commands\Server\rewrite.php(34): require_once('C:\\Users\\Jo\xC3\xA3o ...')
#9 {main}
CRITICAL - 2022-03-13 10:08:24 --> Invalid argument supplied for foreach()
#0 C:\Users\João Vitor\Documents\engclinicaci4\app\Views\equipamento\ordem.php(1204): CodeIgniter\Debug\Exceptions->errorHandler(2, 'Invalid argumen...', 'C:\\Users\\Jo\xC3\xA3o ...', 1204, Array)
#1 C:\Users\João Vitor\Documents\engclinicaci4\system\View\View.php(246): include('C:\\Users\\Jo\xC3\xA3o ...')
#2 C:\Users\João Vitor\Documents\engclinicaci4\system\Common.php(1119): CodeIgniter\View\View->render('equipamento/ord...', Array, true)
#3 C:\Users\João Vitor\Documents\engclinicaci4\app\Controllers\Equipamento.php(136): view('equipamento/ord...', Array)
#4 C:\Users\João Vitor\Documents\engclinicaci4\system\CodeIgniter.php(918): App\Controllers\Equipamento->ordem('0')
#5 C:\Users\João Vitor\Documents\engclinicaci4\system\CodeIgniter.php(404): CodeIgniter\CodeIgniter->runController(Object(App\Controllers\Equipamento))
#6 C:\Users\João Vitor\Documents\engclinicaci4\system\CodeIgniter.php(312): CodeIgniter\CodeIgniter->handleRequest(NULL, Object(Config\Cache), false)
#7 C:\Users\João Vitor\Documents\engclinicaci4\public\index.php(45): CodeIgniter\CodeIgniter->run()
#8 C:\Users\João Vitor\Documents\engclinicaci4\system\Commands\Server\rewrite.php(34): require_once('C:\\Users\\Jo\xC3\xA3o ...')
#9 {main}
CRITICAL - 2022-03-13 10:15:28 --> Class 'App\Models\OspreventivaModel' not found
#0 C:\Users\João Vitor\Documents\engclinicaci4\system\CodeIgniter.php(918): App\Controllers\Tiposdeordem->delete('13', '0')
#1 C:\Users\João Vitor\Documents\engclinicaci4\system\CodeIgniter.php(404): CodeIgniter\CodeIgniter->runController(Object(App\Controllers\Tiposdeordem))
#2 C:\Users\João Vitor\Documents\engclinicaci4\system\CodeIgniter.php(312): CodeIgniter\CodeIgniter->handleRequest(NULL, Object(Config\Cache), false)
#3 C:\Users\João Vitor\Documents\engclinicaci4\public\index.php(45): CodeIgniter\CodeIgniter->run()
#4 C:\Users\João Vitor\Documents\engclinicaci4\system\Commands\Server\rewrite.php(34): require_once('C:\\Users\\Jo\xC3\xA3o ...')
#5 {main}
CRITICAL - 2022-03-13 10:16:11 --> Class 'App\Models\OspreventivaModel' not found
#0 C:\Users\João Vitor\Documents\engclinicaci4\system\CodeIgniter.php(918): App\Controllers\Tiposdeordem->delete('13', '0')
#1 C:\Users\João Vitor\Documents\engclinicaci4\system\CodeIgniter.php(404): CodeIgniter\CodeIgniter->runController(Object(App\Controllers\Tiposdeordem))
#2 C:\Users\João Vitor\Documents\engclinicaci4\system\CodeIgniter.php(312): CodeIgniter\CodeIgniter->handleRequest(NULL, Object(Config\Cache), false)
#3 C:\Users\João Vitor\Documents\engclinicaci4\public\index.php(45): CodeIgniter\CodeIgniter->run()
#4 C:\Users\João Vitor\Documents\engclinicaci4\system\Commands\Server\rewrite.php(34): require_once('C:\\Users\\Jo\xC3\xA3o ...')
#5 {main}
CRITICAL - 2022-03-13 10:16:17 --> Class 'App\Models\OspreventivaModel' not found
#0 C:\Users\João Vitor\Documents\engclinicaci4\system\CodeIgniter.php(918): App\Controllers\Tiposdeordem->delete('13', '0')
#1 C:\Users\João Vitor\Documents\engclinicaci4\system\CodeIgniter.php(404): CodeIgniter\CodeIgniter->runController(Object(App\Controllers\Tiposdeordem))
#2 C:\Users\João Vitor\Documents\engclinicaci4\system\CodeIgniter.php(312): CodeIgniter\CodeIgniter->handleRequest(NULL, Object(Config\Cache), false)
#3 C:\Users\João Vitor\Documents\engclinicaci4\public\index.php(45): CodeIgniter\CodeIgniter->run()
#4 C:\Users\João Vitor\Documents\engclinicaci4\system\Commands\Server\rewrite.php(34): require_once('C:\\Users\\Jo\xC3\xA3o ...')
#5 {main}
CRITICAL - 2022-03-13 10:16:18 --> Class 'App\Models\OspreventivaModel' not found
#0 C:\Users\João Vitor\Documents\engclinicaci4\system\CodeIgniter.php(918): App\Controllers\Tiposdeordem->delete('13', '0')
#1 C:\Users\João Vitor\Documents\engclinicaci4\system\CodeIgniter.php(404): CodeIgniter\CodeIgniter->runController(Object(App\Controllers\Tiposdeordem))
#2 C:\Users\João Vitor\Documents\engclinicaci4\system\CodeIgniter.php(312): CodeIgniter\CodeIgniter->handleRequest(NULL, Object(Config\Cache), false)
#3 C:\Users\João Vitor\Documents\engclinicaci4\public\index.php(45): CodeIgniter\CodeIgniter->run()
#4 C:\Users\João Vitor\Documents\engclinicaci4\system\Commands\Server\rewrite.php(34): require_once('C:\\Users\\Jo\xC3\xA3o ...')
#5 {main}
CRITICAL - 2022-03-13 10:16:18 --> Class 'App\Models\OspreventivaModel' not found
#0 C:\Users\João Vitor\Documents\engclinicaci4\system\CodeIgniter.php(918): App\Controllers\Tiposdeordem->delete('13', '0')
#1 C:\Users\João Vitor\Documents\engclinicaci4\system\CodeIgniter.php(404): CodeIgniter\CodeIgniter->runController(Object(App\Controllers\Tiposdeordem))
#2 C:\Users\João Vitor\Documents\engclinicaci4\system\CodeIgniter.php(312): CodeIgniter\CodeIgniter->handleRequest(NULL, Object(Config\Cache), false)
#3 C:\Users\João Vitor\Documents\engclinicaci4\public\index.php(45): CodeIgniter\CodeIgniter->run()
#4 C:\Users\João Vitor\Documents\engclinicaci4\system\Commands\Server\rewrite.php(34): require_once('C:\\Users\\Jo\xC3\xA3o ...')
#5 {main}
CRITICAL - 2022-03-13 10:16:19 --> Class 'App\Models\OspreventivaModel' not found
#0 C:\Users\João Vitor\Documents\engclinicaci4\system\CodeIgniter.php(918): App\Controllers\Tiposdeordem->delete('13', '0')
#1 C:\Users\João Vitor\Documents\engclinicaci4\system\CodeIgniter.php(404): CodeIgniter\CodeIgniter->runController(Object(App\Controllers\Tiposdeordem))
#2 C:\Users\João Vitor\Documents\engclinicaci4\system\CodeIgniter.php(312): CodeIgniter\CodeIgniter->handleRequest(NULL, Object(Config\Cache), false)
#3 C:\Users\João Vitor\Documents\engclinicaci4\public\index.php(45): CodeIgniter\CodeIgniter->run()
#4 C:\Users\João Vitor\Documents\engclinicaci4\system\Commands\Server\rewrite.php(34): require_once('C:\\Users\\Jo\xC3\xA3o ...')
#5 {main}
CRITICAL - 2022-03-13 10:17:08 --> Class 'App\Controllers\OrdemModel' not found
#0 C:\Users\João Vitor\Documents\engclinicaci4\system\CodeIgniter.php(918): App\Controllers\Tiposdeordem->delete('13', '0')
#1 C:\Users\João Vitor\Documents\engclinicaci4\system\CodeIgniter.php(404): CodeIgniter\CodeIgniter->runController(Object(App\Controllers\Tiposdeordem))
#2 C:\Users\João Vitor\Documents\engclinicaci4\system\CodeIgniter.php(312): CodeIgniter\CodeIgniter->handleRequest(NULL, Object(Config\Cache), false)
#3 C:\Users\João Vitor\Documents\engclinicaci4\public\index.php(45): CodeIgniter\CodeIgniter->run()
#4 C:\Users\João Vitor\Documents\engclinicaci4\system\Commands\Server\rewrite.php(34): require_once('C:\\Users\\Jo\xC3\xA3o ...')
#5 {main}
CRITICAL - 2022-03-13 11:45:33 --> The target table vw_equipamento_setor of the INSERT is not insertable-into
#0 C:\Users\João Vitor\Documents\engclinicaci4\system\Database\MySQLi\Connection.php(331): mysqli->query('INSERT INTO `vw...')
#1 C:\Users\João Vitor\Documents\engclinicaci4\system\Database\BaseConnection.php(741): CodeIgniter\Database\MySQLi\Connection->execute('INSERT INTO `vw...')
#2 C:\Users\João Vitor\Documents\engclinicaci4\system\Database\BaseConnection.php(669): CodeIgniter\Database\BaseConnection->simpleQuery('INSERT INTO `vw...')
#3 C:\Users\João Vitor\Documents\engclinicaci4\system\Database\BaseBuilder.php(2249): CodeIgniter\Database\BaseConnection->query('INSERT INTO `vw...', Array, false)
#4 C:\Users\João Vitor\Documents\engclinicaci4\system\Model.php(755): CodeIgniter\Database\BaseBuilder->insert()
#5 C:\Users\João Vitor\Documents\engclinicaci4\system\Model.php(574): CodeIgniter\Model->insert(Array, false)
#6 C:\Users\João Vitor\Documents\engclinicaci4\app\Controllers\Equipamento.php(62): CodeIgniter\Model->save(Array)
#7 C:\Users\João Vitor\Documents\engclinicaci4\system\CodeIgniter.php(918): App\Controllers\Equipamento->store()
#8 C:\Users\João Vitor\Documents\engclinicaci4\system\CodeIgniter.php(404): CodeIgniter\CodeIgniter->runController(Object(App\Controllers\Equipamento))
#9 C:\Users\João Vitor\Documents\engclinicaci4\system\CodeIgniter.php(312): CodeIgniter\CodeIgniter->handleRequest(NULL, Object(Config\Cache), false)
#10 C:\Users\João Vitor\Documents\engclinicaci4\public\index.php(45): CodeIgniter\CodeIgniter->run()
#11 C:\Users\João Vitor\Documents\engclinicaci4\system\Commands\Server\rewrite.php(34): require_once('C:\\Users\\Jo\xC3\xA3o ...')
#12 {main}
CRITICAL - 2022-03-13 15:15:16 --> The target table vw_equipamento_setor of the INSERT is not insertable-into
#0 C:\Users\João Vitor\Documents\engclinicaci4\system\Database\MySQLi\Connection.php(331): mysqli->query('INSERT INTO `vw...')
#1 C:\Users\João Vitor\Documents\engclinicaci4\system\Database\BaseConnection.php(741): CodeIgniter\Database\MySQLi\Connection->execute('INSERT INTO `vw...')
#2 C:\Users\João Vitor\Documents\engclinicaci4\system\Database\BaseConnection.php(669): CodeIgniter\Database\BaseConnection->simpleQuery('INSERT INTO `vw...')
#3 C:\Users\João Vitor\Documents\engclinicaci4\system\Database\BaseBuilder.php(2249): CodeIgniter\Database\BaseConnection->query('INSERT INTO `vw...', Array, false)
#4 C:\Users\João Vitor\Documents\engclinicaci4\system\Model.php(755): CodeIgniter\Database\BaseBuilder->insert()
#5 C:\Users\João Vitor\Documents\engclinicaci4\system\Model.php(574): CodeIgniter\Model->insert(Array, false)
#6 C:\Users\João Vitor\Documents\engclinicaci4\app\Controllers\Equipamento.php(62): CodeIgniter\Model->save(Array)
#7 C:\Users\João Vitor\Documents\engclinicaci4\system\CodeIgniter.php(918): App\Controllers\Equipamento->store()
#8 C:\Users\João Vitor\Documents\engclinicaci4\system\CodeIgniter.php(404): CodeIgniter\CodeIgniter->runController(Object(App\Controllers\Equipamento))
#9 C:\Users\João Vitor\Documents\engclinicaci4\system\CodeIgniter.php(312): CodeIgniter\CodeIgniter->handleRequest(NULL, Object(Config\Cache), false)
#10 C:\Users\João Vitor\Documents\engclinicaci4\public\index.php(45): CodeIgniter\CodeIgniter->run()
#11 C:\Users\João Vitor\Documents\engclinicaci4\system\Commands\Server\rewrite.php(34): require_once('C:\\Users\\Jo\xC3\xA3o ...')
#12 {main}
CRITICAL - 2022-03-13 15:15:45 --> The target table vw_equipamento_setor of the INSERT is not insertable-into
#0 C:\Users\João Vitor\Documents\engclinicaci4\system\Database\MySQLi\Connection.php(331): mysqli->query('INSERT INTO `vw...')
#1 C:\Users\João Vitor\Documents\engclinicaci4\system\Database\BaseConnection.php(741): CodeIgniter\Database\MySQLi\Connection->execute('INSERT INTO `vw...')
#2 C:\Users\João Vitor\Documents\engclinicaci4\system\Database\BaseConnection.php(669): CodeIgniter\Database\BaseConnection->simpleQuery('INSERT INTO `vw...')
#3 C:\Users\João Vitor\Documents\engclinicaci4\system\Database\BaseBuilder.php(2249): CodeIgniter\Database\BaseConnection->query('INSERT INTO `vw...', Array, false)
#4 C:\Users\João Vitor\Documents\engclinicaci4\system\Model.php(755): CodeIgniter\Database\BaseBuilder->insert()
#5 C:\Users\João Vitor\Documents\engclinicaci4\system\Model.php(574): CodeIgniter\Model->insert(Array, false)
#6 C:\Users\João Vitor\Documents\engclinicaci4\app\Controllers\Equipamento.php(62): CodeIgniter\Model->save(Array)
#7 C:\Users\João Vitor\Documents\engclinicaci4\system\CodeIgniter.php(918): App\Controllers\Equipamento->store()
#8 C:\Users\João Vitor\Documents\engclinicaci4\system\CodeIgniter.php(404): CodeIgniter\CodeIgniter->runController(Object(App\Controllers\Equipamento))
#9 C:\Users\João Vitor\Documents\engclinicaci4\system\CodeIgniter.php(312): CodeIgniter\CodeIgniter->handleRequest(NULL, Object(Config\Cache), false)
#10 C:\Users\João Vitor\Documents\engclinicaci4\public\index.php(45): CodeIgniter\CodeIgniter->run()
#11 C:\Users\João Vitor\Documents\engclinicaci4\system\Commands\Server\rewrite.php(34): require_once('C:\\Users\\Jo\xC3\xA3o ...')
#12 {main}
CRITICAL - 2022-03-13 15:16:21 --> The target table vw_equipamento_setor of the INSERT is not insertable-into
#0 C:\Users\João Vitor\Documents\engclinicaci4\system\Database\MySQLi\Connection.php(331): mysqli->query('INSERT INTO `vw...')
#1 C:\Users\João Vitor\Documents\engclinicaci4\system\Database\BaseConnection.php(741): CodeIgniter\Database\MySQLi\Connection->execute('INSERT INTO `vw...')
#2 C:\Users\João Vitor\Documents\engclinicaci4\system\Database\BaseConnection.php(669): CodeIgniter\Database\BaseConnection->simpleQuery('INSERT INTO `vw...')
#3 C:\Users\João Vitor\Documents\engclinicaci4\system\Database\BaseBuilder.php(2249): CodeIgniter\Database\BaseConnection->query('INSERT INTO `vw...', Array, false)
#4 C:\Users\João Vitor\Documents\engclinicaci4\system\Model.php(755): CodeIgniter\Database\BaseBuilder->insert()
#5 C:\Users\João Vitor\Documents\engclinicaci4\system\Model.php(574): CodeIgniter\Model->insert(Array, false)
#6 C:\Users\João Vitor\Documents\engclinicaci4\app\Controllers\Equipamento.php(62): CodeIgniter\Model->save(Array)
#7 C:\Users\João Vitor\Documents\engclinicaci4\system\CodeIgniter.php(918): App\Controllers\Equipamento->store()
#8 C:\Users\João Vitor\Documents\engclinicaci4\system\CodeIgniter.php(404): CodeIgniter\CodeIgniter->runController(Object(App\Controllers\Equipamento))
#9 C:\Users\João Vitor\Documents\engclinicaci4\system\CodeIgniter.php(312): CodeIgniter\CodeIgniter->handleRequest(NULL, Object(Config\Cache), false)
#10 C:\Users\João Vitor\Documents\engclinicaci4\public\index.php(45): CodeIgniter\CodeIgniter->run()
#11 C:\Users\João Vitor\Documents\engclinicaci4\system\Commands\Server\rewrite.php(34): require_once('C:\\Users\\Jo\xC3\xA3o ...')
#12 {main}
CRITICAL - 2022-03-13 15:18:02 --> The target table vw_equipamento_setor of the INSERT is not insertable-into
#0 C:\Users\João Vitor\Documents\engclinicaci4\system\Database\MySQLi\Connection.php(331): mysqli->query('INSERT INTO `vw...')
#1 C:\Users\João Vitor\Documents\engclinicaci4\system\Database\BaseConnection.php(741): CodeIgniter\Database\MySQLi\Connection->execute('INSERT INTO `vw...')
#2 C:\Users\João Vitor\Documents\engclinicaci4\system\Database\BaseConnection.php(669): CodeIgniter\Database\BaseConnection->simpleQuery('INSERT INTO `vw...')
#3 C:\Users\João Vitor\Documents\engclinicaci4\system\Database\BaseBuilder.php(2249): CodeIgniter\Database\BaseConnection->query('INSERT INTO `vw...', Array, false)
#4 C:\Users\João Vitor\Documents\engclinicaci4\system\Model.php(755): CodeIgniter\Database\BaseBuilder->insert()
#5 C:\Users\João Vitor\Documents\engclinicaci4\system\Model.php(574): CodeIgniter\Model->insert(Array, false)
#6 C:\Users\João Vitor\Documents\engclinicaci4\app\Controllers\Equipamento.php(62): CodeIgniter\Model->save(Array)
#7 C:\Users\João Vitor\Documents\engclinicaci4\system\CodeIgniter.php(918): App\Controllers\Equipamento->store()
#8 C:\Users\João Vitor\Documents\engclinicaci4\system\CodeIgniter.php(404): CodeIgniter\CodeIgniter->runController(Object(App\Controllers\Equipamento))
#9 C:\Users\João Vitor\Documents\engclinicaci4\system\CodeIgniter.php(312): CodeIgniter\CodeIgniter->handleRequest(NULL, Object(Config\Cache), false)
#10 C:\Users\João Vitor\Documents\engclinicaci4\public\index.php(45): CodeIgniter\CodeIgniter->run()
#11 C:\Users\João Vitor\Documents\engclinicaci4\system\Commands\Server\rewrite.php(34): require_once('C:\\Users\\Jo\xC3\xA3o ...')
#12 {main}
CRITICAL - 2022-03-13 15:20:37 --> The target table vw_equipamento_setor of the INSERT is not insertable-into
#0 C:\Users\João Vitor\Documents\engclinicaci4\system\Database\MySQLi\Connection.php(331): mysqli->query('INSERT INTO `vw...')
#1 C:\Users\João Vitor\Documents\engclinicaci4\system\Database\BaseConnection.php(741): CodeIgniter\Database\MySQLi\Connection->execute('INSERT INTO `vw...')
#2 C:\Users\João Vitor\Documents\engclinicaci4\system\Database\BaseConnection.php(669): CodeIgniter\Database\BaseConnection->simpleQuery('INSERT INTO `vw...')
#3 C:\Users\João Vitor\Documents\engclinicaci4\system\Database\BaseBuilder.php(2249): CodeIgniter\Database\BaseConnection->query('INSERT INTO `vw...', Array, false)
#4 C:\Users\João Vitor\Documents\engclinicaci4\system\Model.php(755): CodeIgniter\Database\BaseBuilder->insert()
#5 C:\Users\João Vitor\Documents\engclinicaci4\system\Model.php(574): CodeIgniter\Model->insert(Array, false)
#6 C:\Users\João Vitor\Documents\engclinicaci4\app\Controllers\Equipamento.php(62): CodeIgniter\Model->save(Array)
#7 C:\Users\João Vitor\Documents\engclinicaci4\system\CodeIgniter.php(918): App\Controllers\Equipamento->store()
#8 C:\Users\João Vitor\Documents\engclinicaci4\system\CodeIgniter.php(404): CodeIgniter\CodeIgniter->runController(Object(App\Controllers\Equipamento))
#9 C:\Users\João Vitor\Documents\engclinicaci4\system\CodeIgniter.php(312): CodeIgniter\CodeIgniter->handleRequest(NULL, Object(Config\Cache), false)
#10 C:\Users\João Vitor\Documents\engclinicaci4\public\index.php(45): CodeIgniter\CodeIgniter->run()
#11 C:\Users\João Vitor\Documents\engclinicaci4\system\Commands\Server\rewrite.php(34): require_once('C:\\Users\\Jo\xC3\xA3o ...')
#12 {main}
CRITICAL - 2022-03-13 15:21:55 --> The target table vw_equipamento_setor of the INSERT is not insertable-into
#0 C:\Users\João Vitor\Documents\engclinicaci4\system\Database\MySQLi\Connection.php(331): mysqli->query('INSERT INTO `vw...')
#1 C:\Users\João Vitor\Documents\engclinicaci4\system\Database\BaseConnection.php(741): CodeIgniter\Database\MySQLi\Connection->execute('INSERT INTO `vw...')
#2 C:\Users\João Vitor\Documents\engclinicaci4\system\Database\BaseConnection.php(669): CodeIgniter\Database\BaseConnection->simpleQuery('INSERT INTO `vw...')
#3 C:\Users\João Vitor\Documents\engclinicaci4\system\Database\BaseBuilder.php(2249): CodeIgniter\Database\BaseConnection->query('INSERT INTO `vw...', Array, false)
#4 C:\Users\João Vitor\Documents\engclinicaci4\system\Model.php(755): CodeIgniter\Database\BaseBuilder->insert()
#5 C:\Users\João Vitor\Documents\engclinicaci4\system\Model.php(574): CodeIgniter\Model->insert(Array, false)
#6 C:\Users\João Vitor\Documents\engclinicaci4\app\Controllers\Equipamento.php(62): CodeIgniter\Model->save(Array)
#7 C:\Users\João Vitor\Documents\engclinicaci4\system\CodeIgniter.php(918): App\Controllers\Equipamento->store()
#8 C:\Users\João Vitor\Documents\engclinicaci4\system\CodeIgniter.php(404): CodeIgniter\CodeIgniter->runController(Object(App\Controllers\Equipamento))
#9 C:\Users\João Vitor\Documents\engclinicaci4\system\CodeIgniter.php(312): CodeIgniter\CodeIgniter->handleRequest(NULL, Object(Config\Cache), false)
#10 C:\Users\João Vitor\Documents\engclinicaci4\public\index.php(45): CodeIgniter\CodeIgniter->run()
#11 C:\Users\João Vitor\Documents\engclinicaci4\system\Commands\Server\rewrite.php(34): require_once('C:\\Users\\Jo\xC3\xA3o ...')
#12 {main}
