CRITICAL - 2021-09-20 12:47:13 --> Invalid file: welcome_message.php
#0 C:\xampp\htdocs\crud_basicao\system\View\View.php(198): CodeIgniter\Exceptions\FrameworkException::forInvalidFile('welcome_message...')
#1 C:\xampp\htdocs\crud_basicao\system\Common.php(1092): CodeIgniter\View\View->render('welcome_message', Array, true)
#2 C:\xampp\htdocs\crud_basicao\app\Controllers\Home.php(9): view('welcome_message')
#3 C:\xampp\htdocs\crud_basicao\system\CodeIgniter.php(802): App\Controllers\Home->index()
#4 C:\xampp\htdocs\crud_basicao\system\CodeIgniter.php(399): CodeIgniter\CodeIgniter->runController(Object(App\Controllers\Home))
#5 C:\xampp\htdocs\crud_basicao\system\CodeIgniter.php(317): CodeIgniter\CodeIgniter->handleRequest(NULL, Object(Config\Cache), false)
#6 C:\xampp\htdocs\crud_basicao\public\index.php(37): CodeIgniter\CodeIgniter->run()
#7 C:\xampp\htdocs\crud_basicao\system\Commands\Server\rewrite.php(43): require_once('C:\\xampp\\htdocs...')
#8 {main}
CRITICAL - 2021-09-20 13:21:08 --> Call to undefined function form_open()
#0 C:\xampp\htdocs\crud_basicao\system\View\View.php(214): include()
#1 C:\xampp\htdocs\crud_basicao\system\View\View.php(217): CodeIgniter\View\View->CodeIgniter\View\{closure}()
#2 C:\xampp\htdocs\crud_basicao\system\Common.php(1092): CodeIgniter\View\View->render('form', Array, true)
#3 C:\xampp\htdocs\crud_basicao\app\Controllers\Cliente.php(31): view('form')
#4 C:\xampp\htdocs\crud_basicao\system\CodeIgniter.php(802): App\Controllers\Cliente->create()
#5 C:\xampp\htdocs\crud_basicao\system\CodeIgniter.php(399): CodeIgniter\CodeIgniter->runController(Object(App\Controllers\Cliente))
#6 C:\xampp\htdocs\crud_basicao\system\CodeIgniter.php(317): CodeIgniter\CodeIgniter->handleRequest(NULL, Object(Config\Cache), false)
#7 C:\xampp\htdocs\crud_basicao\public\index.php(37): CodeIgniter\CodeIgniter->run()
#8 C:\xampp\htdocs\crud_basicao\system\Commands\Server\rewrite.php(43): require_once('C:\\xampp\\htdocs...')
#9 {main}
CRITICAL - 2021-09-20 13:31:05 --> Invalid file: common/headar.php
#0 C:\xampp\htdocs\crud_basicao\system\View\View.php(198): CodeIgniter\Exceptions\FrameworkException::forInvalidFile('common/headar.p...')
#1 C:\xampp\htdocs\crud_basicao\system\Common.php(1092): CodeIgniter\View\View->render('common/headar', Array, true)
#2 C:\xampp\htdocs\crud_basicao\app\Controllers\Mensagem.php(16): view('common/headar')
#3 C:\xampp\htdocs\crud_basicao\system\CodeIgniter.php(802): App\Controllers\Mensagem->index()
#4 C:\xampp\htdocs\crud_basicao\system\CodeIgniter.php(399): CodeIgniter\CodeIgniter->runController(Object(App\Controllers\Mensagem))
#5 C:\xampp\htdocs\crud_basicao\system\CodeIgniter.php(317): CodeIgniter\CodeIgniter->handleRequest(NULL, Object(Config\Cache), false)
#6 C:\xampp\htdocs\crud_basicao\public\index.php(37): CodeIgniter\CodeIgniter->run()
#7 C:\xampp\htdocs\crud_basicao\system\Commands\Server\rewrite.php(43): require_once('C:\\xampp\\htdocs...')
#8 {main}
CRITICAL - 2021-09-20 13:43:05 --> Undefined variable: dadosCliente
#0 C:\xampp\htdocs\crud_basicao\app\Views\form.php(12): CodeIgniter\Debug\Exceptions->errorHandler(8, 'Undefined varia...', 'C:\\xampp\\htdocs...', 12, Array)
#1 C:\xampp\htdocs\crud_basicao\system\View\View.php(214): include('C:\\xampp\\htdocs...')
#2 C:\xampp\htdocs\crud_basicao\system\View\View.php(217): CodeIgniter\View\View->CodeIgniter\View\{closure}()
#3 C:\xampp\htdocs\crud_basicao\system\Common.php(1092): CodeIgniter\View\View->render('form', Array, true)
#4 C:\xampp\htdocs\crud_basicao\app\Controllers\Cliente.php(31): view('form')
#5 C:\xampp\htdocs\crud_basicao\system\CodeIgniter.php(802): App\Controllers\Cliente->create()
#6 C:\xampp\htdocs\crud_basicao\system\CodeIgniter.php(399): CodeIgniter\CodeIgniter->runController(Object(App\Controllers\Cliente))
#7 C:\xampp\htdocs\crud_basicao\system\CodeIgniter.php(317): CodeIgniter\CodeIgniter->handleRequest(NULL, Object(Config\Cache), false)
#8 C:\xampp\htdocs\crud_basicao\public\index.php(37): CodeIgniter\CodeIgniter->run()
#9 C:\xampp\htdocs\crud_basicao\system\Commands\Server\rewrite.php(43): require_once('C:\\xampp\\htdocs...')
#10 {main}
CRITICAL - 2021-09-20 15:07:39 --> Illegal string offset 'telefone'
#0 C:\xampp\htdocs\crud_basicao\app\Views\form.php(31): CodeIgniter\Debug\Exceptions->errorHandler(2, 'Illegal string ...', 'C:\\xampp\\htdocs...', 31, Array)
#1 C:\xampp\htdocs\crud_basicao\system\View\View.php(214): include('C:\\xampp\\htdocs...')
#2 C:\xampp\htdocs\crud_basicao\system\View\View.php(217): CodeIgniter\View\View->CodeIgniter\View\{closure}()
#3 C:\xampp\htdocs\crud_basicao\system\Common.php(1092): CodeIgniter\View\View->render('form', Array, true)
#4 C:\xampp\htdocs\crud_basicao\app\Controllers\Cliente.php(85): view('form', Array)
#5 C:\xampp\htdocs\crud_basicao\system\CodeIgniter.php(802): App\Controllers\Cliente->edit('1')
#6 C:\xampp\htdocs\crud_basicao\system\CodeIgniter.php(399): CodeIgniter\CodeIgniter->runController(Object(App\Controllers\Cliente))
#7 C:\xampp\htdocs\crud_basicao\system\CodeIgniter.php(317): CodeIgniter\CodeIgniter->handleRequest(NULL, Object(Config\Cache), false)
#8 C:\xampp\htdocs\crud_basicao\public\index.php(37): CodeIgniter\CodeIgniter->run()
#9 C:\xampp\htdocs\crud_basicao\system\Commands\Server\rewrite.php(43): require_once('C:\\xampp\\htdocs...')
#10 {main}
CRITICAL - 2021-09-20 15:25:51 --> Undefined variable: id_cliente
#0 C:\xampp\htdocs\crud_basicao\app\Views\form_telefone.php(15): CodeIgniter\Debug\Exceptions->errorHandler(8, 'Undefined varia...', 'C:\\xampp\\htdocs...', 15, Array)
#1 C:\xampp\htdocs\crud_basicao\system\View\View.php(214): include('C:\\xampp\\htdocs...')
#2 C:\xampp\htdocs\crud_basicao\system\View\View.php(217): CodeIgniter\View\View->CodeIgniter\View\{closure}()
#3 C:\xampp\htdocs\crud_basicao\system\Common.php(1092): CodeIgniter\View\View->render('form_telefone', Array, true)
#4 C:\xampp\htdocs\crud_basicao\app\Controllers\Telefone.php(17): view('form_telefone')
#5 C:\xampp\htdocs\crud_basicao\system\CodeIgniter.php(802): App\Controllers\Telefone->create('5')
#6 C:\xampp\htdocs\crud_basicao\system\CodeIgniter.php(399): CodeIgniter\CodeIgniter->runController(Object(App\Controllers\Telefone))
#7 C:\xampp\htdocs\crud_basicao\system\CodeIgniter.php(317): CodeIgniter\CodeIgniter->handleRequest(NULL, Object(Config\Cache), false)
#8 C:\xampp\htdocs\crud_basicao\public\index.php(37): CodeIgniter\CodeIgniter->run()
#9 C:\xampp\htdocs\crud_basicao\system\Commands\Server\rewrite.php(43): require_once('C:\\xampp\\htdocs...')
#10 {main}
CRITICAL - 2021-09-20 15:46:35 --> Undefined variable: telefonesCliente
#0 C:\xampp\htdocs\crud_basicao\app\Views\form.php(42): CodeIgniter\Debug\Exceptions->errorHandler(8, 'Undefined varia...', 'C:\\xampp\\htdocs...', 42, Array)
#1 C:\xampp\htdocs\crud_basicao\system\View\View.php(214): include('C:\\xampp\\htdocs...')
#2 C:\xampp\htdocs\crud_basicao\system\View\View.php(217): CodeIgniter\View\View->CodeIgniter\View\{closure}()
#3 C:\xampp\htdocs\crud_basicao\system\Common.php(1092): CodeIgniter\View\View->render('form', Array, true)
#4 C:\xampp\htdocs\crud_basicao\app\Controllers\Cliente.php(32): view('form')
#5 C:\xampp\htdocs\crud_basicao\system\CodeIgniter.php(802): App\Controllers\Cliente->create()
#6 C:\xampp\htdocs\crud_basicao\system\CodeIgniter.php(399): CodeIgniter\CodeIgniter->runController(Object(App\Controllers\Cliente))
#7 C:\xampp\htdocs\crud_basicao\system\CodeIgniter.php(317): CodeIgniter\CodeIgniter->handleRequest(NULL, Object(Config\Cache), false)
#8 C:\xampp\htdocs\crud_basicao\public\index.php(37): CodeIgniter\CodeIgniter->run()
#9 C:\xampp\htdocs\crud_basicao\system\Commands\Server\rewrite.php(43): require_once('C:\\xampp\\htdocs...')
#10 {main}
CRITICAL - 2021-09-20 15:49:57 --> Call to a member function insetID() on bool
#0 C:\xampp\htdocs\crud_basicao\system\CodeIgniter.php(802): App\Controllers\Cliente->store()
#1 C:\xampp\htdocs\crud_basicao\system\CodeIgniter.php(399): CodeIgniter\CodeIgniter->runController(Object(App\Controllers\Cliente))
#2 C:\xampp\htdocs\crud_basicao\system\CodeIgniter.php(317): CodeIgniter\CodeIgniter->handleRequest(NULL, Object(Config\Cache), false)
#3 C:\xampp\htdocs\crud_basicao\public\index.php(37): CodeIgniter\CodeIgniter->run()
#4 C:\xampp\htdocs\crud_basicao\system\Commands\Server\rewrite.php(43): require_once('C:\\xampp\\htdocs...')
#5 {main}
CRITICAL - 2021-09-20 15:50:03 --> Call to a member function insertID() on bool
#0 C:\xampp\htdocs\crud_basicao\system\CodeIgniter.php(802): App\Controllers\Cliente->store()
#1 C:\xampp\htdocs\crud_basicao\system\CodeIgniter.php(399): CodeIgniter\CodeIgniter->runController(Object(App\Controllers\Cliente))
#2 C:\xampp\htdocs\crud_basicao\system\CodeIgniter.php(317): CodeIgniter\CodeIgniter->handleRequest(NULL, Object(Config\Cache), false)
#3 C:\xampp\htdocs\crud_basicao\public\index.php(37): CodeIgniter\CodeIgniter->run()
#4 C:\xampp\htdocs\crud_basicao\system\Commands\Server\rewrite.php(43): require_once('C:\\xampp\\htdocs...')
#5 {main}
CRITICAL - 2021-09-20 15:51:01 --> Call to undefined method App\Models\ClienteModel::insertID
#0 C:\xampp\htdocs\crud_basicao\app\Controllers\Cliente.php(48): CodeIgniter\Model->__call('insertID', Array)
#1 C:\xampp\htdocs\crud_basicao\system\CodeIgniter.php(802): App\Controllers\Cliente->store()
#2 C:\xampp\htdocs\crud_basicao\system\CodeIgniter.php(399): CodeIgniter\CodeIgniter->runController(Object(App\Controllers\Cliente))
#3 C:\xampp\htdocs\crud_basicao\system\CodeIgniter.php(317): CodeIgniter\CodeIgniter->handleRequest(NULL, Object(Config\Cache), false)
#4 C:\xampp\htdocs\crud_basicao\public\index.php(37): CodeIgniter\CodeIgniter->run()
#5 C:\xampp\htdocs\crud_basicao\system\Commands\Server\rewrite.php(43): require_once('C:\\xampp\\htdocs...')
#6 {main}
