CRITICAL - 2022-02-17 14:44:52 --> Unable to connect to the database.
#0 C:\Users\João Vitor\Documents\engclinicaci4\system\Database\BaseConnection.php(646): CodeIgniter\Database\BaseConnection->initialize()
#1 C:\Users\João Vitor\Documents\engclinicaci4\system\Database\BaseBuilder.php(1860): CodeIgniter\Database\BaseConnection->query('SELECT *\nFROM `...', Array, false)
#2 C:\Users\João Vitor\Documents\engclinicaci4\system\Model.php(506): CodeIgniter\Database\BaseBuilder->get()
#3 C:\Users\João Vitor\Documents\engclinicaci4\app\Models\UsuarioModel.php(63): CodeIgniter\Model->first()
#4 C:\Users\João Vitor\Documents\engclinicaci4\app\Controllers\Login.php(25): App\Models\UsuarioModel->getByEmail('joaovitormonsor...')
#5 C:\Users\João Vitor\Documents\engclinicaci4\system\CodeIgniter.php(918): App\Controllers\Login->signIn()
#6 C:\Users\João Vitor\Documents\engclinicaci4\system\CodeIgniter.php(404): CodeIgniter\CodeIgniter->runController(Object(App\Controllers\Login))
#7 C:\Users\João Vitor\Documents\engclinicaci4\system\CodeIgniter.php(312): CodeIgniter\CodeIgniter->handleRequest(NULL, Object(Config\Cache), false)
#8 C:\Users\João Vitor\Documents\engclinicaci4\public\index.php(45): CodeIgniter\CodeIgniter->run()
#9 C:\Users\João Vitor\Documents\engclinicaci4\system\Commands\Server\rewrite.php(34): require_once('C:\\Users\\Jo\xC3\xA3o ...')
#10 {main}
CRITICAL - 2022-02-17 14:46:34 --> Unable to connect to the database.
#0 C:\Users\João Vitor\Documents\engclinicaci4\system\Database\BaseConnection.php(646): CodeIgniter\Database\BaseConnection->initialize()
#1 C:\Users\João Vitor\Documents\engclinicaci4\system\Database\BaseBuilder.php(1860): CodeIgniter\Database\BaseConnection->query('SELECT *\nFROM `...', Array, false)
#2 C:\Users\João Vitor\Documents\engclinicaci4\system\Model.php(506): CodeIgniter\Database\BaseBuilder->get()
#3 C:\Users\João Vitor\Documents\engclinicaci4\app\Models\UsuarioModel.php(63): CodeIgniter\Model->first()
#4 C:\Users\João Vitor\Documents\engclinicaci4\app\Controllers\Login.php(25): App\Models\UsuarioModel->getByEmail('joaovitormonsor...')
#5 C:\Users\João Vitor\Documents\engclinicaci4\system\CodeIgniter.php(918): App\Controllers\Login->signIn()
#6 C:\Users\João Vitor\Documents\engclinicaci4\system\CodeIgniter.php(404): CodeIgniter\CodeIgniter->runController(Object(App\Controllers\Login))
#7 C:\Users\João Vitor\Documents\engclinicaci4\system\CodeIgniter.php(312): CodeIgniter\CodeIgniter->handleRequest(NULL, Object(Config\Cache), false)
#8 C:\Users\João Vitor\Documents\engclinicaci4\public\index.php(45): CodeIgniter\CodeIgniter->run()
#9 C:\Users\João Vitor\Documents\engclinicaci4\system\Commands\Server\rewrite.php(34): require_once('C:\\Users\\Jo\xC3\xA3o ...')
#10 {main}
CRITICAL - 2022-02-17 14:46:48 --> Unable to connect to the database.
#0 C:\Users\João Vitor\Documents\engclinicaci4\system\Database\BaseConnection.php(646): CodeIgniter\Database\BaseConnection->initialize()
#1 C:\Users\João Vitor\Documents\engclinicaci4\system\Database\BaseBuilder.php(1860): CodeIgniter\Database\BaseConnection->query('SELECT *\nFROM `...', Array, false)
#2 C:\Users\João Vitor\Documents\engclinicaci4\system\Model.php(506): CodeIgniter\Database\BaseBuilder->get()
#3 C:\Users\João Vitor\Documents\engclinicaci4\app\Models\UsuarioModel.php(63): CodeIgniter\Model->first()
#4 C:\Users\João Vitor\Documents\engclinicaci4\app\Controllers\Login.php(25): App\Models\UsuarioModel->getByEmail('joaovitormonsor...')
#5 C:\Users\João Vitor\Documents\engclinicaci4\system\CodeIgniter.php(918): App\Controllers\Login->signIn()
#6 C:\Users\João Vitor\Documents\engclinicaci4\system\CodeIgniter.php(404): CodeIgniter\CodeIgniter->runController(Object(App\Controllers\Login))
#7 C:\Users\João Vitor\Documents\engclinicaci4\system\CodeIgniter.php(312): CodeIgniter\CodeIgniter->handleRequest(NULL, Object(Config\Cache), false)
#8 C:\Users\João Vitor\Documents\engclinicaci4\public\index.php(45): CodeIgniter\CodeIgniter->run()
#9 C:\Users\João Vitor\Documents\engclinicaci4\system\Commands\Server\rewrite.php(34): require_once('C:\\Users\\Jo\xC3\xA3o ...')
#10 {main}
CRITICAL - 2022-02-17 14:46:49 --> Unable to connect to the database.
#0 C:\Users\João Vitor\Documents\engclinicaci4\system\Database\BaseConnection.php(646): CodeIgniter\Database\BaseConnection->initialize()
#1 C:\Users\João Vitor\Documents\engclinicaci4\system\Database\BaseBuilder.php(1860): CodeIgniter\Database\BaseConnection->query('SELECT *\nFROM `...', Array, false)
#2 C:\Users\João Vitor\Documents\engclinicaci4\system\Model.php(506): CodeIgniter\Database\BaseBuilder->get()
#3 C:\Users\João Vitor\Documents\engclinicaci4\app\Models\UsuarioModel.php(63): CodeIgniter\Model->first()
#4 C:\Users\João Vitor\Documents\engclinicaci4\app\Controllers\Login.php(25): App\Models\UsuarioModel->getByEmail('joaovitormonsor...')
#5 C:\Users\João Vitor\Documents\engclinicaci4\system\CodeIgniter.php(918): App\Controllers\Login->signIn()
#6 C:\Users\João Vitor\Documents\engclinicaci4\system\CodeIgniter.php(404): CodeIgniter\CodeIgniter->runController(Object(App\Controllers\Login))
#7 C:\Users\João Vitor\Documents\engclinicaci4\system\CodeIgniter.php(312): CodeIgniter\CodeIgniter->handleRequest(NULL, Object(Config\Cache), false)
#8 C:\Users\João Vitor\Documents\engclinicaci4\public\index.php(45): CodeIgniter\CodeIgniter->run()
#9 C:\Users\João Vitor\Documents\engclinicaci4\system\Commands\Server\rewrite.php(34): require_once('C:\\Users\\Jo\xC3\xA3o ...')
#10 {main}
CRITICAL - 2022-02-17 14:47:15 --> Unable to connect to the database.
#0 C:\Users\João Vitor\Documents\engclinicaci4\system\Database\BaseConnection.php(646): CodeIgniter\Database\BaseConnection->initialize()
#1 C:\Users\João Vitor\Documents\engclinicaci4\system\Database\BaseBuilder.php(1860): CodeIgniter\Database\BaseConnection->query('SELECT *\nFROM `...', Array, false)
#2 C:\Users\João Vitor\Documents\engclinicaci4\system\Model.php(506): CodeIgniter\Database\BaseBuilder->get()
#3 C:\Users\João Vitor\Documents\engclinicaci4\app\Models\UsuarioModel.php(63): CodeIgniter\Model->first()
#4 C:\Users\João Vitor\Documents\engclinicaci4\app\Controllers\Login.php(25): App\Models\UsuarioModel->getByEmail('joaovitormonsor...')
#5 C:\Users\João Vitor\Documents\engclinicaci4\system\CodeIgniter.php(918): App\Controllers\Login->signIn()
#6 C:\Users\João Vitor\Documents\engclinicaci4\system\CodeIgniter.php(404): CodeIgniter\CodeIgniter->runController(Object(App\Controllers\Login))
#7 C:\Users\João Vitor\Documents\engclinicaci4\system\CodeIgniter.php(312): CodeIgniter\CodeIgniter->handleRequest(NULL, Object(Config\Cache), false)
#8 C:\Users\João Vitor\Documents\engclinicaci4\public\index.php(45): CodeIgniter\CodeIgniter->run()
#9 C:\Users\João Vitor\Documents\engclinicaci4\system\Commands\Server\rewrite.php(34): require_once('C:\\Users\\Jo\xC3\xA3o ...')
#10 {main}
CRITICAL - 2022-02-17 14:47:16 --> Unable to connect to the database.
#0 C:\Users\João Vitor\Documents\engclinicaci4\system\Database\BaseConnection.php(646): CodeIgniter\Database\BaseConnection->initialize()
#1 C:\Users\João Vitor\Documents\engclinicaci4\system\Database\BaseBuilder.php(1860): CodeIgniter\Database\BaseConnection->query('SELECT *\nFROM `...', Array, false)
#2 C:\Users\João Vitor\Documents\engclinicaci4\system\Model.php(506): CodeIgniter\Database\BaseBuilder->get()
#3 C:\Users\João Vitor\Documents\engclinicaci4\app\Models\UsuarioModel.php(63): CodeIgniter\Model->first()
#4 C:\Users\João Vitor\Documents\engclinicaci4\app\Controllers\Login.php(25): App\Models\UsuarioModel->getByEmail('joaovitormonsor...')
#5 C:\Users\João Vitor\Documents\engclinicaci4\system\CodeIgniter.php(918): App\Controllers\Login->signIn()
#6 C:\Users\João Vitor\Documents\engclinicaci4\system\CodeIgniter.php(404): CodeIgniter\CodeIgniter->runController(Object(App\Controllers\Login))
#7 C:\Users\João Vitor\Documents\engclinicaci4\system\CodeIgniter.php(312): CodeIgniter\CodeIgniter->handleRequest(NULL, Object(Config\Cache), false)
#8 C:\Users\João Vitor\Documents\engclinicaci4\public\index.php(45): CodeIgniter\CodeIgniter->run()
#9 C:\Users\João Vitor\Documents\engclinicaci4\system\Commands\Server\rewrite.php(34): require_once('C:\\Users\\Jo\xC3\xA3o ...')
#10 {main}
CRITICAL - 2022-02-17 14:49:04 --> Unable to connect to the database.
#0 C:\Users\João Vitor\Documents\engclinicaci4\system\Database\BaseConnection.php(646): CodeIgniter\Database\BaseConnection->initialize()
#1 C:\Users\João Vitor\Documents\engclinicaci4\system\Database\BaseBuilder.php(1860): CodeIgniter\Database\BaseConnection->query('SELECT *\nFROM `...', Array, false)
#2 C:\Users\João Vitor\Documents\engclinicaci4\system\Model.php(506): CodeIgniter\Database\BaseBuilder->get()
#3 C:\Users\João Vitor\Documents\engclinicaci4\app\Models\UsuarioModel.php(63): CodeIgniter\Model->first()
#4 C:\Users\João Vitor\Documents\engclinicaci4\app\Controllers\Login.php(25): App\Models\UsuarioModel->getByEmail('joaovitormonsor...')
#5 C:\Users\João Vitor\Documents\engclinicaci4\system\CodeIgniter.php(918): App\Controllers\Login->signIn()
#6 C:\Users\João Vitor\Documents\engclinicaci4\system\CodeIgniter.php(404): CodeIgniter\CodeIgniter->runController(Object(App\Controllers\Login))
#7 C:\Users\João Vitor\Documents\engclinicaci4\system\CodeIgniter.php(312): CodeIgniter\CodeIgniter->handleRequest(NULL, Object(Config\Cache), false)
#8 C:\Users\João Vitor\Documents\engclinicaci4\public\index.php(45): CodeIgniter\CodeIgniter->run()
#9 C:\Users\João Vitor\Documents\engclinicaci4\system\Commands\Server\rewrite.php(34): require_once('C:\\Users\\Jo\xC3\xA3o ...')
#10 {main}
CRITICAL - 2022-02-17 14:49:06 --> Unable to connect to the database.
#0 C:\Users\João Vitor\Documents\engclinicaci4\system\Database\BaseConnection.php(646): CodeIgniter\Database\BaseConnection->initialize()
#1 C:\Users\João Vitor\Documents\engclinicaci4\system\Database\BaseBuilder.php(1860): CodeIgniter\Database\BaseConnection->query('SELECT *\nFROM `...', Array, false)
#2 C:\Users\João Vitor\Documents\engclinicaci4\system\Model.php(506): CodeIgniter\Database\BaseBuilder->get()
#3 C:\Users\João Vitor\Documents\engclinicaci4\app\Models\UsuarioModel.php(63): CodeIgniter\Model->first()
#4 C:\Users\João Vitor\Documents\engclinicaci4\app\Controllers\Login.php(25): App\Models\UsuarioModel->getByEmail('joaovitormonsor...')
#5 C:\Users\João Vitor\Documents\engclinicaci4\system\CodeIgniter.php(918): App\Controllers\Login->signIn()
#6 C:\Users\João Vitor\Documents\engclinicaci4\system\CodeIgniter.php(404): CodeIgniter\CodeIgniter->runController(Object(App\Controllers\Login))
#7 C:\Users\João Vitor\Documents\engclinicaci4\system\CodeIgniter.php(312): CodeIgniter\CodeIgniter->handleRequest(NULL, Object(Config\Cache), false)
#8 C:\Users\João Vitor\Documents\engclinicaci4\public\index.php(45): CodeIgniter\CodeIgniter->run()
#9 C:\Users\João Vitor\Documents\engclinicaci4\system\Commands\Server\rewrite.php(34): require_once('C:\\Users\\Jo\xC3\xA3o ...')
#10 {main}
CRITICAL - 2022-02-17 14:49:13 --> Unable to connect to the database.
#0 C:\Users\João Vitor\Documents\engclinicaci4\system\Database\BaseConnection.php(646): CodeIgniter\Database\BaseConnection->initialize()
#1 C:\Users\João Vitor\Documents\engclinicaci4\system\Database\BaseBuilder.php(1860): CodeIgniter\Database\BaseConnection->query('SELECT *\nFROM `...', Array, false)
#2 C:\Users\João Vitor\Documents\engclinicaci4\system\Model.php(506): CodeIgniter\Database\BaseBuilder->get()
#3 C:\Users\João Vitor\Documents\engclinicaci4\app\Models\UsuarioModel.php(63): CodeIgniter\Model->first()
#4 C:\Users\João Vitor\Documents\engclinicaci4\app\Controllers\Login.php(25): App\Models\UsuarioModel->getByEmail('joaovitormonsor...')
#5 C:\Users\João Vitor\Documents\engclinicaci4\system\CodeIgniter.php(918): App\Controllers\Login->signIn()
#6 C:\Users\João Vitor\Documents\engclinicaci4\system\CodeIgniter.php(404): CodeIgniter\CodeIgniter->runController(Object(App\Controllers\Login))
#7 C:\Users\João Vitor\Documents\engclinicaci4\system\CodeIgniter.php(312): CodeIgniter\CodeIgniter->handleRequest(NULL, Object(Config\Cache), false)
#8 C:\Users\João Vitor\Documents\engclinicaci4\public\index.php(45): CodeIgniter\CodeIgniter->run()
#9 C:\Users\João Vitor\Documents\engclinicaci4\system\Commands\Server\rewrite.php(34): require_once('C:\\Users\\Jo\xC3\xA3o ...')
#10 {main}
CRITICAL - 2022-02-17 14:49:17 --> Unable to connect to the database.
#0 C:\Users\João Vitor\Documents\engclinicaci4\system\Database\BaseConnection.php(646): CodeIgniter\Database\BaseConnection->initialize()
#1 C:\Users\João Vitor\Documents\engclinicaci4\system\Database\BaseBuilder.php(1860): CodeIgniter\Database\BaseConnection->query('SELECT *\nFROM `...', Array, false)
#2 C:\Users\João Vitor\Documents\engclinicaci4\system\Model.php(506): CodeIgniter\Database\BaseBuilder->get()
#3 C:\Users\João Vitor\Documents\engclinicaci4\app\Models\UsuarioModel.php(63): CodeIgniter\Model->first()
#4 C:\Users\João Vitor\Documents\engclinicaci4\app\Controllers\Login.php(25): App\Models\UsuarioModel->getByEmail('joaovitormonsor...')
#5 C:\Users\João Vitor\Documents\engclinicaci4\system\CodeIgniter.php(918): App\Controllers\Login->signIn()
#6 C:\Users\João Vitor\Documents\engclinicaci4\system\CodeIgniter.php(404): CodeIgniter\CodeIgniter->runController(Object(App\Controllers\Login))
#7 C:\Users\João Vitor\Documents\engclinicaci4\system\CodeIgniter.php(312): CodeIgniter\CodeIgniter->handleRequest(NULL, Object(Config\Cache), false)
#8 C:\Users\João Vitor\Documents\engclinicaci4\public\index.php(45): CodeIgniter\CodeIgniter->run()
#9 C:\Users\João Vitor\Documents\engclinicaci4\system\Commands\Server\rewrite.php(34): require_once('C:\\Users\\Jo\xC3\xA3o ...')
#10 {main}
